#
# A fatal error has been detected by the Java Runtime Environment:
#
#  EXCEPTION_ACCESS_VIOLATION (0xc0000005) at pc=0x00007ffda3a6c7dd, pid=8100, tid=22152
#
# JRE version: OpenJDK Runtime Environment (15.0.1+9) (build 15.0.1+9-18)
# Java VM: OpenJDK 64-Bit Server VM (15.0.1+9-18, mixed mode, sharing, tiered, compressed oops, g1 gc, windows-amd64)
# Problematic frame:
# C  [lwjgl_opengl.dll+0xc7dd]
#
# No core dump will be written. Minidumps are not enabled by default on client versions of Windows
#
# If you would like to submit a bug report, please visit:
#   https://bugreport.java.com/bugreport/crash.jsp
# The crash happened outside the Java Virtual Machine in native code.
# See problematic frame for where to report the bug.
#

---------------  S U M M A R Y ------------

Command Line: -Didea.launcher.port=57440 -Didea.launcher.bin.path=C:\Program Files\JetBrains\IntelliJ IDEA Community Edition 2019.3\bin -Dfile.encoding=UTF-8 com.intellij.rt.execution.application.AppMainV2 org.example.Main

Host: Intel(R) Core(TM) i7-7700 CPU @ 3.60GHz, 8 cores, 11G,  Windows 10 , 64 bit Build 19041 (10.0.19041.3636)
Time: Mon Feb 12 18:54:46 2024 Central Standard Time elapsed time: 0.403662 seconds (0d 0h 0m 0s)

---------------  T H R E A D  ---------------

Current thread (0x000001f068d5d9b0):  JavaThread "main" [_thread_in_native, id=22152, stack(0x0000001fb9100000,0x0000001fb9200000)]

Stack: [0x0000001fb9100000,0x0000001fb9200000],  sp=0x0000001fb91fe4c8,  free space=1017k
Native frames: (J=compiled Java code, j=interpreted, Vv=VM code, C=native code)
C  [lwjgl_opengl.dll+0xc7dd]

Java frames: (J=compiled Java code, j=interpreted, Vv=VM code)
j  org.lwjgl.opengl.GL11C.nglGetIntegerv(IJ)V+0
j  org.lwjgl.opengl.GL11C.glGetInteger(I)I+20
j  org.lwjgl.opengl.GL11.glGetInteger(I)I+1
j  org.example.engine.core.graphics.Graphics.getMaxTextureSize()I+3
j  org.example.engine.core.files.AssetLoaderTexture.<init>()V+5
j  org.example.game.WindowScreenTest_1.<init>()V+9
j  org.example.Main.main([Ljava/lang/String;)V+13
v  ~StubRoutines::call_stub
j  jdk.internal.reflect.NativeMethodAccessorImpl.invoke0(Ljava/lang/reflect/Method;Ljava/lang/Object;[Ljava/lang/Object;)Ljava/lang/Object;+0 java.base@15.0.1
j  jdk.internal.reflect.NativeMethodAccessorImpl.invoke(Ljava/lang/Object;[Ljava/lang/Object;)Ljava/lang/Object;+113 java.base@15.0.1
j  jdk.internal.reflect.DelegatingMethodAccessorImpl.invoke(Ljava/lang/Object;[Ljava/lang/Object;)Ljava/lang/Object;+6 java.base@15.0.1
j  java.lang.reflect.Method.invoke(Ljava/lang/Object;[Ljava/lang/Object;)Ljava/lang/Object;+59 java.base@15.0.1
j  com.intellij.rt.execution.application.AppMainV2.main([Ljava/lang/String;)V+184
v  ~StubRoutines::call_stub

siginfo: EXCEPTION_ACCESS_VIOLATION (0xc0000005), reading address 0x0000000000000300


Register to memory mapping:

RIP=0x00007ffda3a6c7dd lwjgl_opengl.dll
RAX=0x000001f00b0a6e90 points into unknown readable memory: 0x0000000000000000 | 00 00 00 00 00 00 00 00
RBX={method} {0x000001f00a441500} 'nglGetIntegerv' '(IJ)V' in 'org/lwjgl/opengl/GL11C'
RCX=0x0000000000000d33 is an unknown value
RDX=0x000001f00b06d05c points into unknown readable memory: 00 00 00 00
RSP=0x0000001fb91fe4c8 is pointing into the stack for thread: 0x000001f068d5d9b0
RBP=0x0000001fb91fe550 is pointing into the stack for thread: 0x000001f068d5d9b0
RSI=0x000001f00a0fa6a8 is pointing into metadata
RDI=0x000001f070f39c90 is at code_begin+1040 in an Interpreter codelet
invoke return entry points  [0x000001f070f39880, 0x000001f070f3a280]  2560 bytes
R8 =0x0000000000000d33 is an unknown value
R9 =0x000001f00b06d05c points into unknown readable memory: 00 00 00 00
R10=0x0 is NULL
R11=0x000000074ca9c540 is an oop: java.lang.Class 
{0x000000074ca9c540} - klass: 'java/lang/Class'
R12=0x0 is NULL
R13={method} {0x000001f00a441500} 'nglGetIntegerv' '(IJ)V' in 'org/lwjgl/opengl/GL11C'
R14=0x0000001fb91fe580 is pointing into the stack for thread: 0x000001f068d5d9b0
R15=0x000001f068d5d9b0 is a thread


Registers:
RAX=0x000001f00b0a6e90, RBX=0x000001f00a4414f8, RCX=0x0000000000000d33, RDX=0x000001f00b06d05c
RSP=0x0000001fb91fe4c8, RBP=0x0000001fb91fe550, RSI=0x000001f00a0fa6a8, RDI=0x000001f070f39c90
R8 =0x0000000000000d33, R9 =0x000001f00b06d05c, R10=0x0000000000000000, R11=0x000000074ca9c540
R12=0x0000000000000000, R13=0x000001f00a4414f8, R14=0x0000001fb91fe580, R15=0x000001f068d5d9b0
RIP=0x00007ffda3a6c7dd, EFLAGS=0x0000000000010206

Top of Stack: (sp=0x0000001fb91fe4c8)
0x0000001fb91fe4c8:   000001f070f3f177 000001f070f39c90
0x0000001fb91fe4d8:   000001f070f3ee72 000001f00a4414f8
0x0000001fb91fe4e8:   000001f00a0fa6a8 0000001fb91fe568
0x0000001fb91fe4f8:   000001f070f39c90 000001f070f3ee16
0x0000001fb91fe508:   0000001fb91fe508 000001f00a4414f8
0x0000001fb91fe518:   0000001fb91fe580 000001f00a44ae20
0x0000001fb91fe528:   0000000000000000 000000074ca9c540
0x0000001fb91fe538:   000001f00a4414f8 0000000000000000
0x0000001fb91fe548:   0000001fb91fe570 0000001fb91fe5d0
0x0000001fb91fe558:   000001f070f3a1aa 000000074ca9c540
0x0000001fb91fe568:   000001f070f3c218 000001f00b06d05c
0x0000001fb91fe578:   0000000000000000 0000000000000d33
0x0000001fb91fe588:   0000001fb91fe588 000001f00a4416b4
0x0000001fb91fe598:   0000001fb91fe608 000001f00a44ae20
0x0000001fb91fe5a8:   0000000000000000 000000074ca9c540
0x0000001fb91fe5b8:   000001f00a441738 0000001fb91fe570 

Instructions: (pc=0x00007ffda3a6c7dd)
0x00007ffda3a6c6dd:   cc cc cc 40 53 48 8b 01 41 8b d8 44 8b 44 24 30
0x00007ffda3a6c6ed:   41 8b d1 4c 8b 4c 24 38 8b cb 4c 8b 50 18 5b 49
0x00007ffda3a6c6fd:   ff a2 f8 01 00 00 cc cc cc cc cc cc cc cc cc cc
0x00007ffda3a6c70d:   cc cc cc 48 8b 01 48 8b 48 18 48 ff a1 98 02 00
0x00007ffda3a6c71d:   00 cc cc 48 8b 01 48 8b 48 18 48 ff a1 a0 02 00
0x00007ffda3a6c72d:   00 cc cc 48 8b 01 41 8b c8 48 8b 50 18 48 ff a2
0x00007ffda3a6c73d:   c8 02 00 00 cc cc cc cc cc cc cc cc cc cc cc cc
0x00007ffda3a6c74d:   cc cc cc 48 8b 01 49 8b d1 41 8b c8 4c 8b 50 18
0x00007ffda3a6c75d:   49 ff a2 d8 02 00 00 cc cc cc cc cc cc cc cc cc
0x00007ffda3a6c76d:   cc cc cc 48 8b 01 49 8b d1 41 8b c8 4c 8b 50 18
0x00007ffda3a6c77d:   49 ff a2 e0 02 00 00 cc cc cc cc cc cc cc cc cc
0x00007ffda3a6c78d:   cc cc cc 48 8b 01 49 8b d1 41 8b c8 4c 8b 50 18
0x00007ffda3a6c79d:   49 ff a2 f0 02 00 00 cc cc cc cc cc cc cc cc cc
0x00007ffda3a6c7ad:   cc cc cc 48 8b 01 49 8b d1 41 8b c8 4c 8b 50 18
0x00007ffda3a6c7bd:   49 ff a2 f8 02 00 00 cc cc cc cc cc cc cc cc cc
0x00007ffda3a6c7cd:   cc cc cc 48 8b 01 49 8b d1 41 8b c8 4c 8b 50 18
0x00007ffda3a6c7dd:   49 ff a2 00 03 00 00 cc cc cc cc cc cc cc cc cc
0x00007ffda3a6c7ed:   cc cc cc 48 8b 01 49 8b d1 41 8b c8 4c 8b 50 18
0x00007ffda3a6c7fd:   49 ff a2 08 03 00 00 cc cc cc cc cc cc cc cc cc
0x00007ffda3a6c80d:   cc cc cc 48 8b 01 48 8b 48 18 48 8b 81 10 03 00
0x00007ffda3a6c81d:   00 48 ff e0 cc cc cc cc cc cc cc cc cc cc cc cc
0x00007ffda3a6c82d:   cc cc cc 48 8b 01 49 8b d1 41 8b c8 4c 8b 50 18
0x00007ffda3a6c83d:   49 ff a2 68 03 00 00 cc cc cc cc cc cc cc cc cc
0x00007ffda3a6c84d:   cc cc cc 48 8b 01 48 8b 48 18 48 8b 81 78 03 00
0x00007ffda3a6c85d:   00 41 8b c8 48 ff e0 cc cc cc cc cc cc cc cc cc
0x00007ffda3a6c86d:   cc cc cc 40 53 48 8b 01 41 8b d8 44 8b 44 24 30
0x00007ffda3a6c87d:   41 8b d1 44 8b 4c 24 38 8b cb 4c 8b 50 18 48 8b
0x00007ffda3a6c88d:   44 24 40 48 89 44 24 30 5b 49 ff a2 a8 03 00 00
0x00007ffda3a6c89d:   cc cc cc 40 53 48 8b 01 41 8b d8 44 8b 44 24 30
0x00007ffda3a6c8ad:   41 8b d1 4c 8b 4c 24 38 8b cb 4c 8b 50 18 5b 49
0x00007ffda3a6c8bd:   ff a2 b0 03 00 00 cc cc cc cc cc cc cc cc cc cc
0x00007ffda3a6c8cd:   cc cc cc 40 53 48 8b 01 41 8b d8 44 8b 44 24 30 


Stack slot to memory mapping:
stack at sp + 0 slots: 0x000001f070f3f177 is at code_begin+1047 in an Interpreter codelet
method entry point (kind = native)  [0x000001f070f3ed60, 0x000001f070f3f7e0]  2688 bytes
stack at sp + 1 slots: 0x000001f070f39c90 is at code_begin+1040 in an Interpreter codelet
invoke return entry points  [0x000001f070f39880, 0x000001f070f3a280]  2560 bytes
stack at sp + 2 slots: 0x000001f070f3ee72 is at code_begin+274 in an Interpreter codelet
method entry point (kind = native)  [0x000001f070f3ed60, 0x000001f070f3f7e0]  2688 bytes
stack at sp + 3 slots: {method} {0x000001f00a441500} 'nglGetIntegerv' '(IJ)V' in 'org/lwjgl/opengl/GL11C'
stack at sp + 4 slots: 0x000001f00a0fa6a8 is pointing into metadata
stack at sp + 5 slots: 0x0000001fb91fe568 is pointing into the stack for thread: 0x000001f068d5d9b0
stack at sp + 6 slots: 0x000001f070f39c90 is at code_begin+1040 in an Interpreter codelet
invoke return entry points  [0x000001f070f39880, 0x000001f070f3a280]  2560 bytes
stack at sp + 7 slots: 0x000001f070f3ee16 is at code_begin+182 in an Interpreter codelet
method entry point (kind = native)  [0x000001f070f3ed60, 0x000001f070f3f7e0]  2688 bytes


---------------  P R O C E S S  ---------------

Threads class SMR info:
_java_thread_list=0x000001f00aadb380, length=13, elements={
0x000001f068d5d9b0, 0x000001f00a72e230, 0x000001f00a72ee00, 0x000001f00a73f650,
0x000001f00a742020, 0x000001f00a742ad0, 0x000001f00a743960, 0x000001f00a747a00,
0x000001f00a752540, 0x000001f00a884580, 0x000001f00a89d580, 0x000001f00a91d880,
0x000001f00aa7a350
}

Java Threads: ( => current thread )
=>0x000001f068d5d9b0 JavaThread "main" [_thread_in_native, id=22152, stack(0x0000001fb9100000,0x0000001fb9200000)]
  0x000001f00a72e230 JavaThread "Reference Handler" daemon [_thread_blocked, id=31316, stack(0x0000001fb9800000,0x0000001fb9900000)]
  0x000001f00a72ee00 JavaThread "Finalizer" daemon [_thread_blocked, id=36048, stack(0x0000001fb9900000,0x0000001fb9a00000)]
  0x000001f00a73f650 JavaThread "Signal Dispatcher" daemon [_thread_blocked, id=27700, stack(0x0000001fb9a00000,0x0000001fb9b00000)]
  0x000001f00a742020 JavaThread "Attach Listener" daemon [_thread_blocked, id=16324, stack(0x0000001fb9b00000,0x0000001fb9c00000)]
  0x000001f00a742ad0 JavaThread "Service Thread" daemon [_thread_blocked, id=11384, stack(0x0000001fb9c00000,0x0000001fb9d00000)]
  0x000001f00a743960 JavaThread "C2 CompilerThread0" daemon [_thread_blocked, id=1856, stack(0x0000001fb9d00000,0x0000001fb9e00000)]
  0x000001f00a747a00 JavaThread "C1 CompilerThread0" daemon [_thread_blocked, id=44244, stack(0x0000001fb9e00000,0x0000001fb9f00000)]
  0x000001f00a752540 JavaThread "Sweeper thread" daemon [_thread_blocked, id=33056, stack(0x0000001fb9f00000,0x0000001fba000000)]
  0x000001f00a884580 JavaThread "Notification Thread" daemon [_thread_blocked, id=44792, stack(0x0000001fba000000,0x0000001fba100000)]
  0x000001f00a89d580 JavaThread "Common-Cleaner" daemon [_thread_blocked, id=20140, stack(0x0000001fba200000,0x0000001fba300000)]
  0x000001f00a91d880 JavaThread "C2 CompilerThread1" daemon [_thread_blocked, id=13044, stack(0x0000001fba300000,0x0000001fba400000)]
  0x000001f00aa7a350 JavaThread "Monitor Ctrl-Break" daemon [_thread_in_native, id=25876, stack(0x0000001fba400000,0x0000001fba500000)]

Other Threads:
  0x000001f00a72b9b0 VMThread "VM Thread" [stack: 0x0000001fb9700000,0x0000001fb9800000] [id=39940]
  0x000001f00a884a50 WatcherThread [stack: 0x0000001fba100000,0x0000001fba200000] [id=20804]
  0x000001f068d9b660 GCTaskThread "GC Thread#0" [stack: 0x0000001fb9200000,0x0000001fb9300000] [id=26492]
  0x000001f068da87c0 ConcurrentGCThread "G1 Main Marker" [stack: 0x0000001fb9300000,0x0000001fb9400000] [id=27216]
  0x000001f068daa3c0 ConcurrentGCThread "G1 Conc#0" [stack: 0x0000001fb9400000,0x0000001fb9500000] [id=21860]
  0x000001f009da0550 ConcurrentGCThread "G1 Refine#0" [stack: 0x0000001fb9500000,0x0000001fb9600000] [id=2880]
  0x000001f009da0f60 ConcurrentGCThread "G1 Young RemSet Sampling" [stack: 0x0000001fb9600000,0x0000001fb9700000] [id=38416]

Threads with active compile tasks:

VM state: not at safepoint (normal execution)

VM Mutex/Monitor currently owned by a thread: None

Heap address: 0x0000000741600000, size: 3050 MB, Compressed Oops mode: Zero based, Oop shift amount: 3
CDS archive(s) mapped at: [0x0000000800000000-0x0000000800b50000-0x0000000800b50000), size 11862016, SharedBaseAddress: 0x0000000800000000, ArchiveRelocationMode: 0.
Compressed class space mapped at: 0x0000000800b50000-0x0000000840b50000, size: 1073741824
Narrow klass base: 0x0000000800000000, Narrow klass shift: 3, Narrow klass range: 0x100000000

GC Precious Log:
 CPUs: 8 total, 8 available
 Memory: 12199M
 Large Page Support: Disabled
 NUMA Support: Disabled
 Compressed Oops: Enabled (Zero based)
 Heap Region Size: 2M
 Heap Min Capacity: 8M
 Heap Initial Capacity: 192M
 Heap Max Capacity: 3050M
 Pre-touch: Disabled
 Parallel Workers: 8
 Concurrent Workers: 2
 Concurrent Refinement Workers: 8
 Periodic GC: Disabled

Heap:
 garbage-first heap   total 196608K, used 10240K [0x0000000741600000, 0x0000000800000000)
  region size 2048K, 6 young (12288K), 0 survivors (0K)
 Metaspace       used 3273K, capacity 5802K, committed 5888K, reserved 1056768K
  class space    used 233K, capacity 484K, committed 512K, reserved 1048576K

Heap Regions: E=young(eden), S=young(survivor), O=old, HS=humongous(starts), HC=humongous(continues), CS=collection set, F=free, OA=open archive, CA=closed archive, TAMS=top-at-mark-start (previous, next)
|   0|0x0000000741600000, 0x0000000741600000, 0x0000000741800000|  0%| F|  |TAMS 0x0000000741600000, 0x0000000741600000| Untracked 
|   1|0x0000000741800000, 0x0000000741800000, 0x0000000741a00000|  0%| F|  |TAMS 0x0000000741800000, 0x0000000741800000| Untracked 
|   2|0x0000000741a00000, 0x0000000741a00000, 0x0000000741c00000|  0%| F|  |TAMS 0x0000000741a00000, 0x0000000741a00000| Untracked 
|   3|0x0000000741c00000, 0x0000000741c00000, 0x0000000741e00000|  0%| F|  |TAMS 0x0000000741c00000, 0x0000000741c00000| Untracked 
|   4|0x0000000741e00000, 0x0000000741e00000, 0x0000000742000000|  0%| F|  |TAMS 0x0000000741e00000, 0x0000000741e00000| Untracked 
|   5|0x0000000742000000, 0x0000000742000000, 0x0000000742200000|  0%| F|  |TAMS 0x0000000742000000, 0x0000000742000000| Untracked 
|   6|0x0000000742200000, 0x0000000742200000, 0x0000000742400000|  0%| F|  |TAMS 0x0000000742200000, 0x0000000742200000| Untracked 
|   7|0x0000000742400000, 0x0000000742400000, 0x0000000742600000|  0%| F|  |TAMS 0x0000000742400000, 0x0000000742400000| Untracked 
|   8|0x0000000742600000, 0x0000000742600000, 0x0000000742800000|  0%| F|  |TAMS 0x0000000742600000, 0x0000000742600000| Untracked 
|   9|0x0000000742800000, 0x0000000742800000, 0x0000000742a00000|  0%| F|  |TAMS 0x0000000742800000, 0x0000000742800000| Untracked 
|  10|0x0000000742a00000, 0x0000000742a00000, 0x0000000742c00000|  0%| F|  |TAMS 0x0000000742a00000, 0x0000000742a00000| Untracked 
|  11|0x0000000742c00000, 0x0000000742c00000, 0x0000000742e00000|  0%| F|  |TAMS 0x0000000742c00000, 0x0000000742c00000| Untracked 
|  12|0x0000000742e00000, 0x0000000742e00000, 0x0000000743000000|  0%| F|  |TAMS 0x0000000742e00000, 0x0000000742e00000| Untracked 
|  13|0x0000000743000000, 0x0000000743000000, 0x0000000743200000|  0%| F|  |TAMS 0x0000000743000000, 0x0000000743000000| Untracked 
|  14|0x0000000743200000, 0x0000000743200000, 0x0000000743400000|  0%| F|  |TAMS 0x0000000743200000, 0x0000000743200000| Untracked 
|  15|0x0000000743400000, 0x0000000743400000, 0x0000000743600000|  0%| F|  |TAMS 0x0000000743400000, 0x0000000743400000| Untracked 
|  16|0x0000000743600000, 0x0000000743600000, 0x0000000743800000|  0%| F|  |TAMS 0x0000000743600000, 0x0000000743600000| Untracked 
|  17|0x0000000743800000, 0x0000000743800000, 0x0000000743a00000|  0%| F|  |TAMS 0x0000000743800000, 0x0000000743800000| Untracked 
|  18|0x0000000743a00000, 0x0000000743a00000, 0x0000000743c00000|  0%| F|  |TAMS 0x0000000743a00000, 0x0000000743a00000| Untracked 
|  19|0x0000000743c00000, 0x0000000743c00000, 0x0000000743e00000|  0%| F|  |TAMS 0x0000000743c00000, 0x0000000743c00000| Untracked 
|  20|0x0000000743e00000, 0x0000000743e00000, 0x0000000744000000|  0%| F|  |TAMS 0x0000000743e00000, 0x0000000743e00000| Untracked 
|  21|0x0000000744000000, 0x0000000744000000, 0x0000000744200000|  0%| F|  |TAMS 0x0000000744000000, 0x0000000744000000| Untracked 
|  22|0x0000000744200000, 0x0000000744200000, 0x0000000744400000|  0%| F|  |TAMS 0x0000000744200000, 0x0000000744200000| Untracked 
|  23|0x0000000744400000, 0x0000000744400000, 0x0000000744600000|  0%| F|  |TAMS 0x0000000744400000, 0x0000000744400000| Untracked 
|  24|0x0000000744600000, 0x0000000744600000, 0x0000000744800000|  0%| F|  |TAMS 0x0000000744600000, 0x0000000744600000| Untracked 
|  25|0x0000000744800000, 0x0000000744800000, 0x0000000744a00000|  0%| F|  |TAMS 0x0000000744800000, 0x0000000744800000| Untracked 
|  26|0x0000000744a00000, 0x0000000744a00000, 0x0000000744c00000|  0%| F|  |TAMS 0x0000000744a00000, 0x0000000744a00000| Untracked 
|  27|0x0000000744c00000, 0x0000000744c00000, 0x0000000744e00000|  0%| F|  |TAMS 0x0000000744c00000, 0x0000000744c00000| Untracked 
|  28|0x0000000744e00000, 0x0000000744e00000, 0x0000000745000000|  0%| F|  |TAMS 0x0000000744e00000, 0x0000000744e00000| Untracked 
|  29|0x0000000745000000, 0x0000000745000000, 0x0000000745200000|  0%| F|  |TAMS 0x0000000745000000, 0x0000000745000000| Untracked 
|  30|0x0000000745200000, 0x0000000745200000, 0x0000000745400000|  0%| F|  |TAMS 0x0000000745200000, 0x0000000745200000| Untracked 
|  31|0x0000000745400000, 0x0000000745400000, 0x0000000745600000|  0%| F|  |TAMS 0x0000000745400000, 0x0000000745400000| Untracked 
|  32|0x0000000745600000, 0x0000000745600000, 0x0000000745800000|  0%| F|  |TAMS 0x0000000745600000, 0x0000000745600000| Untracked 
|  33|0x0000000745800000, 0x0000000745800000, 0x0000000745a00000|  0%| F|  |TAMS 0x0000000745800000, 0x0000000745800000| Untracked 
|  34|0x0000000745a00000, 0x0000000745a00000, 0x0000000745c00000|  0%| F|  |TAMS 0x0000000745a00000, 0x0000000745a00000| Untracked 
|  35|0x0000000745c00000, 0x0000000745c00000, 0x0000000745e00000|  0%| F|  |TAMS 0x0000000745c00000, 0x0000000745c00000| Untracked 
|  36|0x0000000745e00000, 0x0000000745e00000, 0x0000000746000000|  0%| F|  |TAMS 0x0000000745e00000, 0x0000000745e00000| Untracked 
|  37|0x0000000746000000, 0x0000000746000000, 0x0000000746200000|  0%| F|  |TAMS 0x0000000746000000, 0x0000000746000000| Untracked 
|  38|0x0000000746200000, 0x0000000746200000, 0x0000000746400000|  0%| F|  |TAMS 0x0000000746200000, 0x0000000746200000| Untracked 
|  39|0x0000000746400000, 0x0000000746400000, 0x0000000746600000|  0%| F|  |TAMS 0x0000000746400000, 0x0000000746400000| Untracked 
|  40|0x0000000746600000, 0x0000000746600000, 0x0000000746800000|  0%| F|  |TAMS 0x0000000746600000, 0x0000000746600000| Untracked 
|  41|0x0000000746800000, 0x0000000746800000, 0x0000000746a00000|  0%| F|  |TAMS 0x0000000746800000, 0x0000000746800000| Untracked 
|  42|0x0000000746a00000, 0x0000000746a00000, 0x0000000746c00000|  0%| F|  |TAMS 0x0000000746a00000, 0x0000000746a00000| Untracked 
|  43|0x0000000746c00000, 0x0000000746c00000, 0x0000000746e00000|  0%| F|  |TAMS 0x0000000746c00000, 0x0000000746c00000| Untracked 
|  44|0x0000000746e00000, 0x0000000746e00000, 0x0000000747000000|  0%| F|  |TAMS 0x0000000746e00000, 0x0000000746e00000| Untracked 
|  45|0x0000000747000000, 0x0000000747000000, 0x0000000747200000|  0%| F|  |TAMS 0x0000000747000000, 0x0000000747000000| Untracked 
|  46|0x0000000747200000, 0x0000000747200000, 0x0000000747400000|  0%| F|  |TAMS 0x0000000747200000, 0x0000000747200000| Untracked 
|  47|0x0000000747400000, 0x0000000747400000, 0x0000000747600000|  0%| F|  |TAMS 0x0000000747400000, 0x0000000747400000| Untracked 
|  48|0x0000000747600000, 0x0000000747600000, 0x0000000747800000|  0%| F|  |TAMS 0x0000000747600000, 0x0000000747600000| Untracked 
|  49|0x0000000747800000, 0x0000000747800000, 0x0000000747a00000|  0%| F|  |TAMS 0x0000000747800000, 0x0000000747800000| Untracked 
|  50|0x0000000747a00000, 0x0000000747a00000, 0x0000000747c00000|  0%| F|  |TAMS 0x0000000747a00000, 0x0000000747a00000| Untracked 
|  51|0x0000000747c00000, 0x0000000747c00000, 0x0000000747e00000|  0%| F|  |TAMS 0x0000000747c00000, 0x0000000747c00000| Untracked 
|  52|0x0000000747e00000, 0x0000000747e00000, 0x0000000748000000|  0%| F|  |TAMS 0x0000000747e00000, 0x0000000747e00000| Untracked 
|  53|0x0000000748000000, 0x0000000748000000, 0x0000000748200000|  0%| F|  |TAMS 0x0000000748000000, 0x0000000748000000| Untracked 
|  54|0x0000000748200000, 0x0000000748200000, 0x0000000748400000|  0%| F|  |TAMS 0x0000000748200000, 0x0000000748200000| Untracked 
|  55|0x0000000748400000, 0x0000000748400000, 0x0000000748600000|  0%| F|  |TAMS 0x0000000748400000, 0x0000000748400000| Untracked 
|  56|0x0000000748600000, 0x0000000748600000, 0x0000000748800000|  0%| F|  |TAMS 0x0000000748600000, 0x0000000748600000| Untracked 
|  57|0x0000000748800000, 0x0000000748800000, 0x0000000748a00000|  0%| F|  |TAMS 0x0000000748800000, 0x0000000748800000| Untracked 
|  58|0x0000000748a00000, 0x0000000748a00000, 0x0000000748c00000|  0%| F|  |TAMS 0x0000000748a00000, 0x0000000748a00000| Untracked 
|  59|0x0000000748c00000, 0x0000000748c00000, 0x0000000748e00000|  0%| F|  |TAMS 0x0000000748c00000, 0x0000000748c00000| Untracked 
|  60|0x0000000748e00000, 0x0000000748e00000, 0x0000000749000000|  0%| F|  |TAMS 0x0000000748e00000, 0x0000000748e00000| Untracked 
|  61|0x0000000749000000, 0x0000000749000000, 0x0000000749200000|  0%| F|  |TAMS 0x0000000749000000, 0x0000000749000000| Untracked 
|  62|0x0000000749200000, 0x0000000749200000, 0x0000000749400000|  0%| F|  |TAMS 0x0000000749200000, 0x0000000749200000| Untracked 
|  63|0x0000000749400000, 0x0000000749400000, 0x0000000749600000|  0%| F|  |TAMS 0x0000000749400000, 0x0000000749400000| Untracked 
|  64|0x0000000749600000, 0x0000000749600000, 0x0000000749800000|  0%| F|  |TAMS 0x0000000749600000, 0x0000000749600000| Untracked 
|  65|0x0000000749800000, 0x0000000749800000, 0x0000000749a00000|  0%| F|  |TAMS 0x0000000749800000, 0x0000000749800000| Untracked 
|  66|0x0000000749a00000, 0x0000000749a00000, 0x0000000749c00000|  0%| F|  |TAMS 0x0000000749a00000, 0x0000000749a00000| Untracked 
|  67|0x0000000749c00000, 0x0000000749c00000, 0x0000000749e00000|  0%| F|  |TAMS 0x0000000749c00000, 0x0000000749c00000| Untracked 
|  68|0x0000000749e00000, 0x0000000749e00000, 0x000000074a000000|  0%| F|  |TAMS 0x0000000749e00000, 0x0000000749e00000| Untracked 
|  69|0x000000074a000000, 0x000000074a000000, 0x000000074a200000|  0%| F|  |TAMS 0x000000074a000000, 0x000000074a000000| Untracked 
|  70|0x000000074a200000, 0x000000074a200000, 0x000000074a400000|  0%| F|  |TAMS 0x000000074a200000, 0x000000074a200000| Untracked 
|  71|0x000000074a400000, 0x000000074a400000, 0x000000074a600000|  0%| F|  |TAMS 0x000000074a400000, 0x000000074a400000| Untracked 
|  72|0x000000074a600000, 0x000000074a600000, 0x000000074a800000|  0%| F|  |TAMS 0x000000074a600000, 0x000000074a600000| Untracked 
|  73|0x000000074a800000, 0x000000074a800000, 0x000000074aa00000|  0%| F|  |TAMS 0x000000074a800000, 0x000000074a800000| Untracked 
|  74|0x000000074aa00000, 0x000000074aa00000, 0x000000074ac00000|  0%| F|  |TAMS 0x000000074aa00000, 0x000000074aa00000| Untracked 
|  75|0x000000074ac00000, 0x000000074ac00000, 0x000000074ae00000|  0%| F|  |TAMS 0x000000074ac00000, 0x000000074ac00000| Untracked 
|  76|0x000000074ae00000, 0x000000074ae00000, 0x000000074b000000|  0%| F|  |TAMS 0x000000074ae00000, 0x000000074ae00000| Untracked 
|  77|0x000000074b000000, 0x000000074b000000, 0x000000074b200000|  0%| F|  |TAMS 0x000000074b000000, 0x000000074b000000| Untracked 
|  78|0x000000074b200000, 0x000000074b200000, 0x000000074b400000|  0%| F|  |TAMS 0x000000074b200000, 0x000000074b200000| Untracked 
|  79|0x000000074b400000, 0x000000074b400000, 0x000000074b600000|  0%| F|  |TAMS 0x000000074b400000, 0x000000074b400000| Untracked 
|  80|0x000000074b600000, 0x000000074b600000, 0x000000074b800000|  0%| F|  |TAMS 0x000000074b600000, 0x000000074b600000| Untracked 
|  81|0x000000074b800000, 0x000000074b800000, 0x000000074ba00000|  0%| F|  |TAMS 0x000000074b800000, 0x000000074b800000| Untracked 
|  82|0x000000074ba00000, 0x000000074ba00000, 0x000000074bc00000|  0%| F|  |TAMS 0x000000074ba00000, 0x000000074ba00000| Untracked 
|  83|0x000000074bc00000, 0x000000074bc00000, 0x000000074be00000|  0%| F|  |TAMS 0x000000074bc00000, 0x000000074bc00000| Untracked 
|  84|0x000000074be00000, 0x000000074be00000, 0x000000074c000000|  0%| F|  |TAMS 0x000000074be00000, 0x000000074be00000| Untracked 
|  85|0x000000074c000000, 0x000000074c000000, 0x000000074c200000|  0%| F|  |TAMS 0x000000074c000000, 0x000000074c000000| Untracked 
|  86|0x000000074c200000, 0x000000074c200000, 0x000000074c400000|  0%| F|  |TAMS 0x000000074c200000, 0x000000074c200000| Untracked 
|  87|0x000000074c400000, 0x000000074c400000, 0x000000074c600000|  0%| F|  |TAMS 0x000000074c400000, 0x000000074c400000| Untracked 
|  88|0x000000074c600000, 0x000000074c600000, 0x000000074c800000|  0%| F|  |TAMS 0x000000074c600000, 0x000000074c600000| Untracked 
|  89|0x000000074c800000, 0x000000074c800000, 0x000000074ca00000|  0%| F|  |TAMS 0x000000074c800000, 0x000000074c800000| Untracked 
|  90|0x000000074ca00000, 0x000000074cae1be8, 0x000000074cc00000| 44%| E|  |TAMS 0x000000074ca00000, 0x000000074ca00000| Complete 
|  91|0x000000074cc00000, 0x000000074ce00000, 0x000000074ce00000|100%| E|CS|TAMS 0x000000074cc00000, 0x000000074cc00000| Complete 
|  92|0x000000074ce00000, 0x000000074d000000, 0x000000074d000000|100%| E|CS|TAMS 0x000000074ce00000, 0x000000074ce00000| Complete 
|  93|0x000000074d000000, 0x000000074d200000, 0x000000074d200000|100%| E|CS|TAMS 0x000000074d000000, 0x000000074d000000| Complete 
|  94|0x000000074d200000, 0x000000074d400000, 0x000000074d400000|100%| E|CS|TAMS 0x000000074d200000, 0x000000074d200000| Complete 
|  95|0x000000074d400000, 0x000000074d600000, 0x000000074d600000|100%| E|CS|TAMS 0x000000074d400000, 0x000000074d400000| Complete 

Card table byte_map: [0x000001f000930000,0x000001f000f30000] _byte_map_base: 0x000001effcf25000

Marking Bits (Prev, Next): (CMBitMap*) 0x000001f068d9bed0, (CMBitMap*) 0x000001f068d9bf10
 Prev Bits: [0x000001f001530000, 0x000001f0044d8000)
 Next Bits: [0x000001f0044e0000, 0x000001f007488000)

Polling page: 0x000001f066c10000

Metaspace:

Usage:
  Non-class:      5.19 MB capacity,     2.97 MB ( 57%) used,     2.22 MB ( 43%) free+waste,     4.81 KB ( <1%) overhead. 
      Class:    484.00 KB capacity,   233.54 KB ( 48%) used,   248.27 KB ( 51%) free+waste,     2.19 KB ( <1%) overhead. 
       Both:      5.67 MB capacity,     3.20 MB ( 56%) used,     2.46 MB ( 43%) free+waste,     7.00 KB ( <1%) overhead. 

Virtual space:
  Non-class space:        8.00 MB reserved,       5.25 MB ( 66%) committed 
      Class space:        1.00 GB reserved,     512.00 KB ( <1%) committed 
             Both:        1.01 GB reserved,       5.75 MB ( <1%) committed 

Chunk freelists:
   Non-Class:  58.00 KB
       Class:  28.00 KB
        Both:  86.00 KB

MaxMetaspaceSize: 17179869184.00 GB
CompressedClassSpaceSize: 1.00 GB

CodeHeap 'non-profiled nmethods': size=120000Kb used=206Kb max_used=206Kb free=119793Kb
 bounds [0x000001f078a00000, 0x000001f078c70000, 0x000001f07ff30000]
CodeHeap 'profiled nmethods': size=120000Kb used=1007Kb max_used=1007Kb free=118992Kb
 bounds [0x000001f0714d0000, 0x000001f071740000, 0x000001f078a00000]
CodeHeap 'non-nmethods': size=5760Kb used=1598Kb max_used=1616Kb free=4161Kb
 bounds [0x000001f070f30000, 0x000001f0711a0000, 0x000001f0714d0000]
 total_blobs=1613 nmethods=623 adapters=903
 compilation: enabled
              stopped_count=0, restarted_count=0
 full_count=0

Compilation events (20 events):
Event: 0.338 Thread 0x000001f00a747a00 nmethod 612 0x000001f0715c9010 code [0x000001f0715c9340, 0x000001f0715ca3a8]
Event: 0.343 Thread 0x000001f00a747a00  613       3       java.lang.Integer::toUnsignedLong (7 bytes)
Event: 0.343 Thread 0x000001f00a747a00 nmethod 613 0x000001f0715ca990 code [0x000001f0715cab20, 0x000001f0715cac18]
Event: 0.343 Thread 0x000001f00a747a00  614       3       org.lwjgl.system.MemoryUtil::write8 (19 bytes)
Event: 0.343 Thread 0x000001f00a747a00 nmethod 614 0x000001f0715cac90 code [0x000001f0715cae40, 0x000001f0715cb098]
Event: 0.343 Thread 0x000001f00a747a00  615       3       sun.misc.Unsafe::putByte (11 bytes)
Event: 0.343 Thread 0x000001f00a747a00 nmethod 615 0x000001f0715cb190 code [0x000001f0715cb320, 0x000001f0715cb418]
Event: 0.343 Thread 0x000001f00a747a00  617       3       java.nio.CharBuffer::position (8 bytes)
Event: 0.343 Thread 0x000001f00a747a00 nmethod 617 0x000001f0715cb490 code [0x000001f0715cb640, 0x000001f0715cb788]
Event: 0.343 Thread 0x000001f00a91d880  618       4       java.lang.AbstractStringBuilder::append (45 bytes)
Event: 0.344 Thread 0x000001f00a747a00  621       3       sun.misc.Unsafe::putLong (11 bytes)
Event: 0.344 Thread 0x000001f00a747a00 nmethod 621 0x000001f0715cb810 code [0x000001f0715cb9a0, 0x000001f0715cba98]
Event: 0.344 Thread 0x000001f00a747a00  622       3       org.lwjgl.system.MemoryUtil::memPutAddress (29 bytes)
Event: 0.344 Thread 0x000001f00a747a00 nmethod 622 0x000001f0715cbb10 code [0x000001f0715cbcc0, 0x000001f0715cbeb8]
Event: 0.348 Thread 0x000001f00a743960 nmethod 607 0x000001f078a31190 code [0x000001f078a31320, 0x000001f078a320f8]
Event: 0.348 Thread 0x000001f00a743960  623       4       java.lang.Integer::toUnsignedLong (7 bytes)
Event: 0.348 Thread 0x000001f00a743960 nmethod 623 0x000001f078a32310 code [0x000001f078a32480, 0x000001f078a324b8]
Event: 0.348 Thread 0x000001f00a743960  619       4       java.lang.StringLatin1::newString (24 bytes)
Event: 0.348 Thread 0x000001f00a91d880 nmethod 618 0x000001f078a32610 code [0x000001f078a327c0, 0x000001f078a32e08]
Event: 0.350 Thread 0x000001f00a743960 nmethod 619 0x000001f078a33190 code [0x000001f078a33320, 0x000001f078a336f8]

GC Heap History (0 events):
No events

Deoptimization events (20 events):
Event: 0.336 Thread 0x000001f068d5d9b0 DEOPT PACKING pc=0x000001f07159d845 sp=0x0000001fb91fa3e0
Event: 0.336 Thread 0x000001f068d5d9b0 DEOPT UNPACKING pc=0x000001f070f7e23f sp=0x0000001fb91f9858 mode 0
Event: 0.336 Thread 0x000001f068d5d9b0 DEOPT PACKING pc=0x000001f07159d845 sp=0x0000001fb91fa3e0
Event: 0.336 Thread 0x000001f068d5d9b0 DEOPT UNPACKING pc=0x000001f070f7e23f sp=0x0000001fb91f9858 mode 0
Event: 0.336 Thread 0x000001f068d5d9b0 DEOPT PACKING pc=0x000001f07159d845 sp=0x0000001fb91fa3e0
Event: 0.336 Thread 0x000001f068d5d9b0 DEOPT UNPACKING pc=0x000001f070f7e23f sp=0x0000001fb91f9858 mode 0
Event: 0.336 Thread 0x000001f068d5d9b0 DEOPT PACKING pc=0x000001f07159d845 sp=0x0000001fb91fa3e0
Event: 0.336 Thread 0x000001f068d5d9b0 DEOPT UNPACKING pc=0x000001f070f7e23f sp=0x0000001fb91f9858 mode 0
Event: 0.336 Thread 0x000001f068d5d9b0 DEOPT PACKING pc=0x000001f07159d845 sp=0x0000001fb91fa3e0
Event: 0.336 Thread 0x000001f068d5d9b0 DEOPT UNPACKING pc=0x000001f070f7e23f sp=0x0000001fb91f9858 mode 0
Event: 0.336 Thread 0x000001f068d5d9b0 DEOPT PACKING pc=0x000001f07159d845 sp=0x0000001fb91fa3e0
Event: 0.336 Thread 0x000001f068d5d9b0 DEOPT UNPACKING pc=0x000001f070f7e23f sp=0x0000001fb91f9858 mode 0
Event: 0.336 Thread 0x000001f068d5d9b0 DEOPT PACKING pc=0x000001f07159d845 sp=0x0000001fb91fa3e0
Event: 0.336 Thread 0x000001f068d5d9b0 DEOPT UNPACKING pc=0x000001f070f7e23f sp=0x0000001fb91f9858 mode 0
Event: 0.336 Thread 0x000001f068d5d9b0 DEOPT PACKING pc=0x000001f07159d845 sp=0x0000001fb91fa3e0
Event: 0.336 Thread 0x000001f068d5d9b0 DEOPT UNPACKING pc=0x000001f070f7e23f sp=0x0000001fb91f9858 mode 0
Event: 0.337 Thread 0x000001f068d5d9b0 DEOPT PACKING pc=0x000001f07159d845 sp=0x0000001fb91fa3e0
Event: 0.337 Thread 0x000001f068d5d9b0 DEOPT UNPACKING pc=0x000001f070f7e23f sp=0x0000001fb91f9858 mode 0
Event: 0.337 Thread 0x000001f068d5d9b0 DEOPT PACKING pc=0x000001f07159d845 sp=0x0000001fb91fa3e0
Event: 0.337 Thread 0x000001f068d5d9b0 DEOPT UNPACKING pc=0x000001f070f7e23f sp=0x0000001fb91f9858 mode 0

Classes unloaded (0 events):
No events

Classes redefined (0 events):
No events

Internal exceptions (20 events):
Event: 0.191 Thread 0x000001f00aa7a350 Exception <a 'java/lang/NoSuchMethodError'{0x000000074cf11a18}: 'void java.lang.invoke.DirectMethodHandle$Holder.invokeStatic(java.lang.Object, java.lang.Object)'> (0x000000074cf11a18) 
thrown [./open/src/hotspot/share/interpreter/linkResolver.cpp, line 782]
Event: 0.206 Thread 0x000001f068d5d9b0 Exception <a 'java/lang/NoSuchMethodError'{0x000000074cf85710}: 'void java.lang.invoke.DirectMethodHandle$Holder.invokeSpecial(java.lang.Object, java.lang.Object, java.lang.Object)'> (0x000000074cf85710) 
thrown [./open/src/hotspot/share/interpreter/linkResolver.cpp, line 782]
Event: 0.209 Thread 0x000001f068d5d9b0 Exception <a 'java/lang/NoSuchMethodError'{0x000000074cf9a610}: 'java.lang.Object java.lang.invoke.DirectMethodHandle$Holder.invokeStatic(java.lang.Object, java.lang.Object, int)'> (0x000000074cf9a610) 
thrown [./open/src/hotspot/share/interpreter/linkResolver.cpp, line 782]
Event: 0.211 Thread 0x000001f068d5d9b0 Exception <a 'java/lang/NoSuchMethodError'{0x000000074cfa6840}: 'void java.lang.invoke.DelegatingMethodHandle$Holder.delegate(java.lang.Object, java.lang.Object, int, java.lang.Object)'> (0x000000074cfa6840) 
thrown [./open/src/hotspot/share/interpreter/linkResolver.cpp, line 782]
Event: 0.212 Thread 0x000001f068d5d9b0 Exception <a 'java/lang/NoSuchMethodError'{0x000000074cfaaaa0}: 'int java.lang.invoke.DirectMethodHandle$Holder.invokeSpecial(java.lang.Object, java.lang.Object, java.lang.Object)'> (0x000000074cfaaaa0) 
thrown [./open/src/hotspot/share/interpreter/linkResolver.cpp, line 782]
Event: 0.245 Thread 0x000001f068d5d9b0 Exception <a 'sun/nio/fs/WindowsException'{0x000000074cc55028}> (0x000000074cc55028) 
thrown [./open/src/hotspot/share/prims/jni.cpp, line 578]
Event: 0.245 Thread 0x000001f068d5d9b0 Exception <a 'sun/nio/fs/WindowsException'{0x000000074cc55568}> (0x000000074cc55568) 
thrown [./open/src/hotspot/share/prims/jni.cpp, line 578]
Event: 0.268 Thread 0x000001f068d5d9b0 Exception <a 'java/lang/NoSuchMethodError'{0x000000074ccfaed8}: 'void java.lang.invoke.DirectMethodHandle$Holder.invokeStaticInit(java.lang.Object, java.lang.Object)'> (0x000000074ccfaed8) 
thrown [./open/src/hotspot/share/interpreter/linkResolver.cpp, line 782]
Event: 0.289 Thread 0x000001f068d5d9b0 Exception <a 'sun/nio/fs/WindowsException'{0x000000074cd3a9b8}> (0x000000074cd3a9b8) 
thrown [./open/src/hotspot/share/prims/jni.cpp, line 578]
Event: 0.289 Thread 0x000001f068d5d9b0 Exception <a 'sun/nio/fs/WindowsException'{0x000000074cd3ad48}> (0x000000074cd3ad48) 
thrown [./open/src/hotspot/share/prims/jni.cpp, line 578]
Event: 0.299 Thread 0x000001f068d5d9b0 Exception <a 'sun/nio/fs/WindowsException'{0x000000074cd54598}> (0x000000074cd54598) 
thrown [./open/src/hotspot/share/prims/jni.cpp, line 578]
Event: 0.299 Thread 0x000001f068d5d9b0 Exception <a 'sun/nio/fs/WindowsException'{0x000000074cd54868}> (0x000000074cd54868) 
thrown [./open/src/hotspot/share/prims/jni.cpp, line 578]
Event: 0.307 Thread 0x000001f068d5d9b0 Exception <a 'java/lang/NoSuchMethodError'{0x000000074cda2ee8}: 'int java.lang.invoke.DirectMethodHandle$Holder.invokeStaticInit(java.lang.Object, java.lang.Object, int, long)'> (0x000000074cda2ee8) 
thrown [./open/src/hotspot/share/interpreter/linkResolver.cpp, line 782]
Event: 0.308 Thread 0x000001f068d5d9b0 Exception <a 'java/lang/NoSuchMethodError'{0x000000074cda8c60}: 'java.lang.Object java.lang.invoke.DirectMethodHandle$Holder.newInvokeSpecial(java.lang.Object, java.lang.Object, int)'> (0x000000074cda8c60) 
thrown [./open/src/hotspot/share/interpreter/linkResolver.cpp, line 782]
Event: 0.310 Thread 0x000001f068d5d9b0 Exception <a 'java/lang/NoSuchMethodError'{0x000000074cdb7c78}: 'int java.lang.invoke.DirectMethodHandle$Holder.invokeStaticInit(java.lang.Object, java.lang.Object, long, long)'> (0x000000074cdb7c78) 
thrown [./open/src/hotspot/share/interpreter/linkResolver.cpp, line 782]
Event: 0.310 Thread 0x000001f068d5d9b0 Exception <a 'java/lang/NoSuchMethodError'{0x000000074cdbe3a0}: 'java.lang.Object java.lang.invoke.DirectMethodHandle$Holder.newInvokeSpecial(java.lang.Object, java.lang.Object, long)'> (0x000000074cdbe3a0) 
thrown [./open/src/hotspot/share/interpreter/linkResolver.cpp, line 782]
Event: 0.311 Thread 0x000001f068d5d9b0 Exception <a 'java/lang/NoSuchMethodError'{0x000000074cdc2790}: 'java.lang.Object java.lang.invoke.Invokers$Holder.linkToTargetMethod(java.lang.Object, long, java.lang.Object)'> (0x000000074cdc2790) 
thrown [./open/src/hotspot/share/interpreter/linkResolver.cpp, line 782]
Event: 0.312 Thread 0x000001f068d5d9b0 Exception <a 'java/lang/NoSuchMethodError'{0x000000074cdca418}: 'int java.lang.invoke.DirectMethodHandle$Holder.invokeStaticInit(java.lang.Object, java.lang.Object, java.lang.Object, long)'> (0x000000074cdca418) 
thrown [./open/src/hotspot/share/interpreter/linkResolver.cpp, line 782]
Event: 0.328 Thread 0x000001f068d5d9b0 Exception <a 'sun/nio/fs/WindowsException'{0x000000074ca34970}> (0x000000074ca34970) 
thrown [./open/src/hotspot/share/prims/jni.cpp, line 578]
Event: 0.328 Thread 0x000001f068d5d9b0 Exception <a 'sun/nio/fs/WindowsException'{0x000000074ca34cf8}> (0x000000074ca34cf8) 
thrown [./open/src/hotspot/share/prims/jni.cpp, line 578]

Events (20 events):
Event: 0.304 loading class sun/misc/Unsafe
Event: 0.304 loading class sun/misc/Unsafe done
Event: 0.305 loading class jdk/internal/reflect/UnsafeFieldAccessorFactory
Event: 0.305 loading class jdk/internal/reflect/UnsafeFieldAccessorFactory done
Event: 0.305 loading class jdk/internal/reflect/UnsafeQualifiedStaticObjectFieldAccessorImpl
Event: 0.305 loading class jdk/internal/reflect/UnsafeQualifiedStaticFieldAccessorImpl
Event: 0.305 loading class jdk/internal/reflect/UnsafeQualifiedStaticFieldAccessorImpl done
Event: 0.305 loading class jdk/internal/reflect/UnsafeQualifiedStaticObjectFieldAccessorImpl done
Event: 0.306 loading class java/util/function/LongPredicate
Event: 0.306 loading class java/util/function/LongPredicate done
Event: 0.308 loading class jdk/internal/access/foreign/MemorySegmentProxy
Event: 0.308 loading class jdk/internal/access/foreign/MemorySegmentProxy done
Event: 0.313 loading class java/math/MutableBigInteger
Event: 0.313 loading class java/math/MutableBigInteger done
Event: 0.314 loading class java/nio/InvalidMarkException
Event: 0.314 loading class java/nio/InvalidMarkException done
Event: 0.314 loading class java/nio/BufferUnderflowException
Event: 0.314 loading class java/nio/BufferUnderflowException done
Event: 0.315 loading class java/lang/IndexOutOfBoundsException
Event: 0.315 loading class java/lang/IndexOutOfBoundsException done


Dynamic libraries:
0x00007ff623130000 - 0x00007ff62313d000 	C:\Program Files\Java\jdk-15.0.1\bin\java.exe
0x00007ffdde2f0000 - 0x00007ffdde4e8000 	C:\WINDOWS\SYSTEM32\ntdll.dll
0x00007ffddd800000 - 0x00007ffddd8bd000 	C:\WINDOWS\System32\KERNEL32.DLL
0x00007ffddbe20000 - 0x00007ffddc116000 	C:\WINDOWS\System32\KERNELBASE.dll
0x00007ffdd92d0000 - 0x00007ffdd9360000 	C:\WINDOWS\SYSTEM32\apphelp.dll
0x00007ffdaf140000 - 0x00007ffdaf1a3000 	C:\WINDOWS\SYSTEM32\AcGenral.DLL
0x00007ffddca00000 - 0x00007ffddca9e000 	C:\WINDOWS\System32\msvcrt.dll
0x00007ffdde210000 - 0x00007ffdde2af000 	C:\WINDOWS\System32\sechost.dll
0x00007ffddce90000 - 0x00007ffddcfb6000 	C:\WINDOWS\System32\RPCRT4.dll
0x00007ffddc2c0000 - 0x00007ffddc2e7000 	C:\WINDOWS\System32\bcrypt.dll
0x00007ffddce30000 - 0x00007ffddce85000 	C:\WINDOWS\System32\SHLWAPI.dll
0x00007ffdde070000 - 0x00007ffdde20e000 	C:\WINDOWS\System32\USER32.dll
0x00007ffddbcd0000 - 0x00007ffddbcf2000 	C:\WINDOWS\System32\win32u.dll
0x00007ffddcd30000 - 0x00007ffddcd5c000 	C:\WINDOWS\System32\GDI32.dll
0x00007ffddbd00000 - 0x00007ffddbe1a000 	C:\WINDOWS\System32\gdi32full.dll
0x00007ffddc220000 - 0x00007ffddc2bd000 	C:\WINDOWS\System32\msvcp_win.dll
0x00007ffddc120000 - 0x00007ffddc220000 	C:\WINDOWS\System32\ucrtbase.dll
0x00007ffddc340000 - 0x00007ffddc46b000 	C:\WINDOWS\System32\ole32.dll
0x00007ffddd080000 - 0x00007ffddd3d4000 	C:\WINDOWS\System32\combase.dll
0x00007ffddd920000 - 0x00007ffdde065000 	C:\WINDOWS\System32\SHELL32.dll
0x00007ffddcaa0000 - 0x00007ffddcb53000 	C:\WINDOWS\System32\ADVAPI32.dll
0x00007ffddb820000 - 0x00007ffddb84e000 	C:\WINDOWS\SYSTEM32\USERENV.dll
0x00007ffdb28d0000 - 0x00007ffdb28ed000 	C:\WINDOWS\SYSTEM32\MPR.dll
0x00007ffddb850000 - 0x00007ffddb882000 	C:\WINDOWS\SYSTEM32\SspiCli.dll
0x00007ffddce00000 - 0x00007ffddce30000 	C:\WINDOWS\System32\IMM32.DLL
0x00007ffdcaad0000 - 0x00007ffdcaae9000 	C:\Program Files\Java\jdk-15.0.1\bin\VCRUNTIME140.dll
0x00007ffdd73a0000 - 0x00007ffdd73b8000 	C:\Program Files\Java\jdk-15.0.1\bin\jli.dll
0x00007ffdd2190000 - 0x00007ffdd242a000 	C:\WINDOWS\WinSxS\amd64_microsoft.windows.common-controls_6595b64144ccf1df_6.0.19041.3636_none_60b6a03d71f818d5\COMCTL32.dll
0x00007ffdd4a80000 - 0x00007ffdd4a8c000 	C:\Program Files\Java\jdk-15.0.1\bin\vcruntime140_1.dll
0x00007ffda6f50000 - 0x00007ffda6fe1000 	C:\Program Files\Java\jdk-15.0.1\bin\msvcp140.dll
0x00007ffd8b530000 - 0x00007ffd8c08e000 	C:\Program Files\Java\jdk-15.0.1\bin\server\jvm.dll
0x00007ffddcd60000 - 0x00007ffddcd68000 	C:\WINDOWS\System32\PSAPI.DLL
0x00007ffdcf470000 - 0x00007ffdcf479000 	C:\WINDOWS\SYSTEM32\WSOCK32.dll
0x00007ffddd440000 - 0x00007ffddd4ab000 	C:\WINDOWS\System32\WS2_32.dll
0x00007ffdd1cc0000 - 0x00007ffdd1ce7000 	C:\WINDOWS\SYSTEM32\WINMM.dll
0x00007ffdd6d80000 - 0x00007ffdd6d8a000 	C:\WINDOWS\SYSTEM32\VERSION.dll
0x00007ffdd9770000 - 0x00007ffdd9782000 	C:\WINDOWS\SYSTEM32\kernel.appcore.dll
0x00007ffdd3750000 - 0x00007ffdd375a000 	C:\Program Files\Java\jdk-15.0.1\bin\jimage.dll
0x00007ffdcf8d0000 - 0x00007ffdcfab4000 	C:\WINDOWS\SYSTEM32\DBGHELP.DLL
0x00007ffdb23b0000 - 0x00007ffdb23e4000 	C:\WINDOWS\SYSTEM32\dbgcore.DLL
0x00007ffddbc40000 - 0x00007ffddbcc2000 	C:\WINDOWS\System32\bcryptPrimitives.dll
0x00007ffdbb2c0000 - 0x00007ffdbb2e5000 	C:\Program Files\Java\jdk-15.0.1\bin\java.dll
0x00007ffdd9a50000 - 0x00007ffdda1eb000 	C:\WINDOWS\SYSTEM32\windows.storage.dll
0x00007ffddb240000 - 0x00007ffddb26d000 	C:\WINDOWS\SYSTEM32\Wldp.dll
0x00007ffddcfd0000 - 0x00007ffddd07d000 	C:\WINDOWS\System32\SHCORE.dll
0x00007ffddb8f0000 - 0x00007ffddb915000 	C:\WINDOWS\SYSTEM32\profapi.dll
0x00007ffdc2ba0000 - 0x00007ffdc2bb9000 	C:\Program Files\Java\jdk-15.0.1\bin\net.dll
0x00007ffdd45c0000 - 0x00007ffdd46ca000 	C:\WINDOWS\SYSTEM32\WINHTTP.dll
0x00007ffddb020000 - 0x00007ffddb08a000 	C:\WINDOWS\system32\mswsock.dll
0x00007ffdc2b70000 - 0x00007ffdc2b82000 	C:\Program Files\Java\jdk-15.0.1\bin\nio.dll
0x00007ffdc0270000 - 0x00007ffdc0288000 	C:\Program Files\Java\jdk-15.0.1\bin\zip.dll
0x00007ffdd1d20000 - 0x00007ffdd1d30000 	C:\Program Files\Java\jdk-15.0.1\bin\verify.dll
0x00007ffdc0240000 - 0x00007ffdc025a000 	C:\Program Files\JetBrains\IntelliJ IDEA Community Edition 2019.3\bin\breakgen64.dll
0x00007ffda16e0000 - 0x00007ffda175b000 	C:\Users\User\AppData\Local\Temp\lwjgl_User\3.3.3+5\x64\lwjgl.dll
0x00007ffda3a60000 - 0x00007ffda3abe000 	C:\Users\User\AppData\Local\Temp\lwjgl_User\3.3.3+5\x64\lwjgl_opengl.dll
0x00007ffdcbe60000 - 0x00007ffdcbf85000 	C:\WINDOWS\SYSTEM32\opengl32.dll
0x00007ffdca150000 - 0x00007ffdca17c000 	C:\WINDOWS\SYSTEM32\GLU32.dll
0x00007ffd8c160000 - 0x00007ffd8c3d0000 	C:\Users\User\AppData\Local\Temp\lwjgl_User\3.3.3+5\x64\jemalloc.dll

dbghelp: loaded successfully - version: 4.0.5 - missing functions: none
symbol engine: initialized successfully - sym options: 0x614 - pdb path: .;C:\Program Files\Java\jdk-15.0.1\bin;C:\WINDOWS\SYSTEM32;C:\WINDOWS\WinSxS\amd64_microsoft.windows.common-controls_6595b64144ccf1df_6.0.19041.3636_none_60b6a03d71f818d5;C:\Program Files\Java\jdk-15.0.1\bin\server;C:\Program Files\JetBrains\IntelliJ IDEA Community Edition 2019.3\bin;C:\Users\User\AppData\Local\Temp\lwjgl_User\3.3.3+5\x64

VM Arguments:
jvm_args: -Didea.launcher.port=57440 -Didea.launcher.bin.path=C:\Program Files\JetBrains\IntelliJ IDEA Community Edition 2019.3\bin -Dfile.encoding=UTF-8 
java_command: com.intellij.rt.execution.application.AppMainV2 org.example.Main
java_class_path (initial): C:\Users\User\Desktop\Eilan\VulkanLWJGL\target\classes;C:\Users\User\.m2\repository\org\lwjgl\lwjgl\3.3.3\lwjgl-3.3.3.jar;C:\Users\User\.m2\repository\org\lwjgl\lwjgl-assimp\3.3.3\lwjgl-assimp-3.3.3.jar;C:\Users\User\.m2\repository\org\lwjgl\lwjgl-bgfx\3.3.3\lwjgl-bgfx-3.3.3.jar;C:\Users\User\.m2\repository\org\lwjgl\lwjgl-cuda\3.3.3\lwjgl-cuda-3.3.3.jar;C:\Users\User\.m2\repository\org\lwjgl\lwjgl-egl\3.3.3\lwjgl-egl-3.3.3.jar;C:\Users\User\.m2\repository\org\lwjgl\lwjgl-fmod\3.3.3\lwjgl-fmod-3.3.3.jar;C:\Users\User\.m2\repository\org\lwjgl\lwjgl-freetype\3.3.3\lwjgl-freetype-3.3.3.jar;C:\Users\User\.m2\repository\org\lwjgl\lwjgl-glfw\3.3.3\lwjgl-glfw-3.3.3.jar;C:\Users\User\.m2\repository\org\lwjgl\lwjgl-harfbuzz\3.3.3\lwjgl-harfbuzz-3.3.3.jar;C:\Users\User\.m2\repository\org\lwjgl\lwjgl-hwloc\3.3.3\lwjgl-hwloc-3.3.3.jar;C:\Users\User\.m2\repository\org\lwjgl\lwjgl-jawt\3.3.3\lwjgl-jawt-3.3.3.jar;C:\Users\User\.m2\repository\org\lwjgl\lwjgl-jemalloc\3.3.3\lwjgl-jemalloc-3.3.3.jar;C:\Users\User\.m2\repository\org\lwjgl\lwjgl-ktx\3.3.3\lwjgl-ktx-3.3.3.jar;C:\Users\User\.m2\repository\org\lwjgl\lwjgl-libdivide\3.3.3\lwjgl-libdivide-3.3.3.jar;C:\Users\User\.m2\repository\org\lwjgl\lwjgl-llvm\3.3.3\lwjgl-llvm-3.3.3.jar;C:\Users\User\.m2\repository\org\lwjgl\lwjgl-lmdb\3.3.3\lwjgl-lmdb-3.3.3.jar;C:\Users\User\.m2\repository\org\lwjgl\lwjgl-lz4\3.3.3\lwjgl-lz4-3.3.3.jar;C:\Users\User\.m2\repository\org\lwjgl\lwjgl-meow\3.3.3\lwjgl-meow-3.3.3.jar;C:\Users\User\.m2\repository\org\lwjgl\lwjgl-meshoptimizer\3.3.3\lwjgl-meshoptimizer-3.3.3.jar;C:\Users\User\.m2\repository\org\lwjgl\lwjgl-nanovg\3.3.3\lwjgl-nanovg-3.3.3.jar;C:\Users\User\.m2\repository\org\lwjgl\lwjgl-nfd\3.3.3\lwjgl-nfd-3.3.3.jar;C:\Users\User\.m2\repository\org\lwjgl\lwjgl-nuklear\3.3.3\lwjgl-nuklear-3.3.3.jar;C:\Users\User\.m2\repository\org\lwjgl\lwjgl-odbc\3.3.3\lwjgl-odbc-3.3.3.jar;C:\Users\User\.m2\repository\org\lwjgl\lwjgl-openal\3.3.3\lwjgl-openal-3.3.3.jar;C:\Users\User\
Launcher Type: SUN_STANDARD

[Global flags]
     intx CICompilerCount                          = 4                                         {product} {ergonomic}
     uint ConcGCThreads                            = 2                                         {product} {ergonomic}
     uint G1ConcRefinementThreads                  = 8                                         {product} {ergonomic}
   size_t G1HeapRegionSize                         = 2097152                                   {product} {ergonomic}
    uintx GCDrainStackTargetSize                   = 64                                        {product} {ergonomic}
   size_t InitialHeapSize                          = 201326592                                 {product} {ergonomic}
   size_t MarkStackSize                            = 4194304                                   {product} {ergonomic}
   size_t MaxHeapSize                              = 3198156800                                {product} {ergonomic}
   size_t MaxNewSize                               = 1918894080                                {product} {ergonomic}
   size_t MinHeapDeltaBytes                        = 2097152                                   {product} {ergonomic}
   size_t MinHeapSize                              = 8388608                                   {product} {ergonomic}
    uintx NonNMethodCodeHeapSize                   = 5839372                                {pd product} {ergonomic}
    uintx NonProfiledCodeHeapSize                  = 122909434                              {pd product} {ergonomic}
    uintx ProfiledCodeHeapSize                     = 122909434                              {pd product} {ergonomic}
    uintx ReservedCodeCacheSize                    = 251658240                              {pd product} {ergonomic}
     bool SegmentedCodeCache                       = true                                      {product} {ergonomic}
   size_t SoftMaxHeapSize                          = 3198156800                             {manageable} {ergonomic}
     bool UseCompressedClassPointers               = true                                 {lp64_product} {ergonomic}
     bool UseCompressedOops                        = true                                 {lp64_product} {ergonomic}
     bool UseG1GC                                  = true                                      {product} {ergonomic}
     bool UseLargePagesIndividualAllocation        = false                                  {pd product} {ergonomic}

Logging:
Log output configuration:
 #0: stdout all=warning uptime,level,tags
 #1: stderr all=off uptime,level,tags

Environment Variables:
JAVA_HOME=C:\Program Files\Java\jdk-9
PATH=C:\VulkanSDK\1.3.275.0\Bin;C:\VulkanSDK\1.3.204.0\Bin;C:\Python39\Scripts\;C:\Python39\;C:\ProgramData\Oracle\Java\javapath;C:\Program Files\Intel\iCLS Client\;C:\Windows\system32;C:\Windows;C:\Windows\System32\Wbem;C:\Windows\System32\WindowsPowerShell\v1.0\;C:\Program Files (x86)\NVIDIA Corporation\PhysX\Common;C:\Program Files (x86)\Brackets\command;C:\WINDOWS\system32;C:\WINDOWS;C:\WINDOWS\System32\Wbem;C:\WINDOWS\System32\WindowsPowerShell\v1.0\;C:\Program Files (x86)\GtkSharp\2.12\bin;C:\WINDOWS\System32\OpenSSH\;C:\Program Files\Git\cmd;C:\Program Files\NVIDIA Corporation\NVIDIA NvDLISR;C:\WINDOWS\system32;C:\WINDOWS;C:\WINDOWS\System32\Wbem;C:\WINDOWS\System32\WindowsPowerShell\v1.0\;C:\WINDOWS\System32\OpenSSH\;C:\Gradle\gradle-5.4.1\gradle-5.4.1\bin;C:\Program Files\Java\jdk-9\bin;C:\Program Files\python;C:\Users\User\AppData\Roaming\nvm;C:\Program Files\nodejs;C:\ProgramData\chocolatey\bin;C:\Program Files\CMake\bin;C:\Program Files\PostgreSQL\13\bin;C:\Program Files\dotnet\;C:\Program Files (x86)\Intel\Intel(R) Management Engine Components\DAL;C:\Program Files\Intel\Intel(R) Management Engine Components\DAL;C:\Program Files\PostgreSQL\15\bin;C:\Users\User\Desktop\Tools\fbx-conv-master\fbx-conv;C:\Users\User\Desktop\Tools\modelOld-packer;C:\Users\User\anaconda3;C:\Users\User\anaconda3\Library\mingw-w64\bin;C:\Users\User\anaconda3\Library\usr\bin;C:\Users\User\anaconda3\Library\bin;C:\Users\User\anaconda3\Scripts;C:\Python38\Scripts\;C:\Python38\;C:\Users\User\AppData\Local\Microsoft\WindowsApps;C:\Users\User\AppData\Local\atom\bin;C:\Users\User\AppData\Local\Microsoft\WindowsApps;C:\Users\User\AppData\Local\Programs\Microsoft VS Code\bin;C:\Users\User\AppData\Roaming\nvm;C:\Program Files\nodejs;C:\Users\User\Desktop\Tools\node-v10.2.1-win-x86\node-v10.2.1-win-x86;C:\Development\Android\SDK\platform-tools;C:\Gradle\gradle-6.8.3\bin;C:\Program Files\heroku\bin;C:\Users\User\.dotnet\tools;C:\VulkanSDK\1.3.204.0\Bin;C:\Program Files\PostgreSQL\15\bin;C:\Users\
USERNAME=User
OS=Windows_NT
PROCESSOR_IDENTIFIER=Intel64 Family 6 Model 158 Stepping 9, GenuineIntel



---------------  S Y S T E M  ---------------

OS:
 Windows 10 , 64 bit Build 19041 (10.0.19041.3636)
OS uptime: 11 days 3:52 hours
HyperV virtualization detected

CPU: total 8 (initial active 8) (4 cores per cpu, 2 threads per core) family 6 modelOld 158 stepping 9 microcode 0xea, cmov, cx8, fxsr, mmx, sse, sse2, sse3, ssse3, sse4.1, sse4.2, popcnt, vzeroupper, avx, avx2, aes, clmul, erms, rtm, 3dnowpref, lzcnt, ht, tsc, tscinvbit, bmi1, bmi2, adx, fma, clflush, clflushopt

Memory: 4k page, system-wide physical 12199M (3844M free)
TotalPageFile size 31554M (AvailPageFile size 14483M)
current process WorkingSet (physical memory assigned to process): 59M, peak: 59M
current process commit charge ("private bytes"): 301M, peak: 301M

vm_info: OpenJDK 64-Bit Server VM (15.0.1+9-18) for windows-amd64 JRE (15.0.1+9-18), built on Sep 15 2020 14:39:31 by "mach5one" with unknown MS VC++:1925

END.
