#
# A fatal error has been detected by the Java Runtime Environment:
#
#  EXCEPTION_ACCESS_VIOLATION (0xc0000005) at pc=0x00007ffde719fbdd, pid=66636, tid=113212
#
# JRE version: OpenJDK Runtime Environment (15.0.1+9) (build 15.0.1+9-18)
# Java VM: OpenJDK 64-Bit Server VM (15.0.1+9-18, mixed mode, sharing, tiered, compressed oops, g1 gc, windows-amd64)
# Problematic frame:
# C  [lwjgl_opengl.dll+0xfbdd]
#
# No core dump will be written. Minidumps are not enabled by default on client versions of Windows
#
# If you would like to submit a bug report, please visit:
#   https://bugreport.java.com/bugreport/crash.jsp
# The crash happened outside the Java Virtual Machine in native code.
# See problematic frame for where to report the bug.
#

---------------  S U M M A R Y ------------

Command Line: -Didea.launcher.port=55619 -Didea.launcher.bin.path=C:\Program Files\JetBrains\IntelliJ IDEA Community Edition 2019.3\bin -Dfile.encoding=UTF-8 com.intellij.rt.execution.application.AppMainV2 org.example.Main

Host: Intel(R) Core(TM) i7-7700 CPU @ 3.60GHz, 8 cores, 11G,  Windows 10 , 64 bit Build 19041 (10.0.19041.3636)
Time: Mon Mar  4 06:49:25 2024 Central Standard Time elapsed time: 0.500831 seconds (0d 0h 0m 0s)

---------------  T H R E A D  ---------------

Current thread (0x0000024b945e8fc0):  JavaThread "main" [_thread_in_native, id=113212, stack(0x0000005cf7100000,0x0000005cf7200000)]

Stack: [0x0000005cf7100000,0x0000005cf7200000],  sp=0x0000005cf71fe7e8,  free space=1017k
Native frames: (J=compiled Java code, j=interpreted, Vv=VM code, C=native code)
C  [lwjgl_opengl.dll+0xfbdd]

Java frames: (J=compiled Java code, j=interpreted, Vv=VM code)
j  org.lwjgl.opengl.GL30C.nglGenVertexArrays(IJ)V+0
j  org.lwjgl.opengl.GL30C.glGenVertexArrays()I+20
j  org.lwjgl.opengl.GL30.glGenVertexArrays()I+0
j  org.example.engine.core.graphics.ModelBuilder.create([F[F[F[I)Lorg/example/engine/core/graphics/ModelPartMesh;+0
j  org.example.Main.processModelPart(Lorg/lwjgl/assimp/AIMesh;Lorg/example/engine/core/collections/Array;)Lorg/example/engine/core/graphics/ModelPart;+92
j  org.example.Main.loadModel()V+111
j  org.example.Main.main([Ljava/lang/String;)V+0
v  ~StubRoutines::call_stub
j  jdk.internal.reflect.NativeMethodAccessorImpl.invoke0(Ljava/lang/reflect/Method;Ljava/lang/Object;[Ljava/lang/Object;)Ljava/lang/Object;+0 java.base@15.0.1
j  jdk.internal.reflect.NativeMethodAccessorImpl.invoke(Ljava/lang/Object;[Ljava/lang/Object;)Ljava/lang/Object;+113 java.base@15.0.1
j  jdk.internal.reflect.DelegatingMethodAccessorImpl.invoke(Ljava/lang/Object;[Ljava/lang/Object;)Ljava/lang/Object;+6 java.base@15.0.1
j  java.lang.reflect.Method.invoke(Ljava/lang/Object;[Ljava/lang/Object;)Ljava/lang/Object;+59 java.base@15.0.1
j  com.intellij.rt.execution.application.AppMainV2.main([Ljava/lang/String;)V+184
v  ~StubRoutines::call_stub

siginfo: EXCEPTION_ACCESS_VIOLATION (0xc0000005), reading address 0x00000000000013c8


Register to memory mapping:

RIP=0x00007ffde719fbdd lwjgl_opengl.dll
RAX=0x0000024bb689e830 points into unknown readable memory: 0x0000000000000000 | 00 00 00 00 00 00 00 00
RBX={method} {0x0000024bb5cb2748} 'nglGenVertexArrays' '(IJ)V' in 'org/lwjgl/opengl/GL30C'
RCX=0x0000000000000001 is an unknown value
RDX=0x0000024bb68b89ac points into unknown readable memory: 00 00 00 00
RSP=0x0000005cf71fe7e8 is pointing into the stack for thread: 0x0000024b945e8fc0
RBP=0x0000005cf71fe870 is pointing into the stack for thread: 0x0000024b945e8fc0
RSI=0x0000024bb58c61d0 is pointing into metadata
RDI=0x0000000000000001 is an unknown value
R8 =0x0000000000000001 is an unknown value
R9 =0x0000024bb68b89ac points into unknown readable memory: 00 00 00 00
R10=0x0 is NULL
R11=0x000000074c8c44d0 is an oop: java.lang.Class 
{0x000000074c8c44d0} - klass: 'java/lang/Class'
R12=0x0 is NULL
R13={method} {0x0000024bb5cb2748} 'nglGenVertexArrays' '(IJ)V' in 'org/lwjgl/opengl/GL30C'
R14=0x0000005cf71fe8a0 is pointing into the stack for thread: 0x0000024b945e8fc0
R15=0x0000024b945e8fc0 is a thread


Registers:
RAX=0x0000024bb689e830, RBX=0x0000024bb5cb2740, RCX=0x0000000000000001, RDX=0x0000024bb68b89ac
RSP=0x0000005cf71fe7e8, RBP=0x0000005cf71fe870, RSI=0x0000024bb58c61d0, RDI=0x0000000000000001
R8 =0x0000000000000001, R9 =0x0000024bb68b89ac, R10=0x0000000000000000, R11=0x000000074c8c44d0
R12=0x0000000000000000, R13=0x0000024bb5cb2740, R14=0x0000005cf71fe8a0, R15=0x0000024b945e8fc0
RIP=0x00007ffde719fbdd, EFLAGS=0x0000000000010206

Top of Stack: (sp=0x0000005cf71fe7e8)
0x0000005cf71fe7e8:   0000024b9c7cf177 0000000000000001
0x0000005cf71fe7f8:   0000024b9c7cee72 0000024bb5cb2740
0x0000005cf71fe808:   0000024bb58c61d0 0000005cf71fe888
0x0000005cf71fe818:   0000024b9c7c9c90 0000024b9c7cee16
0x0000005cf71fe828:   0000005cf71fe828 0000024bb5cb2740
0x0000005cf71fe838:   0000005cf71fe8a0 0000024bb5ce85a8
0x0000005cf71fe848:   0000000000000000 000000074c8c44d0
0x0000005cf71fe858:   0000024bb5cb2740 0000000000000000
0x0000005cf71fe868:   0000005cf71fe890 0000005cf71fe8f0
0x0000005cf71fe878:   0000024b9c7ca1aa 000000074c8c44d0
0x0000005cf71fe888:   0000024b9c7cc218 0000024bb68b89ac
0x0000005cf71fe898:   0000000000000000 0000000000000001
0x0000005cf71fe8a8:   0000005cf71fe8a8 0000024bb5cb28c4
0x0000005cf71fe8b8:   0000005cf71fe920 0000024bb5ce85a8
0x0000005cf71fe8c8:   0000000000000000 000000074c8c44d0
0x0000005cf71fe8d8:   0000024bb5cb2930 0000005cf71fe890 

Instructions: (pc=0x00007ffde719fbdd)
0x00007ffde719fadd:   98 13 00 00 cc cc cc cc cc cc cc cc cc cc cc cc
0x00007ffde719faed:   cc cc cc 48 8b 01 48 8b 48 18 48 ff a1 a0 13 00
0x00007ffde719fafd:   00 cc cc 40 53 48 8b 01 41 8b d8 4c 8b 44 24 30
0x00007ffde719fb0d:   41 8b d1 44 8b 4c 24 38 8b cb 4c 8b 50 18 5b 49
0x00007ffde719fb1d:   ff a2 a8 13 00 00 cc cc cc cc cc cc cc cc cc cc
0x00007ffde719fb2d:   cc cc cc 40 53 48 83 ec 40 48 8b 01 41 8b d8 44
0x00007ffde719fb3d:   8b 44 24 70 41 8b d1 4c 8b 4c 24 78 8b cb 4c 8b
0x00007ffde719fb4d:   50 18 48 8b 84 24 90 00 00 00 48 89 44 24 30 48
0x00007ffde719fb5d:   8b 84 24 88 00 00 00 48 89 44 24 28 48 8b 84 24
0x00007ffde719fb6d:   80 00 00 00 48 89 44 24 20 41 ff 92 b0 13 00 00
0x00007ffde719fb7d:   48 83 c4 40 5b c3 cc cc cc cc cc cc cc cc cc cc
0x00007ffde719fb8d:   cc cc cc 48 8b 01 41 8b c8 48 8b 50 18 48 ff a2
0x00007ffde719fb9d:   b8 13 00 00 cc cc cc cc cc cc cc cc cc cc cc cc
0x00007ffde719fbad:   cc cc cc 48 8b 01 49 8b d1 41 8b c8 4c 8b 50 18
0x00007ffde719fbbd:   49 ff a2 c0 13 00 00 cc cc cc cc cc cc cc cc cc
0x00007ffde719fbcd:   cc cc cc 48 8b 01 49 8b d1 41 8b c8 4c 8b 50 18
0x00007ffde719fbdd:   49 ff a2 c8 13 00 00 cc cc cc cc cc cc cc cc cc
0x00007ffde719fbed:   cc cc cc 48 8b 01 48 8b 48 18 48 8b 81 d0 13 00
0x00007ffde719fbfd:   00 41 8b c8 48 ff e0 cc cc cc cc cc cc cc cc cc
0x00007ffde719fc0d:   cc cc cc 40 53 48 8b 01 41 8b d8 44 8b 44 24 30
0x00007ffde719fc1d:   41 8b d1 44 8b 4c 24 38 8b cb 4c 8b 50 18 5b 49
0x00007ffde719fc2d:   ff a2 d8 13 00 00 cc cc cc cc cc cc cc cc cc cc
0x00007ffde719fc3d:   cc cc cc 40 53 48 8b 01 41 8b d8 44 8b 44 24 30
0x00007ffde719fc4d:   41 8b d1 4c 8b 4c 24 38 8b cb 4c 8b 50 18 8b 44
0x00007ffde719fc5d:   24 40 89 44 24 30 5b 49 ff a2 e0 13 00 00 cc cc
0x00007ffde719fc6d:   cc cc cc 40 53 48 8b 01 41 8b d8 4c 8b 44 24 30
0x00007ffde719fc7d:   41 8b d1 4c 8b 4c 24 38 8b cb 4c 8b 50 18 48 8b
0x00007ffde719fc8d:   44 24 40 48 89 44 24 30 5b 49 ff a2 e8 13 00 00
0x00007ffde719fc9d:   cc cc cc 48 8b 01 41 8b c8 48 8b 50 18 48 ff a2
0x00007ffde719fcad:   f0 13 00 00 cc cc cc cc cc cc cc cc cc cc cc cc
0x00007ffde719fcbd:   cc cc cc 48 8b 01 45 8b d8 44 8b 44 24 28 41 8b
0x00007ffde719fccd:   d1 41 8b cb 4c 8b 50 18 49 ff a2 f8 13 00 00 cc 


Stack slot to memory mapping:
stack at sp + 0 slots: 0x0000024b9c7cf177 is at code_begin+1047 in an Interpreter codelet
method entry point (kind = native)  [0x0000024b9c7ced60, 0x0000024b9c7cf7e0]  2688 bytes
stack at sp + 1 slots: 0x0000000000000001 is an unknown value
stack at sp + 2 slots: 0x0000024b9c7cee72 is at code_begin+274 in an Interpreter codelet
method entry point (kind = native)  [0x0000024b9c7ced60, 0x0000024b9c7cf7e0]  2688 bytes
stack at sp + 3 slots: {method} {0x0000024bb5cb2748} 'nglGenVertexArrays' '(IJ)V' in 'org/lwjgl/opengl/GL30C'
stack at sp + 4 slots: 0x0000024bb58c61d0 is pointing into metadata
stack at sp + 5 slots: 0x0000005cf71fe888 is pointing into the stack for thread: 0x0000024b945e8fc0
stack at sp + 6 slots: 0x0000024b9c7c9c90 is at code_begin+1040 in an Interpreter codelet
invoke return entry points  [0x0000024b9c7c9880, 0x0000024b9c7ca280]  2560 bytes
stack at sp + 7 slots: 0x0000024b9c7cee16 is at code_begin+182 in an Interpreter codelet
method entry point (kind = native)  [0x0000024b9c7ced60, 0x0000024b9c7cf7e0]  2688 bytes


---------------  P R O C E S S  ---------------

Threads class SMR info:
_java_thread_list=0x0000024bb6450220, length=13, elements={
0x0000024b945e8fc0, 0x0000024bb5eece20, 0x0000024bb5eed9f0, 0x0000024bb5eff350,
0x0000024bb5effc10, 0x0000024bb5f006c0, 0x0000024bb5f03230, 0x0000024bb5f15870,
0x0000024bb5f18370, 0x0000024bb6045fb0, 0x0000024bb605f0d0, 0x0000024bb61b2f60,
0x0000024bb6453690
}

Java Threads: ( => current thread )
=>0x0000024b945e8fc0 JavaThread "main" [_thread_in_native, id=113212, stack(0x0000005cf7100000,0x0000005cf7200000)]
  0x0000024bb5eece20 JavaThread "Reference Handler" daemon [_thread_blocked, id=130384, stack(0x0000005cf7800000,0x0000005cf7900000)]
  0x0000024bb5eed9f0 JavaThread "Finalizer" daemon [_thread_blocked, id=81064, stack(0x0000005cf7900000,0x0000005cf7a00000)]
  0x0000024bb5eff350 JavaThread "Signal Dispatcher" daemon [_thread_blocked, id=121820, stack(0x0000005cf7a00000,0x0000005cf7b00000)]
  0x0000024bb5effc10 JavaThread "Attach Listener" daemon [_thread_blocked, id=64772, stack(0x0000005cf7b00000,0x0000005cf7c00000)]
  0x0000024bb5f006c0 JavaThread "Service Thread" daemon [_thread_blocked, id=38620, stack(0x0000005cf7c00000,0x0000005cf7d00000)]
  0x0000024bb5f03230 JavaThread "C2 CompilerThread0" daemon [_thread_blocked, id=38088, stack(0x0000005cf7d00000,0x0000005cf7e00000)]
  0x0000024bb5f15870 JavaThread "C1 CompilerThread0" daemon [_thread_blocked, id=60840, stack(0x0000005cf7e00000,0x0000005cf7f00000)]
  0x0000024bb5f18370 JavaThread "Sweeper thread" daemon [_thread_blocked, id=74220, stack(0x0000005cf7f00000,0x0000005cf8000000)]
  0x0000024bb6045fb0 JavaThread "Notification Thread" daemon [_thread_blocked, id=83624, stack(0x0000005cf8000000,0x0000005cf8100000)]
  0x0000024bb605f0d0 JavaThread "Common-Cleaner" daemon [_thread_blocked, id=31068, stack(0x0000005cf8200000,0x0000005cf8300000)]
  0x0000024bb61b2f60 JavaThread "C2 CompilerThread1" daemon [_thread_blocked, id=64184, stack(0x0000005cf8300000,0x0000005cf8400000)]
  0x0000024bb6453690 JavaThread "Monitor Ctrl-Break" daemon [_thread_in_native, id=72084, stack(0x0000005cf8400000,0x0000005cf8500000)]

Other Threads:
  0x0000024bb5eea690 VMThread "VM Thread" [stack: 0x0000005cf7700000,0x0000005cf7800000] [id=137572]
  0x0000024bb604a490 WatcherThread [stack: 0x0000005cf8100000,0x0000005cf8200000] [id=22324]
  0x0000024b9462bd30 GCTaskThread "GC Thread#0" [stack: 0x0000005cf7200000,0x0000005cf7300000] [id=53584]
  0x0000024b94639da0 ConcurrentGCThread "G1 Main Marker" [stack: 0x0000005cf7300000,0x0000005cf7400000] [id=42268]
  0x0000024b9463b130 ConcurrentGCThread "G1 Conc#0" [stack: 0x0000005cf7400000,0x0000005cf7500000] [id=39248]
  0x0000024bb5563180 ConcurrentGCThread "G1 Refine#0" [stack: 0x0000005cf7500000,0x0000005cf7600000] [id=34132]
  0x0000024bb5563b90 ConcurrentGCThread "G1 Young RemSet Sampling" [stack: 0x0000005cf7600000,0x0000005cf7700000] [id=13928]

Threads with active compile tasks:

VM state: not at safepoint (normal execution)

VM Mutex/Monitor currently owned by a thread: None

Heap address: 0x0000000741600000, size: 3050 MB, Compressed Oops mode: Zero based, Oop shift amount: 3
CDS archive(s) mapped at: [0x0000000800000000-0x0000000800b50000-0x0000000800b50000), size 11862016, SharedBaseAddress: 0x0000000800000000, ArchiveRelocationMode: 0.
Compressed class space mapped at: 0x0000000800b50000-0x0000000840b50000, size: 1073741824
Narrow klass base: 0x0000000800000000, Narrow klass shift: 3, Narrow klass range: 0x100000000

GC Precious Log:
 CPUs: 8 total, 8 available
 Memory: 12199M
 Large Page Support: Disabled
 NUMA Support: Disabled
 Compressed Oops: Enabled (Zero based)
 Heap Region Size: 2M
 Heap Min Capacity: 8M
 Heap Initial Capacity: 192M
 Heap Max Capacity: 3050M
 Pre-touch: Disabled
 Parallel Workers: 8
 Concurrent Workers: 2
 Concurrent Refinement Workers: 8
 Periodic GC: Disabled

Heap:
 garbage-first heap   total 196608K, used 12288K [0x0000000741600000, 0x0000000800000000)
  region size 2048K, 7 young (14336K), 0 survivors (0K)
 Metaspace       used 4295K, capacity 6634K, committed 6912K, reserved 1056768K
  class space    used 260K, capacity 484K, committed 512K, reserved 1048576K

Heap Regions: E=young(eden), S=young(survivor), O=old, HS=humongous(starts), HC=humongous(continues), CS=collection set, F=free, OA=open archive, CA=closed archive, TAMS=top-at-mark-start (previous, next)
|   0|0x0000000741600000, 0x0000000741600000, 0x0000000741800000|  0%| F|  |TAMS 0x0000000741600000, 0x0000000741600000| Untracked 
|   1|0x0000000741800000, 0x0000000741800000, 0x0000000741a00000|  0%| F|  |TAMS 0x0000000741800000, 0x0000000741800000| Untracked 
|   2|0x0000000741a00000, 0x0000000741a00000, 0x0000000741c00000|  0%| F|  |TAMS 0x0000000741a00000, 0x0000000741a00000| Untracked 
|   3|0x0000000741c00000, 0x0000000741c00000, 0x0000000741e00000|  0%| F|  |TAMS 0x0000000741c00000, 0x0000000741c00000| Untracked 
|   4|0x0000000741e00000, 0x0000000741e00000, 0x0000000742000000|  0%| F|  |TAMS 0x0000000741e00000, 0x0000000741e00000| Untracked 
|   5|0x0000000742000000, 0x0000000742000000, 0x0000000742200000|  0%| F|  |TAMS 0x0000000742000000, 0x0000000742000000| Untracked 
|   6|0x0000000742200000, 0x0000000742200000, 0x0000000742400000|  0%| F|  |TAMS 0x0000000742200000, 0x0000000742200000| Untracked 
|   7|0x0000000742400000, 0x0000000742400000, 0x0000000742600000|  0%| F|  |TAMS 0x0000000742400000, 0x0000000742400000| Untracked 
|   8|0x0000000742600000, 0x0000000742600000, 0x0000000742800000|  0%| F|  |TAMS 0x0000000742600000, 0x0000000742600000| Untracked 
|   9|0x0000000742800000, 0x0000000742800000, 0x0000000742a00000|  0%| F|  |TAMS 0x0000000742800000, 0x0000000742800000| Untracked 
|  10|0x0000000742a00000, 0x0000000742a00000, 0x0000000742c00000|  0%| F|  |TAMS 0x0000000742a00000, 0x0000000742a00000| Untracked 
|  11|0x0000000742c00000, 0x0000000742c00000, 0x0000000742e00000|  0%| F|  |TAMS 0x0000000742c00000, 0x0000000742c00000| Untracked 
|  12|0x0000000742e00000, 0x0000000742e00000, 0x0000000743000000|  0%| F|  |TAMS 0x0000000742e00000, 0x0000000742e00000| Untracked 
|  13|0x0000000743000000, 0x0000000743000000, 0x0000000743200000|  0%| F|  |TAMS 0x0000000743000000, 0x0000000743000000| Untracked 
|  14|0x0000000743200000, 0x0000000743200000, 0x0000000743400000|  0%| F|  |TAMS 0x0000000743200000, 0x0000000743200000| Untracked 
|  15|0x0000000743400000, 0x0000000743400000, 0x0000000743600000|  0%| F|  |TAMS 0x0000000743400000, 0x0000000743400000| Untracked 
|  16|0x0000000743600000, 0x0000000743600000, 0x0000000743800000|  0%| F|  |TAMS 0x0000000743600000, 0x0000000743600000| Untracked 
|  17|0x0000000743800000, 0x0000000743800000, 0x0000000743a00000|  0%| F|  |TAMS 0x0000000743800000, 0x0000000743800000| Untracked 
|  18|0x0000000743a00000, 0x0000000743a00000, 0x0000000743c00000|  0%| F|  |TAMS 0x0000000743a00000, 0x0000000743a00000| Untracked 
|  19|0x0000000743c00000, 0x0000000743c00000, 0x0000000743e00000|  0%| F|  |TAMS 0x0000000743c00000, 0x0000000743c00000| Untracked 
|  20|0x0000000743e00000, 0x0000000743e00000, 0x0000000744000000|  0%| F|  |TAMS 0x0000000743e00000, 0x0000000743e00000| Untracked 
|  21|0x0000000744000000, 0x0000000744000000, 0x0000000744200000|  0%| F|  |TAMS 0x0000000744000000, 0x0000000744000000| Untracked 
|  22|0x0000000744200000, 0x0000000744200000, 0x0000000744400000|  0%| F|  |TAMS 0x0000000744200000, 0x0000000744200000| Untracked 
|  23|0x0000000744400000, 0x0000000744400000, 0x0000000744600000|  0%| F|  |TAMS 0x0000000744400000, 0x0000000744400000| Untracked 
|  24|0x0000000744600000, 0x0000000744600000, 0x0000000744800000|  0%| F|  |TAMS 0x0000000744600000, 0x0000000744600000| Untracked 
|  25|0x0000000744800000, 0x0000000744800000, 0x0000000744a00000|  0%| F|  |TAMS 0x0000000744800000, 0x0000000744800000| Untracked 
|  26|0x0000000744a00000, 0x0000000744a00000, 0x0000000744c00000|  0%| F|  |TAMS 0x0000000744a00000, 0x0000000744a00000| Untracked 
|  27|0x0000000744c00000, 0x0000000744c00000, 0x0000000744e00000|  0%| F|  |TAMS 0x0000000744c00000, 0x0000000744c00000| Untracked 
|  28|0x0000000744e00000, 0x0000000744e00000, 0x0000000745000000|  0%| F|  |TAMS 0x0000000744e00000, 0x0000000744e00000| Untracked 
|  29|0x0000000745000000, 0x0000000745000000, 0x0000000745200000|  0%| F|  |TAMS 0x0000000745000000, 0x0000000745000000| Untracked 
|  30|0x0000000745200000, 0x0000000745200000, 0x0000000745400000|  0%| F|  |TAMS 0x0000000745200000, 0x0000000745200000| Untracked 
|  31|0x0000000745400000, 0x0000000745400000, 0x0000000745600000|  0%| F|  |TAMS 0x0000000745400000, 0x0000000745400000| Untracked 
|  32|0x0000000745600000, 0x0000000745600000, 0x0000000745800000|  0%| F|  |TAMS 0x0000000745600000, 0x0000000745600000| Untracked 
|  33|0x0000000745800000, 0x0000000745800000, 0x0000000745a00000|  0%| F|  |TAMS 0x0000000745800000, 0x0000000745800000| Untracked 
|  34|0x0000000745a00000, 0x0000000745a00000, 0x0000000745c00000|  0%| F|  |TAMS 0x0000000745a00000, 0x0000000745a00000| Untracked 
|  35|0x0000000745c00000, 0x0000000745c00000, 0x0000000745e00000|  0%| F|  |TAMS 0x0000000745c00000, 0x0000000745c00000| Untracked 
|  36|0x0000000745e00000, 0x0000000745e00000, 0x0000000746000000|  0%| F|  |TAMS 0x0000000745e00000, 0x0000000745e00000| Untracked 
|  37|0x0000000746000000, 0x0000000746000000, 0x0000000746200000|  0%| F|  |TAMS 0x0000000746000000, 0x0000000746000000| Untracked 
|  38|0x0000000746200000, 0x0000000746200000, 0x0000000746400000|  0%| F|  |TAMS 0x0000000746200000, 0x0000000746200000| Untracked 
|  39|0x0000000746400000, 0x0000000746400000, 0x0000000746600000|  0%| F|  |TAMS 0x0000000746400000, 0x0000000746400000| Untracked 
|  40|0x0000000746600000, 0x0000000746600000, 0x0000000746800000|  0%| F|  |TAMS 0x0000000746600000, 0x0000000746600000| Untracked 
|  41|0x0000000746800000, 0x0000000746800000, 0x0000000746a00000|  0%| F|  |TAMS 0x0000000746800000, 0x0000000746800000| Untracked 
|  42|0x0000000746a00000, 0x0000000746a00000, 0x0000000746c00000|  0%| F|  |TAMS 0x0000000746a00000, 0x0000000746a00000| Untracked 
|  43|0x0000000746c00000, 0x0000000746c00000, 0x0000000746e00000|  0%| F|  |TAMS 0x0000000746c00000, 0x0000000746c00000| Untracked 
|  44|0x0000000746e00000, 0x0000000746e00000, 0x0000000747000000|  0%| F|  |TAMS 0x0000000746e00000, 0x0000000746e00000| Untracked 
|  45|0x0000000747000000, 0x0000000747000000, 0x0000000747200000|  0%| F|  |TAMS 0x0000000747000000, 0x0000000747000000| Untracked 
|  46|0x0000000747200000, 0x0000000747200000, 0x0000000747400000|  0%| F|  |TAMS 0x0000000747200000, 0x0000000747200000| Untracked 
|  47|0x0000000747400000, 0x0000000747400000, 0x0000000747600000|  0%| F|  |TAMS 0x0000000747400000, 0x0000000747400000| Untracked 
|  48|0x0000000747600000, 0x0000000747600000, 0x0000000747800000|  0%| F|  |TAMS 0x0000000747600000, 0x0000000747600000| Untracked 
|  49|0x0000000747800000, 0x0000000747800000, 0x0000000747a00000|  0%| F|  |TAMS 0x0000000747800000, 0x0000000747800000| Untracked 
|  50|0x0000000747a00000, 0x0000000747a00000, 0x0000000747c00000|  0%| F|  |TAMS 0x0000000747a00000, 0x0000000747a00000| Untracked 
|  51|0x0000000747c00000, 0x0000000747c00000, 0x0000000747e00000|  0%| F|  |TAMS 0x0000000747c00000, 0x0000000747c00000| Untracked 
|  52|0x0000000747e00000, 0x0000000747e00000, 0x0000000748000000|  0%| F|  |TAMS 0x0000000747e00000, 0x0000000747e00000| Untracked 
|  53|0x0000000748000000, 0x0000000748000000, 0x0000000748200000|  0%| F|  |TAMS 0x0000000748000000, 0x0000000748000000| Untracked 
|  54|0x0000000748200000, 0x0000000748200000, 0x0000000748400000|  0%| F|  |TAMS 0x0000000748200000, 0x0000000748200000| Untracked 
|  55|0x0000000748400000, 0x0000000748400000, 0x0000000748600000|  0%| F|  |TAMS 0x0000000748400000, 0x0000000748400000| Untracked 
|  56|0x0000000748600000, 0x0000000748600000, 0x0000000748800000|  0%| F|  |TAMS 0x0000000748600000, 0x0000000748600000| Untracked 
|  57|0x0000000748800000, 0x0000000748800000, 0x0000000748a00000|  0%| F|  |TAMS 0x0000000748800000, 0x0000000748800000| Untracked 
|  58|0x0000000748a00000, 0x0000000748a00000, 0x0000000748c00000|  0%| F|  |TAMS 0x0000000748a00000, 0x0000000748a00000| Untracked 
|  59|0x0000000748c00000, 0x0000000748c00000, 0x0000000748e00000|  0%| F|  |TAMS 0x0000000748c00000, 0x0000000748c00000| Untracked 
|  60|0x0000000748e00000, 0x0000000748e00000, 0x0000000749000000|  0%| F|  |TAMS 0x0000000748e00000, 0x0000000748e00000| Untracked 
|  61|0x0000000749000000, 0x0000000749000000, 0x0000000749200000|  0%| F|  |TAMS 0x0000000749000000, 0x0000000749000000| Untracked 
|  62|0x0000000749200000, 0x0000000749200000, 0x0000000749400000|  0%| F|  |TAMS 0x0000000749200000, 0x0000000749200000| Untracked 
|  63|0x0000000749400000, 0x0000000749400000, 0x0000000749600000|  0%| F|  |TAMS 0x0000000749400000, 0x0000000749400000| Untracked 
|  64|0x0000000749600000, 0x0000000749600000, 0x0000000749800000|  0%| F|  |TAMS 0x0000000749600000, 0x0000000749600000| Untracked 
|  65|0x0000000749800000, 0x0000000749800000, 0x0000000749a00000|  0%| F|  |TAMS 0x0000000749800000, 0x0000000749800000| Untracked 
|  66|0x0000000749a00000, 0x0000000749a00000, 0x0000000749c00000|  0%| F|  |TAMS 0x0000000749a00000, 0x0000000749a00000| Untracked 
|  67|0x0000000749c00000, 0x0000000749c00000, 0x0000000749e00000|  0%| F|  |TAMS 0x0000000749c00000, 0x0000000749c00000| Untracked 
|  68|0x0000000749e00000, 0x0000000749e00000, 0x000000074a000000|  0%| F|  |TAMS 0x0000000749e00000, 0x0000000749e00000| Untracked 
|  69|0x000000074a000000, 0x000000074a000000, 0x000000074a200000|  0%| F|  |TAMS 0x000000074a000000, 0x000000074a000000| Untracked 
|  70|0x000000074a200000, 0x000000074a200000, 0x000000074a400000|  0%| F|  |TAMS 0x000000074a200000, 0x000000074a200000| Untracked 
|  71|0x000000074a400000, 0x000000074a400000, 0x000000074a600000|  0%| F|  |TAMS 0x000000074a400000, 0x000000074a400000| Untracked 
|  72|0x000000074a600000, 0x000000074a600000, 0x000000074a800000|  0%| F|  |TAMS 0x000000074a600000, 0x000000074a600000| Untracked 
|  73|0x000000074a800000, 0x000000074a800000, 0x000000074aa00000|  0%| F|  |TAMS 0x000000074a800000, 0x000000074a800000| Untracked 
|  74|0x000000074aa00000, 0x000000074aa00000, 0x000000074ac00000|  0%| F|  |TAMS 0x000000074aa00000, 0x000000074aa00000| Untracked 
|  75|0x000000074ac00000, 0x000000074ac00000, 0x000000074ae00000|  0%| F|  |TAMS 0x000000074ac00000, 0x000000074ac00000| Untracked 
|  76|0x000000074ae00000, 0x000000074ae00000, 0x000000074b000000|  0%| F|  |TAMS 0x000000074ae00000, 0x000000074ae00000| Untracked 
|  77|0x000000074b000000, 0x000000074b000000, 0x000000074b200000|  0%| F|  |TAMS 0x000000074b000000, 0x000000074b000000| Untracked 
|  78|0x000000074b200000, 0x000000074b200000, 0x000000074b400000|  0%| F|  |TAMS 0x000000074b200000, 0x000000074b200000| Untracked 
|  79|0x000000074b400000, 0x000000074b400000, 0x000000074b600000|  0%| F|  |TAMS 0x000000074b400000, 0x000000074b400000| Untracked 
|  80|0x000000074b600000, 0x000000074b600000, 0x000000074b800000|  0%| F|  |TAMS 0x000000074b600000, 0x000000074b600000| Untracked 
|  81|0x000000074b800000, 0x000000074b800000, 0x000000074ba00000|  0%| F|  |TAMS 0x000000074b800000, 0x000000074b800000| Untracked 
|  82|0x000000074ba00000, 0x000000074ba00000, 0x000000074bc00000|  0%| F|  |TAMS 0x000000074ba00000, 0x000000074ba00000| Untracked 
|  83|0x000000074bc00000, 0x000000074bc00000, 0x000000074be00000|  0%| F|  |TAMS 0x000000074bc00000, 0x000000074bc00000| Untracked 
|  84|0x000000074be00000, 0x000000074be00000, 0x000000074c000000|  0%| F|  |TAMS 0x000000074be00000, 0x000000074be00000| Untracked 
|  85|0x000000074c000000, 0x000000074c000000, 0x000000074c200000|  0%| F|  |TAMS 0x000000074c000000, 0x000000074c000000| Untracked 
|  86|0x000000074c200000, 0x000000074c200000, 0x000000074c400000|  0%| F|  |TAMS 0x000000074c200000, 0x000000074c200000| Untracked 
|  87|0x000000074c400000, 0x000000074c400000, 0x000000074c600000|  0%| F|  |TAMS 0x000000074c400000, 0x000000074c400000| Untracked 
|  88|0x000000074c600000, 0x000000074c600000, 0x000000074c800000|  0%| F|  |TAMS 0x000000074c600000, 0x000000074c600000| Untracked 
|  89|0x000000074c800000, 0x000000074c8e1cb0, 0x000000074ca00000| 44%| E|  |TAMS 0x000000074c800000, 0x000000074c800000| Complete 
|  90|0x000000074ca00000, 0x000000074cc00000, 0x000000074cc00000|100%| E|CS|TAMS 0x000000074ca00000, 0x000000074ca00000| Complete 
|  91|0x000000074cc00000, 0x000000074ce00000, 0x000000074ce00000|100%| E|CS|TAMS 0x000000074cc00000, 0x000000074cc00000| Complete 
|  92|0x000000074ce00000, 0x000000074d000000, 0x000000074d000000|100%| E|CS|TAMS 0x000000074ce00000, 0x000000074ce00000| Complete 
|  93|0x000000074d000000, 0x000000074d200000, 0x000000074d200000|100%| E|CS|TAMS 0x000000074d000000, 0x000000074d000000| Complete 
|  94|0x000000074d200000, 0x000000074d400000, 0x000000074d400000|100%| E|CS|TAMS 0x000000074d200000, 0x000000074d200000| Complete 
|  95|0x000000074d400000, 0x000000074d600000, 0x000000074d600000|100%| E|CS|TAMS 0x000000074d400000, 0x000000074d400000| Complete 

Card table byte_map: [0x0000024bac0f0000,0x0000024bac6f0000] _byte_map_base: 0x0000024ba86e5000

Marking Bits (Prev, Next): (CMBitMap*) 0x0000024b9462c5a0, (CMBitMap*) 0x0000024b9462c5e0
 Prev Bits: [0x0000024baccf0000, 0x0000024bafc98000)
 Next Bits: [0x0000024bafca0000, 0x0000024bb2c48000)

Polling page: 0x0000024b92590000

Metaspace:

Usage:
  Non-class:      6.01 MB capacity,     3.94 MB ( 66%) used,     2.06 MB ( 34%) free+waste,     5.62 KB ( <1%) overhead. 
      Class:    484.00 KB capacity,   260.18 KB ( 54%) used,   221.63 KB ( 46%) free+waste,     2.19 KB ( <1%) overhead. 
       Both:      6.48 MB capacity,     4.19 MB ( 65%) used,     2.28 MB ( 35%) free+waste,     7.81 KB ( <1%) overhead. 

Virtual space:
  Non-class space:        8.00 MB reserved,       6.25 MB ( 78%) committed 
      Class space:        1.00 GB reserved,     512.00 KB ( <1%) committed 
             Both:        1.01 GB reserved,       6.75 MB ( <1%) committed 

Chunk freelists:
   Non-Class:  58.00 KB
       Class:  28.00 KB
        Both:  86.00 KB

MaxMetaspaceSize: 17179869184.00 GB
CompressedClassSpaceSize: 1.00 GB

CodeHeap 'non-profiled nmethods': size=120000Kb used=234Kb max_used=234Kb free=119765Kb
 bounds [0x0000024ba4290000, 0x0000024ba4500000, 0x0000024bab7c0000]
CodeHeap 'profiled nmethods': size=120000Kb used=1214Kb max_used=1214Kb free=118785Kb
 bounds [0x0000024b9cd60000, 0x0000024b9cfd0000, 0x0000024ba4290000]
CodeHeap 'non-nmethods': size=5760Kb used=1624Kb max_used=1641Kb free=4135Kb
 bounds [0x0000024b9c7c0000, 0x0000024b9ca30000, 0x0000024b9cd60000]
 total_blobs=1767 nmethods=744 adapters=936
 compilation: enabled
              stopped_count=0, restarted_count=0
 full_count=0

Compilation events (20 events):
Event: 0.485 Thread 0x0000024bb5f15870  735       3       sun.net.www.protocol.jar.Handler::checkNestedProtocol (18 bytes)
Event: 0.485 Thread 0x0000024bb5f15870 nmethod 735 0x0000024b9ce8cf90 code [0x0000024b9ce8d140, 0x0000024b9ce8d308]
Event: 0.485 Thread 0x0000024bb5f15870  736       3       sun.misc.Unsafe::putLong (11 bytes)
Event: 0.485 Thread 0x0000024bb5f15870 nmethod 736 0x0000024b9ce8d410 code [0x0000024b9ce8d5a0, 0x0000024b9ce8d698]
Event: 0.485 Thread 0x0000024bb5f15870  737       3       org.lwjgl.system.MemoryUtil::memPutAddress (29 bytes)
Event: 0.485 Thread 0x0000024bb5f03230  738       4       java.lang.Integer::toUnsignedLong (7 bytes)
Event: 0.485 Thread 0x0000024bb61b2f60  739       4       sun.misc.Unsafe::putLong (11 bytes)
Event: 0.485 Thread 0x0000024bb5f15870 nmethod 737 0x0000024b9ce8d710 code [0x0000024b9ce8d8c0, 0x0000024b9ce8dab8]
Event: 0.486 Thread 0x0000024bb5f03230 nmethod 738 0x0000024ba42ca410 code [0x0000024ba42ca580, 0x0000024ba42ca5b8]
Event: 0.486 Thread 0x0000024bb61b2f60 nmethod 739 0x0000024ba42ca710 code [0x0000024ba42ca880, 0x0000024ba42ca8f8]
Event: 0.486 Thread 0x0000024bb5f15870  740   !   3       java.util.zip.ZipFile$ZipFileInputStream::close (59 bytes)
Event: 0.486 Thread 0x0000024bb5f15870 nmethod 740 0x0000024b9ce8db90 code [0x0000024b9ce8dd40, 0x0000024b9ce8e0a8]
Event: 0.489 Thread 0x0000024bb5f15870  741       3       java.util.zip.ZipCoder$UTF8ZipCoder::toString (12 bytes)
Event: 0.489 Thread 0x0000024bb5f15870 nmethod 741 0x0000024b9ce8e290 code [0x0000024b9ce8e440, 0x0000024b9ce8e5c8]
Event: 0.489 Thread 0x0000024bb5f15870  742       3       java.lang.System$2::newStringUTF8NoRepl (7 bytes)
Event: 0.489 Thread 0x0000024bb5f15870 nmethod 742 0x0000024b9ce8e690 code [0x0000024b9ce8e840, 0x0000024b9ce8e968]
Event: 0.489 Thread 0x0000024bb5f15870  743       3       java.lang.StringCoding::newStringUTF8NoRepl (56 bytes)
Event: 0.489 Thread 0x0000024bb5f15870 nmethod 743 0x0000024b9ce8ea10 code [0x0000024b9ce8ec20, 0x0000024b9ce8f278]
Event: 0.489 Thread 0x0000024bb5f15870  744       3       java.net.URL::toString (5 bytes)
Event: 0.489 Thread 0x0000024bb5f15870 nmethod 744 0x0000024b9ce8f510 code [0x0000024b9ce8f6c0, 0x0000024b9ce8f8e8]

GC Heap History (0 events):
No events

Deoptimization events (20 events):
Event: 0.326 Thread 0x0000024b945e8fc0 DEOPT PACKING pc=0x0000024b9ce23bc5 sp=0x0000005cf71fd900
Event: 0.326 Thread 0x0000024b945e8fc0 DEOPT UNPACKING pc=0x0000024b9c80e23f sp=0x0000005cf71fcd78 mode 0
Event: 0.326 Thread 0x0000024b945e8fc0 DEOPT PACKING pc=0x0000024b9ce23bc5 sp=0x0000005cf71fd900
Event: 0.326 Thread 0x0000024b945e8fc0 DEOPT UNPACKING pc=0x0000024b9c80e23f sp=0x0000005cf71fcd78 mode 0
Event: 0.326 Thread 0x0000024b945e8fc0 DEOPT PACKING pc=0x0000024b9ce23bc5 sp=0x0000005cf71fd900
Event: 0.326 Thread 0x0000024b945e8fc0 DEOPT UNPACKING pc=0x0000024b9c80e23f sp=0x0000005cf71fcd78 mode 0
Event: 0.383 Thread 0x0000024b945e8fc0 DEOPT PACKING pc=0x0000024b9ce5c4bf sp=0x0000005cf71fda80
Event: 0.383 Thread 0x0000024b945e8fc0 DEOPT UNPACKING pc=0x0000024b9c80e23f sp=0x0000005cf71fcea0 mode 0
Event: 0.386 Thread 0x0000024b945e8fc0 DEOPT PACKING pc=0x0000024b9ce471cf sp=0x0000005cf71fda50
Event: 0.386 Thread 0x0000024b945e8fc0 DEOPT UNPACKING pc=0x0000024b9c80e23f sp=0x0000005cf71fcee8 mode 0
Event: 0.471 Thread 0x0000024b945e8fc0 DEOPT PACKING pc=0x0000024b9cd942df sp=0x0000005cf71f8100
Event: 0.471 Thread 0x0000024b945e8fc0 DEOPT UNPACKING pc=0x0000024b9c80e23f sp=0x0000005cf71f7550 mode 0
Event: 0.474 Thread 0x0000024b945e8fc0 Uncommon trap: trap_request=0xffffffde fr.pc=0x0000024ba42b3a34 relative=0x00000000000002f4
Event: 0.474 Thread 0x0000024b945e8fc0 Uncommon trap: reason=class_check action=maybe_recompile pc=0x0000024ba42b3a34 method=java.util.HashMap.getNode(Ljava/lang/Object;)Ljava/util/HashMap$Node; @ 128 c2
Event: 0.474 Thread 0x0000024b945e8fc0 DEOPT PACKING pc=0x0000024ba42b3a34 sp=0x0000005cf71fbb40
Event: 0.474 Thread 0x0000024b945e8fc0 DEOPT UNPACKING pc=0x0000024b9c80e42f sp=0x0000005cf71fba48 mode 2
Event: 0.491 Thread 0x0000024b945e8fc0 Uncommon trap: trap_request=0xffffff54 fr.pc=0x0000024ba42ca8e0 relative=0x0000000000000060
Event: 0.491 Thread 0x0000024b945e8fc0 Uncommon trap: reason=speculate_null_assert action=make_not_entrant pc=0x0000024ba42ca8e0 method=sun.misc.Unsafe.putLong(Ljava/lang/Object;JJ)V @ 7 c2
Event: 0.491 Thread 0x0000024b945e8fc0 DEOPT PACKING pc=0x0000024ba42ca8e0 sp=0x0000005cf71fe730
Event: 0.491 Thread 0x0000024b945e8fc0 DEOPT UNPACKING pc=0x0000024b9c80e42f sp=0x0000005cf71fe6a8 mode 2

Classes unloaded (0 events):
No events

Classes redefined (0 events):
No events

Internal exceptions (20 events):
Event: 0.212 Thread 0x0000024b945e8fc0 Exception <a 'java/lang/NoSuchMethodError'{0x000000074cfe3158}: 'int java.lang.invoke.DirectMethodHandle$Holder.invokeSpecial(java.lang.Object, java.lang.Object, java.lang.Object)'> (0x000000074cfe3158) 
thrown [./open/src/hotspot/share/interpreter/linkResolver.cpp, line 782]
Event: 0.232 Thread 0x0000024b945e8fc0 Exception <a 'sun/nio/fs/WindowsException'{0x000000074cc2b880}> (0x000000074cc2b880) 
thrown [./open/src/hotspot/share/prims/jni.cpp, line 578]
Event: 0.232 Thread 0x0000024b945e8fc0 Exception <a 'sun/nio/fs/WindowsException'{0x000000074cc2bdc0}> (0x000000074cc2bdc0) 
thrown [./open/src/hotspot/share/prims/jni.cpp, line 578]
Event: 0.255 Thread 0x0000024b945e8fc0 Exception <a 'java/lang/NoSuchMethodError'{0x000000074ccc6bb8}: 'void java.lang.invoke.DirectMethodHandle$Holder.invokeStaticInit(java.lang.Object, java.lang.Object)'> (0x000000074ccc6bb8) 
thrown [./open/src/hotspot/share/interpreter/linkResolver.cpp, line 782]
Event: 0.285 Thread 0x0000024b945e8fc0 Exception <a 'sun/nio/fs/WindowsException'{0x000000074cd04790}> (0x000000074cd04790) 
thrown [./open/src/hotspot/share/prims/jni.cpp, line 578]
Event: 0.285 Thread 0x0000024b945e8fc0 Exception <a 'sun/nio/fs/WindowsException'{0x000000074cd04af0}> (0x000000074cd04af0) 
thrown [./open/src/hotspot/share/prims/jni.cpp, line 578]
Event: 0.294 Thread 0x0000024b945e8fc0 Exception <a 'java/lang/NoSuchMethodError'{0x000000074cd544c0}: 'int java.lang.invoke.DirectMethodHandle$Holder.invokeStaticInit(java.lang.Object, java.lang.Object, int, long)'> (0x000000074cd544c0) 
thrown [./open/src/hotspot/share/interpreter/linkResolver.cpp, line 782]
Event: 0.295 Thread 0x0000024b945e8fc0 Exception <a 'java/lang/NoSuchMethodError'{0x000000074cd5a238}: 'java.lang.Object java.lang.invoke.DirectMethodHandle$Holder.newInvokeSpecial(java.lang.Object, java.lang.Object, int)'> (0x000000074cd5a238) 
thrown [./open/src/hotspot/share/interpreter/linkResolver.cpp, line 782]
Event: 0.297 Thread 0x0000024b945e8fc0 Exception <a 'java/lang/NoSuchMethodError'{0x000000074cd69250}: 'int java.lang.invoke.DirectMethodHandle$Holder.invokeStaticInit(java.lang.Object, java.lang.Object, long, long)'> (0x000000074cd69250) 
thrown [./open/src/hotspot/share/interpreter/linkResolver.cpp, line 782]
Event: 0.298 Thread 0x0000024b945e8fc0 Exception <a 'java/lang/NoSuchMethodError'{0x000000074cd6f978}: 'java.lang.Object java.lang.invoke.DirectMethodHandle$Holder.newInvokeSpecial(java.lang.Object, java.lang.Object, long)'> (0x000000074cd6f978) 
thrown [./open/src/hotspot/share/interpreter/linkResolver.cpp, line 782]
Event: 0.298 Thread 0x0000024b945e8fc0 Exception <a 'java/lang/NoSuchMethodError'{0x000000074cd73d68}: 'java.lang.Object java.lang.invoke.Invokers$Holder.linkToTargetMethod(java.lang.Object, long, java.lang.Object)'> (0x000000074cd73d68) 
thrown [./open/src/hotspot/share/interpreter/linkResolver.cpp, line 782]
Event: 0.299 Thread 0x0000024b945e8fc0 Exception <a 'java/lang/NoSuchMethodError'{0x000000074cd7b748}: 'int java.lang.invoke.DirectMethodHandle$Holder.invokeStaticInit(java.lang.Object, java.lang.Object, java.lang.Object, long)'> (0x000000074cd7b748) 
thrown [./open/src/hotspot/share/interpreter/linkResolver.cpp, line 782]
Event: 0.369 Thread 0x0000024b945e8fc0 Exception <a 'sun/nio/fs/WindowsException'{0x000000074cdcc688}> (0x000000074cdcc688) 
thrown [./open/src/hotspot/share/prims/jni.cpp, line 578]
Event: 0.369 Thread 0x0000024b945e8fc0 Exception <a 'sun/nio/fs/WindowsException'{0x000000074cdcc9f8}> (0x000000074cdcc9f8) 
thrown [./open/src/hotspot/share/prims/jni.cpp, line 578]
Event: 0.412 Thread 0x0000024b945e8fc0 Exception <a 'sun/nio/fs/WindowsException'{0x000000074ca2b7a8}> (0x000000074ca2b7a8) 
thrown [./open/src/hotspot/share/prims/jni.cpp, line 578]
Event: 0.413 Thread 0x0000024b945e8fc0 Exception <a 'sun/nio/fs/WindowsException'{0x000000074ca2bb30}> (0x000000074ca2bb30) 
thrown [./open/src/hotspot/share/prims/jni.cpp, line 578]
Event: 0.477 Thread 0x0000024b945e8fc0 Exception <a 'sun/nio/fs/WindowsException'{0x000000074cbf6568}> (0x000000074cbf6568) 
thrown [./open/src/hotspot/share/prims/jni.cpp, line 578]
Event: 0.477 Thread 0x0000024b945e8fc0 Exception <a 'sun/nio/fs/WindowsException'{0x000000074cbf68f8}> (0x000000074cbf68f8) 
thrown [./open/src/hotspot/share/prims/jni.cpp, line 578]
Event: 0.483 Thread 0x0000024b945e8fc0 Exception <a 'sun/nio/fs/WindowsException'{0x000000074c80ffd0}> (0x000000074c80ffd0) 
thrown [./open/src/hotspot/share/prims/jni.cpp, line 578]
Event: 0.483 Thread 0x0000024b945e8fc0 Exception <a 'sun/nio/fs/WindowsException'{0x000000074c8102a0}> (0x000000074c8102a0) 
thrown [./open/src/hotspot/share/prims/jni.cpp, line 578]

Events (20 events):
Event: 0.292 loading class sun/misc/Unsafe done
Event: 0.292 loading class jdk/internal/reflect/UnsafeFieldAccessorFactory
Event: 0.292 loading class jdk/internal/reflect/UnsafeFieldAccessorFactory done
Event: 0.292 loading class jdk/internal/reflect/UnsafeQualifiedStaticObjectFieldAccessorImpl
Event: 0.292 loading class jdk/internal/reflect/UnsafeQualifiedStaticFieldAccessorImpl
Event: 0.292 loading class jdk/internal/reflect/UnsafeQualifiedStaticFieldAccessorImpl done
Event: 0.292 loading class jdk/internal/reflect/UnsafeQualifiedStaticObjectFieldAccessorImpl done
Event: 0.294 loading class java/util/function/LongPredicate
Event: 0.294 loading class java/util/function/LongPredicate done
Event: 0.296 loading class jdk/internal/access/foreign/MemorySegmentProxy
Event: 0.296 loading class jdk/internal/access/foreign/MemorySegmentProxy done
Event: 0.300 loading class java/math/MutableBigInteger
Event: 0.300 loading class java/math/MutableBigInteger done
Event: 0.300 loading class java/nio/InvalidMarkException
Event: 0.300 loading class java/nio/InvalidMarkException done
Event: 0.300 loading class java/nio/BufferUnderflowException
Event: 0.300 loading class java/nio/BufferUnderflowException done
Event: 0.440 loading class jdk/internal/math/FDBigInteger
Event: 0.459 loading class jdk/internal/math/FDBigInteger done
Event: 0.479 Loaded shared library C:\Users\User\AppData\Local\Temp\lwjgl_User\3.3.3+5\x64\lwjgl_opengl.dll


Dynamic libraries:
0x00007ff7a27f0000 - 0x00007ff7a27fd000 	C:\Program Files\Java\jdk-15.0.1\bin\java.exe
0x00007ffe12690000 - 0x00007ffe12888000 	C:\WINDOWS\SYSTEM32\ntdll.dll
0x00007ffe12050000 - 0x00007ffe1210d000 	C:\WINDOWS\System32\KERNEL32.DLL
0x00007ffe0fe30000 - 0x00007ffe10126000 	C:\WINDOWS\System32\KERNELBASE.dll
0x00007ffe0d5c0000 - 0x00007ffe0d650000 	C:\WINDOWS\SYSTEM32\apphelp.dll
0x00007ffdfda90000 - 0x00007ffdfdaf3000 	C:\WINDOWS\SYSTEM32\AcGenral.DLL
0x00007ffe12580000 - 0x00007ffe1261e000 	C:\WINDOWS\System32\msvcrt.dll
0x00007ffe11840000 - 0x00007ffe118df000 	C:\WINDOWS\System32\sechost.dll
0x00007ffe11b00000 - 0x00007ffe11c26000 	C:\WINDOWS\System32\RPCRT4.dll
0x00007ffe0fe00000 - 0x00007ffe0fe27000 	C:\WINDOWS\System32\bcrypt.dll
0x00007ffe111e0000 - 0x00007ffe11235000 	C:\WINDOWS\System32\SHLWAPI.dll
0x00007ffe122a0000 - 0x00007ffe1243e000 	C:\WINDOWS\System32\USER32.dll
0x00007ffe104b0000 - 0x00007ffe104d2000 	C:\WINDOWS\System32\win32u.dll
0x00007ffe12620000 - 0x00007ffe1264b000 	C:\WINDOWS\System32\GDI32.dll
0x00007ffe10230000 - 0x00007ffe10347000 	C:\WINDOWS\System32\gdi32full.dll
0x00007ffe104e0000 - 0x00007ffe1057d000 	C:\WINDOWS\System32\msvcp_win.dll
0x00007ffe105d0000 - 0x00007ffe106d0000 	C:\WINDOWS\System32\ucrtbase.dll
0x00007ffe11240000 - 0x00007ffe1136b000 	C:\WINDOWS\System32\ole32.dll
0x00007ffe11cf0000 - 0x00007ffe12044000 	C:\WINDOWS\System32\combase.dll
0x00007ffe109c0000 - 0x00007ffe11105000 	C:\WINDOWS\System32\SHELL32.dll
0x00007ffe11120000 - 0x00007ffe111d3000 	C:\WINDOWS\System32\ADVAPI32.dll
0x00007ffe0fc00000 - 0x00007ffe0fc2e000 	C:\WINDOWS\SYSTEM32\USERENV.dll
0x00007ffe03cd0000 - 0x00007ffe03ced000 	C:\WINDOWS\SYSTEM32\MPR.dll
0x00007ffe0fc30000 - 0x00007ffe0fc62000 	C:\WINDOWS\SYSTEM32\SspiCli.dll
0x00007ffe11ac0000 - 0x00007ffe11af2000 	C:\WINDOWS\System32\IMM32.DLL
0x00007ffe04460000 - 0x00007ffe04479000 	C:\Program Files\Java\jdk-15.0.1\bin\VCRUNTIME140.dll
0x00007ffe05380000 - 0x00007ffe05398000 	C:\Program Files\Java\jdk-15.0.1\bin\jli.dll
0x00007ffe060a0000 - 0x00007ffe0633a000 	C:\WINDOWS\WinSxS\amd64_microsoft.windows.common-controls_6595b64144ccf1df_6.0.19041.3636_none_60b6a03d71f818d5\COMCTL32.dll
0x00007ffe0c360000 - 0x00007ffe0c36c000 	C:\Program Files\Java\jdk-15.0.1\bin\vcruntime140_1.dll
0x00007ffde4000000 - 0x00007ffde4091000 	C:\Program Files\Java\jdk-15.0.1\bin\msvcp140.dll
0x00007ffd9ea80000 - 0x00007ffd9f5de000 	C:\Program Files\Java\jdk-15.0.1\bin\server\jvm.dll
0x00007ffe11110000 - 0x00007ffe11118000 	C:\WINDOWS\System32\PSAPI.DLL
0x00007ffe040d0000 - 0x00007ffe040f7000 	C:\WINDOWS\SYSTEM32\WINMM.dll
0x00007ffe0b450000 - 0x00007ffe0b45a000 	C:\WINDOWS\SYSTEM32\VERSION.dll
0x00007ffdf1ed0000 - 0x00007ffdf1ed9000 	C:\WINDOWS\SYSTEM32\WSOCK32.dll
0x00007ffe12510000 - 0x00007ffe1257b000 	C:\WINDOWS\System32\WS2_32.dll
0x00007ffe0dbe0000 - 0x00007ffe0dbf2000 	C:\WINDOWS\SYSTEM32\kernel.appcore.dll
0x00007ffe070d0000 - 0x00007ffe070da000 	C:\Program Files\Java\jdk-15.0.1\bin\jimage.dll
0x00007ffe09a80000 - 0x00007ffe09c64000 	C:\WINDOWS\SYSTEM32\DBGHELP.DLL
0x00007ffe09950000 - 0x00007ffe09984000 	C:\WINDOWS\SYSTEM32\dbgcore.DLL
0x00007ffe10130000 - 0x00007ffe101b2000 	C:\WINDOWS\System32\bcryptPrimitives.dll
0x00007ffe03e30000 - 0x00007ffe03e55000 	C:\Program Files\Java\jdk-15.0.1\bin\java.dll
0x00007ffe0dde0000 - 0x00007ffe0e57c000 	C:\WINDOWS\SYSTEM32\windows.storage.dll
0x00007ffe0f5d0000 - 0x00007ffe0f5fe000 	C:\WINDOWS\SYSTEM32\Wldp.dll
0x00007ffe12440000 - 0x00007ffe1250d000 	C:\WINDOWS\System32\OLEAUT32.dll
0x00007ffe106d0000 - 0x00007ffe1077d000 	C:\WINDOWS\System32\SHCORE.dll
0x00007ffe0fc80000 - 0x00007ffe0fca5000 	C:\WINDOWS\SYSTEM32\profapi.dll
0x00007ffe03340000 - 0x00007ffe03359000 	C:\Program Files\Java\jdk-15.0.1\bin\net.dll
0x00007ffe09e80000 - 0x00007ffe09f8a000 	C:\WINDOWS\SYSTEM32\WINHTTP.dll
0x00007ffe0f3b0000 - 0x00007ffe0f41a000 	C:\WINDOWS\system32\mswsock.dll
0x00007ffe03280000 - 0x00007ffe03292000 	C:\Program Files\Java\jdk-15.0.1\bin\nio.dll
0x00007ffe01fa0000 - 0x00007ffe01fb8000 	C:\Program Files\Java\jdk-15.0.1\bin\zip.dll
0x00007ffe05c10000 - 0x00007ffe05c20000 	C:\Program Files\Java\jdk-15.0.1\bin\verify.dll
0x00007ffe09ca0000 - 0x00007ffe09cba000 	C:\Program Files\JetBrains\IntelliJ IDEA Community Edition 2019.3\bin\breakgen64.dll
0x00007ffde71f0000 - 0x00007ffde726b000 	C:\Users\User\AppData\Local\Temp\lwjgl_User\3.3.3+5\x64\lwjgl.dll
0x00007ffddba80000 - 0x00007ffddbbfa000 	C:\Users\User\AppData\Local\Temp\lwjgl_User\3.3.3+5\x64\draco.dll
0x00007ffdb6400000 - 0x00007ffdb69d0000 	C:\Users\User\AppData\Local\Temp\lwjgl_User\3.3.3+5\x64\assimp.dll
0x00007ffdc95d0000 - 0x00007ffdc9840000 	C:\Users\User\AppData\Local\Temp\lwjgl_User\3.3.3+5\x64\jemalloc.dll
0x00007ffde7190000 - 0x00007ffde71ee000 	C:\Users\User\AppData\Local\Temp\lwjgl_User\3.3.3+5\x64\lwjgl_opengl.dll
0x00007ffdffef0000 - 0x00007ffe00015000 	C:\WINDOWS\SYSTEM32\opengl32.dll
0x00007ffdfe220000 - 0x00007ffdfe24c000 	C:\WINDOWS\SYSTEM32\GLU32.dll

dbghelp: loaded successfully - version: 4.0.5 - missing functions: none
symbol engine: initialized successfully - sym options: 0x614 - pdb path: .;C:\Program Files\Java\jdk-15.0.1\bin;C:\WINDOWS\SYSTEM32;C:\WINDOWS\WinSxS\amd64_microsoft.windows.common-controls_6595b64144ccf1df_6.0.19041.3636_none_60b6a03d71f818d5;C:\Program Files\Java\jdk-15.0.1\bin\server;C:\Program Files\JetBrains\IntelliJ IDEA Community Edition 2019.3\bin;C:\Users\User\AppData\Local\Temp\lwjgl_User\3.3.3+5\x64

VM Arguments:
jvm_args: -Didea.launcher.port=55619 -Didea.launcher.bin.path=C:\Program Files\JetBrains\IntelliJ IDEA Community Edition 2019.3\bin -Dfile.encoding=UTF-8 
java_command: com.intellij.rt.execution.application.AppMainV2 org.example.Main
java_class_path (initial): C:\Users\User\Desktop\Eilan\VulkanLWJGL\target\classes;C:\Users\User\.m2\repository\org\lwjgl\lwjgl\3.3.3\lwjgl-3.3.3.jar;C:\Users\User\.m2\repository\org\lwjgl\lwjgl-assimp\3.3.3\lwjgl-assimp-3.3.3.jar;C:\Users\User\.m2\repository\org\lwjgl\lwjgl-bgfx\3.3.3\lwjgl-bgfx-3.3.3.jar;C:\Users\User\.m2\repository\org\lwjgl\lwjgl-cuda\3.3.3\lwjgl-cuda-3.3.3.jar;C:\Users\User\.m2\repository\org\lwjgl\lwjgl-egl\3.3.3\lwjgl-egl-3.3.3.jar;C:\Users\User\.m2\repository\org\lwjgl\lwjgl-fmod\3.3.3\lwjgl-fmod-3.3.3.jar;C:\Users\User\.m2\repository\org\lwjgl\lwjgl-freetype\3.3.3\lwjgl-freetype-3.3.3.jar;C:\Users\User\.m2\repository\org\lwjgl\lwjgl-glfw\3.3.3\lwjgl-glfw-3.3.3.jar;C:\Users\User\.m2\repository\org\lwjgl\lwjgl-harfbuzz\3.3.3\lwjgl-harfbuzz-3.3.3.jar;C:\Users\User\.m2\repository\org\lwjgl\lwjgl-hwloc\3.3.3\lwjgl-hwloc-3.3.3.jar;C:\Users\User\.m2\repository\org\lwjgl\lwjgl-jawt\3.3.3\lwjgl-jawt-3.3.3.jar;C:\Users\User\.m2\repository\org\lwjgl\lwjgl-jemalloc\3.3.3\lwjgl-jemalloc-3.3.3.jar;C:\Users\User\.m2\repository\org\lwjgl\lwjgl-ktx\3.3.3\lwjgl-ktx-3.3.3.jar;C:\Users\User\.m2\repository\org\lwjgl\lwjgl-libdivide\3.3.3\lwjgl-libdivide-3.3.3.jar;C:\Users\User\.m2\repository\org\lwjgl\lwjgl-llvm\3.3.3\lwjgl-llvm-3.3.3.jar;C:\Users\User\.m2\repository\org\lwjgl\lwjgl-lmdb\3.3.3\lwjgl-lmdb-3.3.3.jar;C:\Users\User\.m2\repository\org\lwjgl\lwjgl-lz4\3.3.3\lwjgl-lz4-3.3.3.jar;C:\Users\User\.m2\repository\org\lwjgl\lwjgl-meow\3.3.3\lwjgl-meow-3.3.3.jar;C:\Users\User\.m2\repository\org\lwjgl\lwjgl-meshoptimizer\3.3.3\lwjgl-meshoptimizer-3.3.3.jar;C:\Users\User\.m2\repository\org\lwjgl\lwjgl-nanovg\3.3.3\lwjgl-nanovg-3.3.3.jar;C:\Users\User\.m2\repository\org\lwjgl\lwjgl-nfd\3.3.3\lwjgl-nfd-3.3.3.jar;C:\Users\User\.m2\repository\org\lwjgl\lwjgl-nuklear\3.3.3\lwjgl-nuklear-3.3.3.jar;C:\Users\User\.m2\repository\org\lwjgl\lwjgl-odbc\3.3.3\lwjgl-odbc-3.3.3.jar;C:\Users\User\.m2\repository\org\lwjgl\lwjgl-openal\3.3.3\lwjgl-openal-3.3.3.jar;C:\Users\User\
Launcher Type: SUN_STANDARD

[Global flags]
     intx CICompilerCount                          = 4                                         {product} {ergonomic}
     uint ConcGCThreads                            = 2                                         {product} {ergonomic}
     uint G1ConcRefinementThreads                  = 8                                         {product} {ergonomic}
   size_t G1HeapRegionSize                         = 2097152                                   {product} {ergonomic}
    uintx GCDrainStackTargetSize                   = 64                                        {product} {ergonomic}
   size_t InitialHeapSize                          = 201326592                                 {product} {ergonomic}
   size_t MarkStackSize                            = 4194304                                   {product} {ergonomic}
   size_t MaxHeapSize                              = 3198156800                                {product} {ergonomic}
   size_t MaxNewSize                               = 1918894080                                {product} {ergonomic}
   size_t MinHeapDeltaBytes                        = 2097152                                   {product} {ergonomic}
   size_t MinHeapSize                              = 8388608                                   {product} {ergonomic}
    uintx NonNMethodCodeHeapSize                   = 5839372                                {pd product} {ergonomic}
    uintx NonProfiledCodeHeapSize                  = 122909434                              {pd product} {ergonomic}
    uintx ProfiledCodeHeapSize                     = 122909434                              {pd product} {ergonomic}
    uintx ReservedCodeCacheSize                    = 251658240                              {pd product} {ergonomic}
     bool SegmentedCodeCache                       = true                                      {product} {ergonomic}
   size_t SoftMaxHeapSize                          = 3198156800                             {manageable} {ergonomic}
     bool UseCompressedClassPointers               = true                                 {lp64_product} {ergonomic}
     bool UseCompressedOops                        = true                                 {lp64_product} {ergonomic}
     bool UseG1GC                                  = true                                      {product} {ergonomic}
     bool UseLargePagesIndividualAllocation        = false                                  {pd product} {ergonomic}

Logging:
Log output configuration:
 #0: stdout all=warning uptime,level,tags
 #1: stderr all=off uptime,level,tags

Environment Variables:
JAVA_HOME=C:\Program Files\Java\jdk-9
PATH=C:\VulkanSDK\1.3.275.0\Bin;C:\VulkanSDK\1.3.204.0\Bin;C:\Python39\Scripts\;C:\Python39\;C:\ProgramData\Oracle\Java\javapath;C:\Program Files\Intel\iCLS Client\;C:\Windows\system32;C:\Windows;C:\Windows\System32\Wbem;C:\Windows\System32\WindowsPowerShell\v1.0\;C:\Program Files (x86)\NVIDIA Corporation\PhysX\Common;C:\Program Files (x86)\Brackets\command;C:\WINDOWS\system32;C:\WINDOWS;C:\WINDOWS\System32\Wbem;C:\WINDOWS\System32\WindowsPowerShell\v1.0\;C:\Program Files (x86)\GtkSharp\2.12\bin;C:\WINDOWS\System32\OpenSSH\;C:\Program Files\Git\cmd;C:\Program Files\NVIDIA Corporation\NVIDIA NvDLISR;C:\WINDOWS\system32;C:\WINDOWS;C:\WINDOWS\System32\Wbem;C:\WINDOWS\System32\WindowsPowerShell\v1.0\;C:\WINDOWS\System32\OpenSSH\;C:\Gradle\gradle-5.4.1\gradle-5.4.1\bin;C:\Program Files\Java\jdk-9\bin;C:\Program Files\python;C:\Users\User\AppData\Roaming\nvm;C:\Program Files\nodejs;C:\ProgramData\chocolatey\bin;C:\Program Files\CMake\bin;C:\Program Files\PostgreSQL\13\bin;C:\Program Files\dotnet\;C:\Program Files (x86)\Intel\Intel(R) Management Engine Components\DAL;C:\Program Files\Intel\Intel(R) Management Engine Components\DAL;C:\Program Files\PostgreSQL\15\bin;C:\Users\User\Desktop\Tools\fbx-conv-master\fbx-conv;C:\Users\User\Desktop\Tools\model-packer;C:\Users\User\anaconda3;C:\Users\User\anaconda3\Library\mingw-w64\bin;C:\Users\User\anaconda3\Library\usr\bin;C:\Users\User\anaconda3\Library\bin;C:\Users\User\anaconda3\Scripts;C:\Python38\Scripts\;C:\Python38\;C:\Users\User\AppData\Local\Microsoft\WindowsApps;C:\Users\User\AppData\Local\atom\bin;C:\Users\User\AppData\Local\Microsoft\WindowsApps;C:\Users\User\AppData\Local\Programs\Microsoft VS Code\bin;C:\Users\User\AppData\Roaming\nvm;C:\Program Files\nodejs;C:\Users\User\Desktop\Tools\node-v10.2.1-win-x86\node-v10.2.1-win-x86;C:\Development\Android\SDK\platform-tools;C:\Gradle\gradle-6.8.3\bin;C:\Program Files\heroku\bin;C:\Users\User\.dotnet\tools;C:\VulkanSDK\1.3.204.0\Bin;C:\Program Files\PostgreSQL\15\bin;C:\Users\
USERNAME=User
OS=Windows_NT
PROCESSOR_IDENTIFIER=Intel64 Family 6 Model 158 Stepping 9, GenuineIntel



---------------  S Y S T E M  ---------------

OS:
 Windows 10 , 64 bit Build 19041 (10.0.19041.3636)
OS uptime: 18 days 7:31 hours
HyperV virtualization detected

CPU: total 8 (initial active 8) (4 cores per cpu, 2 threads per core) family 6 model 158 stepping 9 microcode 0xea, cmov, cx8, fxsr, mmx, sse, sse2, sse3, ssse3, sse4.1, sse4.2, popcnt, vzeroupper, avx, avx2, aes, clmul, erms, rtm, 3dnowpref, lzcnt, ht, tsc, tscinvbit, bmi1, bmi2, adx, fma, clflush, clflushopt

Memory: 4k page, system-wide physical 12199M (3300M free)
TotalPageFile size 27559M (AvailPageFile size 8292M)
current process WorkingSet (physical memory assigned to process): 64M, peak: 64M
current process commit charge ("private bytes"): 302M, peak: 302M

vm_info: OpenJDK 64-Bit Server VM (15.0.1+9-18) for windows-amd64 JRE (15.0.1+9-18), built on Sep 15 2020 14:39:31 by "mach5one" with unknown MS VC++:1925

END.
