#
# A fatal error has been detected by the Java Runtime Environment:
#
#  EXCEPTION_ACCESS_VIOLATION (0xc0000005) at pc=0x00007ffdc95d14cc, pid=69052, tid=78752
#
# JRE version: OpenJDK Runtime Environment (15.0.1+9) (build 15.0.1+9-18)
# Java VM: OpenJDK 64-Bit Server VM (15.0.1+9-18, mixed mode, sharing, tiered, compressed oops, g1 gc, windows-amd64)
# Problematic frame:
# C  [jemalloc.dll+0x14cc]
#
# No core dump will be written. Minidumps are not enabled by default on client versions of Windows
#
# If you would like to submit a bug report, please visit:
#   https://bugreport.java.com/bugreport/crash.jsp
# The crash happened outside the Java Virtual Machine in native code.
# See problematic frame for where to report the bug.
#

---------------  S U M M A R Y ------------

Command Line: -Didea.launcher.port=55657 -Didea.launcher.bin.path=C:\Program Files\JetBrains\IntelliJ IDEA Community Edition 2019.3\bin -Dfile.encoding=UTF-8 com.intellij.rt.execution.application.AppMainV2 org.example.Main

Host: Intel(R) Core(TM) i7-7700 CPU @ 3.60GHz, 8 cores, 11G,  Windows 10 , 64 bit Build 19041 (10.0.19041.3636)
Time: Mon Mar  4 06:51:40 2024 Central Standard Time elapsed time: 0.432754 seconds (0d 0h 0m 0s)

---------------  T H R E A D  ---------------

Current thread (0x00000255b2e9a830):  JavaThread "main" [_thread_in_native, id=78752, stack(0x000000a044d00000,0x000000a044e00000)]

Stack: [0x000000a044d00000,0x000000a044e00000],  sp=0x000000a044dfd840,  free space=1014k
Native frames: (J=compiled Java code, j=interpreted, Vv=VM code, C=native code)
C  [jemalloc.dll+0x14cc]

Java frames: (J=compiled Java code, j=interpreted, Vv=VM code)
j  org.lwjgl.system.JNI.invokePV(JJ)V+0
j  org.lwjgl.system.jemalloc.JEmalloc.nje_free(J)V+6
j  org.lwjgl.system.jemalloc.JEmallocAllocator.free(J)V+1
j  org.lwjgl.system.MemoryUtil.nmemFree(J)V+4
j  org.lwjgl.system.Struct.free()V+4
j  org.lwjgl.system.NativeResource.close()V+1
j  org.example.Main.loadModel()V+133
j  org.example.Main.main([Ljava/lang/String;)V+0
v  ~StubRoutines::call_stub
j  jdk.internal.reflect.NativeMethodAccessorImpl.invoke0(Ljava/lang/reflect/Method;Ljava/lang/Object;[Ljava/lang/Object;)Ljava/lang/Object;+0 java.base@15.0.1
j  jdk.internal.reflect.NativeMethodAccessorImpl.invoke(Ljava/lang/Object;[Ljava/lang/Object;)Ljava/lang/Object;+113 java.base@15.0.1
j  jdk.internal.reflect.DelegatingMethodAccessorImpl.invoke(Ljava/lang/Object;[Ljava/lang/Object;)Ljava/lang/Object;+6 java.base@15.0.1
j  java.lang.reflect.Method.invoke(Ljava/lang/Object;[Ljava/lang/Object;)Ljava/lang/Object;+59 java.base@15.0.1
j  com.intellij.rt.execution.application.AppMainV2.main([Ljava/lang/String;)V+184
v  ~StubRoutines::call_stub

siginfo: EXCEPTION_ACCESS_VIOLATION (0xc0000005), reading address 0x00000000000aa3b8


Register to memory mapping:

RIP=0x00007ffdc95d14cc jemalloc.dll
RAX=0x0 is NULL
RBX=0x0 is NULL
RCX=0x00000000000aa3b8 is an unknown value
RDX=0xfffffffffffffff0 is an unknown value
RSP=0x000000a044dfd840 is pointing into the stack for thread: 0x00000255b2e9a830
RBP=0x00000255c0000000 is an unknown value
RSI=0x00000255b2da0228 points into unknown readable memory: 0x00000255c0000000 | 00 00 00 c0 55 02 00 00
RDI=0x0000000000015477 is an unknown value
R8 =0x0000000000000008 is an unknown value
R9 =0x0 is NULL
R10=0x00000255b2da02b8 points into unknown readable memory: 0x0000000000000001 | 01 00 00 00 00 00 00 00
R11=0x00000255b2da02c8 points into unknown readable memory: 0x0000000000000001 | 01 00 00 00 00 00 00 00
R12=0x0 is NULL
R13=0x000000a044dfd948 is pointing into the stack for thread: 0x00000255b2e9a830
R14=0x00000255b2da01b8 points into unknown readable memory: 0x0000000000000001 | 01 00 00 00 00 00 00 00
R15=0x00000255b2da0360 points into unknown readable memory: 0x00000255b2da0108 | 08 01 da b2 55 02 00 00


Registers:
RAX=0x0000000000000000, RBX=0x0000000000000000, RCX=0x00000000000aa3b8, RDX=0xfffffffffffffff0
RSP=0x000000a044dfd840, RBP=0x00000255c0000000, RSI=0x00000255b2da0228, RDI=0x0000000000015477
R8 =0x0000000000000008, R9 =0x0000000000000000, R10=0x00000255b2da02b8, R11=0x00000255b2da02c8
R12=0x0000000000000000, R13=0x000000a044dfd948, R14=0x00000255b2da01b8, R15=0x00000255b2da0360
RIP=0x00007ffdc95d14cc, EFLAGS=0x0000000000010206

Top of Stack: (sp=0x000000a044dfd840)
0x000000a044dfd840:   0000000000000000 00007ffe126e07c0
0x000000a044dfd850:   0000000000000000 0000000000000000
0x000000a044dfd860:   0000000000000000 0000000000000000
0x000000a044dfd870:   0000000000000000 0000000000000000
0x000000a044dfd880:   000000a044dfe508 00000255d444f5c0
0x000000a044dfd890:   00000255b2da0008 00007ffdc95d8c4c
0x000000a044dfd8a0:   00000255b2da0360 0000000000000000
0x000000a044dfd8b0:   000000a044dfd9a0 00000255d5477540
0x000000a044dfd8c0:   00000255d5477540 0000000000000000
0x000000a044dfd8d0:   0000000000000000 0000000000000000
0x000000a044dfd8e0:   0000000000000000 0000000000000000
0x000000a044dfd8f0:   0000000000000000 0000000000000000
0x000000a044dfd900:   0000000000000000 0000000000000000
0x000000a044dfd910:   0000000000000000 0000000000000000
0x000000a044dfd920:   0000000000000000 0000000000000000
0x000000a044dfd930:   0000000000000000 0000000000000000 

Instructions: (pc=0x00007ffdc95d14cc)
0x00007ffdc95d13cc:   48 8b 46 08 49 89 86 08 01 00 00 48 89 4e 08 48
0x00007ffdc95d13dc:   8d 0c f9 e9 e0 00 00 00 49 8d 8e 10 01 00 00 ba
0x00007ffdc95d13ec:   01 00 00 00 48 8b c1 48 39 28 74 51 ff c2 48 83
0x00007ffdc95d13fc:   c0 10 83 fa 08 72 f0 81 e3 ff ff 03 00 49 8d 96
0x00007ffdc95d140c:   00 01 00 00 41 b8 70 00 00 00 49 8b 5c d9 58 e8
0x00007ffdc95d141c:   50 5e 03 00 48 8b 06 48 c1 ef 0c 49 89 86 00 01
0x00007ffdc95d142c:   00 00 81 e7 ff ff 03 00 48 8b 46 08 49 89 86 08
0x00007ffdc95d143c:   01 00 00 48 89 5e 08 48 8d 0c fb eb 7b 44 8b d2
0x00007ffdc95d144c:   4d 03 d2 8b ca 4f 8b 8c d6 08 01 00 00 85 d2 74
0x00007ffdc95d145c:   43 8d 42 ff 48 83 c1 10 4c 8d 40 10 8b d0 4d 03
0x00007ffdc95d146c:   c0 48 03 c9 48 03 d2 4b 8b 04 c6 49 89 04 ce 49
0x00007ffdc95d147c:   8b 84 d6 08 01 00 00 4b 89 84 d6 08 01 00 00 48
0x00007ffdc95d148c:   8b 06 4b 89 04 c6 48 8b 46 08 49 89 84 d6 08 01
0x00007ffdc95d149c:   00 00 eb 12 4d 89 86 00 01 00 00 48 8b 46 08 49
0x00007ffdc95d14ac:   89 86 08 01 00 00 48 c1 ef 0c 81 e7 ff ff 03 00
0x00007ffdc95d14bc:   4c 89 4e 08 49 8d 0c f9 4c 8b 7c 24 60 48 89 2e
0x00007ffdc95d14cc:   48 8b 09 48 8b 5c 24 68 48 8b c1 48 8b 6c 24 70
0x00007ffdc95d14dc:   48 8b 74 24 78 48 c1 e8 30 89 44 24 28 0f b6 c1
0x00007ffdc95d14ec:   24 01 88 44 24 31 0f b6 c1 d0 e8 24 01 48 c1 e9
0x00007ffdc95d14fc:   02 88 44 24 30 83 e1 07 8b 44 24 30 89 4c 24 2c
0x00007ffdc95d150c:   f2 0f 10 44 24 28 f2 41 0f 11 45 00 41 89 45 08
0x00007ffdc95d151c:   49 8b c5 48 83 c4 40 41 5e 41 5d 5f c3 cc cc cc
0x00007ffdc95d152c:   cc cc cc cc 48 83 ec 28 49 8b c9 49 8b c1 48 c1
0x00007ffdc95d153c:   e9 1e 48 25 00 00 00 c0 83 e1 0f 48 03 c9 49 39
0x00007ffdc95d154c:   04 c8 75 5b 49 8b 44 c8 08 49 c1 e9 0c 41 81 e1
0x00007ffdc95d155c:   ff ff 03 00 4a 8b 0c c8 48 8b c1 48 c1 e8 30 89
0x00007ffdc95d156c:   44 24 08 0f b6 c1 24 01 88 44 24 11 0f b6 c1 48
0x00007ffdc95d157c:   c1 e9 02 83 e1 07 d0 e8 24 01 89 4c 24 0c 48 8b
0x00007ffdc95d158c:   4c 24 50 f2 0f 10 44 24 08 88 44 24 10 8b 44 24
0x00007ffdc95d159c:   10 f2 0f 11 01 89 41 08 32 c0 48 83 c4 28 c3 b0
0x00007ffdc95d15ac:   01 48 83 c4 28 c3 cc cc cc cc cc cc cc cc cc cc
0x00007ffdc95d15bc:   cc cc cc cc 8b c2 4c 8d 0d 37 d2 05 00 49 8b 04 


Stack slot to memory mapping:
stack at sp + 0 slots: 0x0 is NULL
stack at sp + 1 slots: 0x00007ffe126e07c0 ntdll.dll
stack at sp + 2 slots: 0x0 is NULL
stack at sp + 3 slots: 0x0 is NULL
stack at sp + 4 slots: 0x0 is NULL
stack at sp + 5 slots: 0x0 is NULL
stack at sp + 6 slots: 0x0 is NULL
stack at sp + 7 slots: 0x0 is NULL


---------------  P R O C E S S  ---------------

Threads class SMR info:
_java_thread_list=0x00000255d4ad5750, length=14, elements={
0x00000255b2e9a830, 0x00000255d478c540, 0x00000255d478d110, 0x00000255d479f9e0,
0x00000255d47a02a0, 0x00000255d47a0d50, 0x00000255d47a9b40, 0x00000255d47adbe0,
0x00000255d47b8eb0, 0x00000255d48e0b30, 0x00000255d48e3ee0, 0x00000255d4a5d8a0,
0x00000255d4b28aa0, 0x00000255d4e6cd50
}

Java Threads: ( => current thread )
=>0x00000255b2e9a830 JavaThread "main" [_thread_in_native, id=78752, stack(0x000000a044d00000,0x000000a044e00000)]
  0x00000255d478c540 JavaThread "Reference Handler" daemon [_thread_blocked, id=49896, stack(0x000000a045400000,0x000000a045500000)]
  0x00000255d478d110 JavaThread "Finalizer" daemon [_thread_blocked, id=73120, stack(0x000000a045500000,0x000000a045600000)]
  0x00000255d479f9e0 JavaThread "Signal Dispatcher" daemon [_thread_blocked, id=75008, stack(0x000000a045600000,0x000000a045700000)]
  0x00000255d47a02a0 JavaThread "Attach Listener" daemon [_thread_blocked, id=63060, stack(0x000000a045700000,0x000000a045800000)]
  0x00000255d47a0d50 JavaThread "Service Thread" daemon [_thread_blocked, id=72208, stack(0x000000a045800000,0x000000a045900000)]
  0x00000255d47a9b40 JavaThread "C2 CompilerThread0" daemon [_thread_blocked, id=135056, stack(0x000000a045900000,0x000000a045a00000)]
  0x00000255d47adbe0 JavaThread "C1 CompilerThread0" daemon [_thread_blocked, id=63840, stack(0x000000a045a00000,0x000000a045b00000)]
  0x00000255d47b8eb0 JavaThread "Sweeper thread" daemon [_thread_blocked, id=80372, stack(0x000000a045b00000,0x000000a045c00000)]
  0x00000255d48e0b30 JavaThread "Notification Thread" daemon [_thread_blocked, id=89076, stack(0x000000a045c00000,0x000000a045d00000)]
  0x00000255d48e3ee0 JavaThread "Common-Cleaner" daemon [_thread_blocked, id=30392, stack(0x000000a045e00000,0x000000a045f00000)]
  0x00000255d4a5d8a0 JavaThread "C2 CompilerThread1" daemon [_thread_blocked, id=51916, stack(0x000000a045f00000,0x000000a046000000)]
  0x00000255d4b28aa0 JavaThread "C2 CompilerThread2" daemon [_thread_blocked, id=88696, stack(0x000000a046000000,0x000000a046100000)]
  0x00000255d4e6cd50 JavaThread "Monitor Ctrl-Break" daemon [_thread_in_native, id=84972, stack(0x000000a046100000,0x000000a046200000)]

Other Threads:
  0x00000255d4788090 VMThread "VM Thread" [stack: 0x000000a045300000,0x000000a045400000] [id=71120]
  0x00000255d48e1610 WatcherThread [stack: 0x000000a045d00000,0x000000a045e00000] [id=86092]
  0x00000255b2edc130 GCTaskThread "GC Thread#0" [stack: 0x000000a044e00000,0x000000a044f00000] [id=49528]
  0x00000255b2eea1a0 ConcurrentGCThread "G1 Main Marker" [stack: 0x000000a044f00000,0x000000a045000000] [id=67552]
  0x00000255b2eeb530 ConcurrentGCThread "G1 Conc#0" [stack: 0x000000a045000000,0x000000a045100000] [id=130372]
  0x00000255b2f1e690 ConcurrentGCThread "G1 Refine#0" [stack: 0x000000a045100000,0x000000a045200000] [id=75252]
  0x00000255d3e03440 ConcurrentGCThread "G1 Young RemSet Sampling" [stack: 0x000000a045200000,0x000000a045300000] [id=71540]

Threads with active compile tasks:

VM state: not at safepoint (normal execution)

VM Mutex/Monitor currently owned by a thread: None

Heap address: 0x0000000741600000, size: 3050 MB, Compressed Oops mode: Zero based, Oop shift amount: 3
CDS archive(s) mapped at: [0x0000000800000000-0x0000000800b50000-0x0000000800b50000), size 11862016, SharedBaseAddress: 0x0000000800000000, ArchiveRelocationMode: 0.
Compressed class space mapped at: 0x0000000800b50000-0x0000000840b50000, size: 1073741824
Narrow klass base: 0x0000000800000000, Narrow klass shift: 3, Narrow klass range: 0x100000000

GC Precious Log:
 CPUs: 8 total, 8 available
 Memory: 12199M
 Large Page Support: Disabled
 NUMA Support: Disabled
 Compressed Oops: Enabled (Zero based)
 Heap Region Size: 2M
 Heap Min Capacity: 8M
 Heap Initial Capacity: 192M
 Heap Max Capacity: 3050M
 Pre-touch: Disabled
 Parallel Workers: 8
 Concurrent Workers: 2
 Concurrent Refinement Workers: 8
 Periodic GC: Disabled

Heap:
 garbage-first heap   total 196608K, used 10240K [0x0000000741600000, 0x0000000800000000)
  region size 2048K, 6 young (12288K), 0 survivors (0K)
 Metaspace       used 3430K, capacity 5867K, committed 6144K, reserved 1056768K
  class space    used 247K, capacity 484K, committed 512K, reserved 1048576K

Heap Regions: E=young(eden), S=young(survivor), O=old, HS=humongous(starts), HC=humongous(continues), CS=collection set, F=free, OA=open archive, CA=closed archive, TAMS=top-at-mark-start (previous, next)
|   0|0x0000000741600000, 0x0000000741600000, 0x0000000741800000|  0%| F|  |TAMS 0x0000000741600000, 0x0000000741600000| Untracked 
|   1|0x0000000741800000, 0x0000000741800000, 0x0000000741a00000|  0%| F|  |TAMS 0x0000000741800000, 0x0000000741800000| Untracked 
|   2|0x0000000741a00000, 0x0000000741a00000, 0x0000000741c00000|  0%| F|  |TAMS 0x0000000741a00000, 0x0000000741a00000| Untracked 
|   3|0x0000000741c00000, 0x0000000741c00000, 0x0000000741e00000|  0%| F|  |TAMS 0x0000000741c00000, 0x0000000741c00000| Untracked 
|   4|0x0000000741e00000, 0x0000000741e00000, 0x0000000742000000|  0%| F|  |TAMS 0x0000000741e00000, 0x0000000741e00000| Untracked 
|   5|0x0000000742000000, 0x0000000742000000, 0x0000000742200000|  0%| F|  |TAMS 0x0000000742000000, 0x0000000742000000| Untracked 
|   6|0x0000000742200000, 0x0000000742200000, 0x0000000742400000|  0%| F|  |TAMS 0x0000000742200000, 0x0000000742200000| Untracked 
|   7|0x0000000742400000, 0x0000000742400000, 0x0000000742600000|  0%| F|  |TAMS 0x0000000742400000, 0x0000000742400000| Untracked 
|   8|0x0000000742600000, 0x0000000742600000, 0x0000000742800000|  0%| F|  |TAMS 0x0000000742600000, 0x0000000742600000| Untracked 
|   9|0x0000000742800000, 0x0000000742800000, 0x0000000742a00000|  0%| F|  |TAMS 0x0000000742800000, 0x0000000742800000| Untracked 
|  10|0x0000000742a00000, 0x0000000742a00000, 0x0000000742c00000|  0%| F|  |TAMS 0x0000000742a00000, 0x0000000742a00000| Untracked 
|  11|0x0000000742c00000, 0x0000000742c00000, 0x0000000742e00000|  0%| F|  |TAMS 0x0000000742c00000, 0x0000000742c00000| Untracked 
|  12|0x0000000742e00000, 0x0000000742e00000, 0x0000000743000000|  0%| F|  |TAMS 0x0000000742e00000, 0x0000000742e00000| Untracked 
|  13|0x0000000743000000, 0x0000000743000000, 0x0000000743200000|  0%| F|  |TAMS 0x0000000743000000, 0x0000000743000000| Untracked 
|  14|0x0000000743200000, 0x0000000743200000, 0x0000000743400000|  0%| F|  |TAMS 0x0000000743200000, 0x0000000743200000| Untracked 
|  15|0x0000000743400000, 0x0000000743400000, 0x0000000743600000|  0%| F|  |TAMS 0x0000000743400000, 0x0000000743400000| Untracked 
|  16|0x0000000743600000, 0x0000000743600000, 0x0000000743800000|  0%| F|  |TAMS 0x0000000743600000, 0x0000000743600000| Untracked 
|  17|0x0000000743800000, 0x0000000743800000, 0x0000000743a00000|  0%| F|  |TAMS 0x0000000743800000, 0x0000000743800000| Untracked 
|  18|0x0000000743a00000, 0x0000000743a00000, 0x0000000743c00000|  0%| F|  |TAMS 0x0000000743a00000, 0x0000000743a00000| Untracked 
|  19|0x0000000743c00000, 0x0000000743c00000, 0x0000000743e00000|  0%| F|  |TAMS 0x0000000743c00000, 0x0000000743c00000| Untracked 
|  20|0x0000000743e00000, 0x0000000743e00000, 0x0000000744000000|  0%| F|  |TAMS 0x0000000743e00000, 0x0000000743e00000| Untracked 
|  21|0x0000000744000000, 0x0000000744000000, 0x0000000744200000|  0%| F|  |TAMS 0x0000000744000000, 0x0000000744000000| Untracked 
|  22|0x0000000744200000, 0x0000000744200000, 0x0000000744400000|  0%| F|  |TAMS 0x0000000744200000, 0x0000000744200000| Untracked 
|  23|0x0000000744400000, 0x0000000744400000, 0x0000000744600000|  0%| F|  |TAMS 0x0000000744400000, 0x0000000744400000| Untracked 
|  24|0x0000000744600000, 0x0000000744600000, 0x0000000744800000|  0%| F|  |TAMS 0x0000000744600000, 0x0000000744600000| Untracked 
|  25|0x0000000744800000, 0x0000000744800000, 0x0000000744a00000|  0%| F|  |TAMS 0x0000000744800000, 0x0000000744800000| Untracked 
|  26|0x0000000744a00000, 0x0000000744a00000, 0x0000000744c00000|  0%| F|  |TAMS 0x0000000744a00000, 0x0000000744a00000| Untracked 
|  27|0x0000000744c00000, 0x0000000744c00000, 0x0000000744e00000|  0%| F|  |TAMS 0x0000000744c00000, 0x0000000744c00000| Untracked 
|  28|0x0000000744e00000, 0x0000000744e00000, 0x0000000745000000|  0%| F|  |TAMS 0x0000000744e00000, 0x0000000744e00000| Untracked 
|  29|0x0000000745000000, 0x0000000745000000, 0x0000000745200000|  0%| F|  |TAMS 0x0000000745000000, 0x0000000745000000| Untracked 
|  30|0x0000000745200000, 0x0000000745200000, 0x0000000745400000|  0%| F|  |TAMS 0x0000000745200000, 0x0000000745200000| Untracked 
|  31|0x0000000745400000, 0x0000000745400000, 0x0000000745600000|  0%| F|  |TAMS 0x0000000745400000, 0x0000000745400000| Untracked 
|  32|0x0000000745600000, 0x0000000745600000, 0x0000000745800000|  0%| F|  |TAMS 0x0000000745600000, 0x0000000745600000| Untracked 
|  33|0x0000000745800000, 0x0000000745800000, 0x0000000745a00000|  0%| F|  |TAMS 0x0000000745800000, 0x0000000745800000| Untracked 
|  34|0x0000000745a00000, 0x0000000745a00000, 0x0000000745c00000|  0%| F|  |TAMS 0x0000000745a00000, 0x0000000745a00000| Untracked 
|  35|0x0000000745c00000, 0x0000000745c00000, 0x0000000745e00000|  0%| F|  |TAMS 0x0000000745c00000, 0x0000000745c00000| Untracked 
|  36|0x0000000745e00000, 0x0000000745e00000, 0x0000000746000000|  0%| F|  |TAMS 0x0000000745e00000, 0x0000000745e00000| Untracked 
|  37|0x0000000746000000, 0x0000000746000000, 0x0000000746200000|  0%| F|  |TAMS 0x0000000746000000, 0x0000000746000000| Untracked 
|  38|0x0000000746200000, 0x0000000746200000, 0x0000000746400000|  0%| F|  |TAMS 0x0000000746200000, 0x0000000746200000| Untracked 
|  39|0x0000000746400000, 0x0000000746400000, 0x0000000746600000|  0%| F|  |TAMS 0x0000000746400000, 0x0000000746400000| Untracked 
|  40|0x0000000746600000, 0x0000000746600000, 0x0000000746800000|  0%| F|  |TAMS 0x0000000746600000, 0x0000000746600000| Untracked 
|  41|0x0000000746800000, 0x0000000746800000, 0x0000000746a00000|  0%| F|  |TAMS 0x0000000746800000, 0x0000000746800000| Untracked 
|  42|0x0000000746a00000, 0x0000000746a00000, 0x0000000746c00000|  0%| F|  |TAMS 0x0000000746a00000, 0x0000000746a00000| Untracked 
|  43|0x0000000746c00000, 0x0000000746c00000, 0x0000000746e00000|  0%| F|  |TAMS 0x0000000746c00000, 0x0000000746c00000| Untracked 
|  44|0x0000000746e00000, 0x0000000746e00000, 0x0000000747000000|  0%| F|  |TAMS 0x0000000746e00000, 0x0000000746e00000| Untracked 
|  45|0x0000000747000000, 0x0000000747000000, 0x0000000747200000|  0%| F|  |TAMS 0x0000000747000000, 0x0000000747000000| Untracked 
|  46|0x0000000747200000, 0x0000000747200000, 0x0000000747400000|  0%| F|  |TAMS 0x0000000747200000, 0x0000000747200000| Untracked 
|  47|0x0000000747400000, 0x0000000747400000, 0x0000000747600000|  0%| F|  |TAMS 0x0000000747400000, 0x0000000747400000| Untracked 
|  48|0x0000000747600000, 0x0000000747600000, 0x0000000747800000|  0%| F|  |TAMS 0x0000000747600000, 0x0000000747600000| Untracked 
|  49|0x0000000747800000, 0x0000000747800000, 0x0000000747a00000|  0%| F|  |TAMS 0x0000000747800000, 0x0000000747800000| Untracked 
|  50|0x0000000747a00000, 0x0000000747a00000, 0x0000000747c00000|  0%| F|  |TAMS 0x0000000747a00000, 0x0000000747a00000| Untracked 
|  51|0x0000000747c00000, 0x0000000747c00000, 0x0000000747e00000|  0%| F|  |TAMS 0x0000000747c00000, 0x0000000747c00000| Untracked 
|  52|0x0000000747e00000, 0x0000000747e00000, 0x0000000748000000|  0%| F|  |TAMS 0x0000000747e00000, 0x0000000747e00000| Untracked 
|  53|0x0000000748000000, 0x0000000748000000, 0x0000000748200000|  0%| F|  |TAMS 0x0000000748000000, 0x0000000748000000| Untracked 
|  54|0x0000000748200000, 0x0000000748200000, 0x0000000748400000|  0%| F|  |TAMS 0x0000000748200000, 0x0000000748200000| Untracked 
|  55|0x0000000748400000, 0x0000000748400000, 0x0000000748600000|  0%| F|  |TAMS 0x0000000748400000, 0x0000000748400000| Untracked 
|  56|0x0000000748600000, 0x0000000748600000, 0x0000000748800000|  0%| F|  |TAMS 0x0000000748600000, 0x0000000748600000| Untracked 
|  57|0x0000000748800000, 0x0000000748800000, 0x0000000748a00000|  0%| F|  |TAMS 0x0000000748800000, 0x0000000748800000| Untracked 
|  58|0x0000000748a00000, 0x0000000748a00000, 0x0000000748c00000|  0%| F|  |TAMS 0x0000000748a00000, 0x0000000748a00000| Untracked 
|  59|0x0000000748c00000, 0x0000000748c00000, 0x0000000748e00000|  0%| F|  |TAMS 0x0000000748c00000, 0x0000000748c00000| Untracked 
|  60|0x0000000748e00000, 0x0000000748e00000, 0x0000000749000000|  0%| F|  |TAMS 0x0000000748e00000, 0x0000000748e00000| Untracked 
|  61|0x0000000749000000, 0x0000000749000000, 0x0000000749200000|  0%| F|  |TAMS 0x0000000749000000, 0x0000000749000000| Untracked 
|  62|0x0000000749200000, 0x0000000749200000, 0x0000000749400000|  0%| F|  |TAMS 0x0000000749200000, 0x0000000749200000| Untracked 
|  63|0x0000000749400000, 0x0000000749400000, 0x0000000749600000|  0%| F|  |TAMS 0x0000000749400000, 0x0000000749400000| Untracked 
|  64|0x0000000749600000, 0x0000000749600000, 0x0000000749800000|  0%| F|  |TAMS 0x0000000749600000, 0x0000000749600000| Untracked 
|  65|0x0000000749800000, 0x0000000749800000, 0x0000000749a00000|  0%| F|  |TAMS 0x0000000749800000, 0x0000000749800000| Untracked 
|  66|0x0000000749a00000, 0x0000000749a00000, 0x0000000749c00000|  0%| F|  |TAMS 0x0000000749a00000, 0x0000000749a00000| Untracked 
|  67|0x0000000749c00000, 0x0000000749c00000, 0x0000000749e00000|  0%| F|  |TAMS 0x0000000749c00000, 0x0000000749c00000| Untracked 
|  68|0x0000000749e00000, 0x0000000749e00000, 0x000000074a000000|  0%| F|  |TAMS 0x0000000749e00000, 0x0000000749e00000| Untracked 
|  69|0x000000074a000000, 0x000000074a000000, 0x000000074a200000|  0%| F|  |TAMS 0x000000074a000000, 0x000000074a000000| Untracked 
|  70|0x000000074a200000, 0x000000074a200000, 0x000000074a400000|  0%| F|  |TAMS 0x000000074a200000, 0x000000074a200000| Untracked 
|  71|0x000000074a400000, 0x000000074a400000, 0x000000074a600000|  0%| F|  |TAMS 0x000000074a400000, 0x000000074a400000| Untracked 
|  72|0x000000074a600000, 0x000000074a600000, 0x000000074a800000|  0%| F|  |TAMS 0x000000074a600000, 0x000000074a600000| Untracked 
|  73|0x000000074a800000, 0x000000074a800000, 0x000000074aa00000|  0%| F|  |TAMS 0x000000074a800000, 0x000000074a800000| Untracked 
|  74|0x000000074aa00000, 0x000000074aa00000, 0x000000074ac00000|  0%| F|  |TAMS 0x000000074aa00000, 0x000000074aa00000| Untracked 
|  75|0x000000074ac00000, 0x000000074ac00000, 0x000000074ae00000|  0%| F|  |TAMS 0x000000074ac00000, 0x000000074ac00000| Untracked 
|  76|0x000000074ae00000, 0x000000074ae00000, 0x000000074b000000|  0%| F|  |TAMS 0x000000074ae00000, 0x000000074ae00000| Untracked 
|  77|0x000000074b000000, 0x000000074b000000, 0x000000074b200000|  0%| F|  |TAMS 0x000000074b000000, 0x000000074b000000| Untracked 
|  78|0x000000074b200000, 0x000000074b200000, 0x000000074b400000|  0%| F|  |TAMS 0x000000074b200000, 0x000000074b200000| Untracked 
|  79|0x000000074b400000, 0x000000074b400000, 0x000000074b600000|  0%| F|  |TAMS 0x000000074b400000, 0x000000074b400000| Untracked 
|  80|0x000000074b600000, 0x000000074b600000, 0x000000074b800000|  0%| F|  |TAMS 0x000000074b600000, 0x000000074b600000| Untracked 
|  81|0x000000074b800000, 0x000000074b800000, 0x000000074ba00000|  0%| F|  |TAMS 0x000000074b800000, 0x000000074b800000| Untracked 
|  82|0x000000074ba00000, 0x000000074ba00000, 0x000000074bc00000|  0%| F|  |TAMS 0x000000074ba00000, 0x000000074ba00000| Untracked 
|  83|0x000000074bc00000, 0x000000074bc00000, 0x000000074be00000|  0%| F|  |TAMS 0x000000074bc00000, 0x000000074bc00000| Untracked 
|  84|0x000000074be00000, 0x000000074be00000, 0x000000074c000000|  0%| F|  |TAMS 0x000000074be00000, 0x000000074be00000| Untracked 
|  85|0x000000074c000000, 0x000000074c000000, 0x000000074c200000|  0%| F|  |TAMS 0x000000074c000000, 0x000000074c000000| Untracked 
|  86|0x000000074c200000, 0x000000074c200000, 0x000000074c400000|  0%| F|  |TAMS 0x000000074c200000, 0x000000074c200000| Untracked 
|  87|0x000000074c400000, 0x000000074c400000, 0x000000074c600000|  0%| F|  |TAMS 0x000000074c400000, 0x000000074c400000| Untracked 
|  88|0x000000074c600000, 0x000000074c600000, 0x000000074c800000|  0%| F|  |TAMS 0x000000074c600000, 0x000000074c600000| Untracked 
|  89|0x000000074c800000, 0x000000074c800000, 0x000000074ca00000|  0%| F|  |TAMS 0x000000074c800000, 0x000000074c800000| Untracked 
|  90|0x000000074ca00000, 0x000000074cb53368, 0x000000074cc00000| 66%| E|  |TAMS 0x000000074ca00000, 0x000000074ca00000| Complete 
|  91|0x000000074cc00000, 0x000000074ce00000, 0x000000074ce00000|100%| E|CS|TAMS 0x000000074cc00000, 0x000000074cc00000| Complete 
|  92|0x000000074ce00000, 0x000000074d000000, 0x000000074d000000|100%| E|CS|TAMS 0x000000074ce00000, 0x000000074ce00000| Complete 
|  93|0x000000074d000000, 0x000000074d200000, 0x000000074d200000|100%| E|CS|TAMS 0x000000074d000000, 0x000000074d000000| Complete 
|  94|0x000000074d200000, 0x000000074d400000, 0x000000074d400000|100%| E|CS|TAMS 0x000000074d200000, 0x000000074d200000| Complete 
|  95|0x000000074d400000, 0x000000074d600000, 0x000000074d600000|100%| E|CS|TAMS 0x000000074d400000, 0x000000074d400000| Complete 

Card table byte_map: [0x00000255ca9a0000,0x00000255cafa0000] _byte_map_base: 0x00000255c6f95000

Marking Bits (Prev, Next): (CMBitMap*) 0x00000255b2edc9a0, (CMBitMap*) 0x00000255b2edc9e0
 Prev Bits: [0x00000255cb5a0000, 0x00000255ce548000)
 Next Bits: [0x00000255ce550000, 0x00000255d14f8000)

Polling page: 0x00000255b0dd0000

Metaspace:

Usage:
  Non-class:      5.26 MB capacity,     3.11 MB ( 59%) used,     2.14 MB ( 41%) free+waste,     4.94 KB ( <1%) overhead. 
      Class:    484.00 KB capacity,   247.15 KB ( 51%) used,   234.66 KB ( 48%) free+waste,     2.19 KB ( <1%) overhead. 
       Both:      5.73 MB capacity,     3.35 MB ( 58%) used,     2.37 MB ( 41%) free+waste,     7.12 KB ( <1%) overhead. 

Virtual space:
  Non-class space:        8.00 MB reserved,       5.50 MB ( 69%) committed 
      Class space:        1.00 GB reserved,     512.00 KB ( <1%) committed 
             Both:        1.01 GB reserved,       6.00 MB ( <1%) committed 

Chunk freelists:
   Non-Class:  57.00 KB
       Class:  28.00 KB
        Both:  85.00 KB

MaxMetaspaceSize: 17179869184.00 GB
CompressedClassSpaceSize: 1.00 GB

CodeHeap 'non-profiled nmethods': size=120000Kb used=227Kb max_used=227Kb free=119772Kb
 bounds [0x00000255c2b40000, 0x00000255c2db0000, 0x00000255ca070000]
CodeHeap 'profiled nmethods': size=120000Kb used=1121Kb max_used=1121Kb free=118878Kb
 bounds [0x00000255bb610000, 0x00000255bb880000, 0x00000255c2b40000]
CodeHeap 'non-nmethods': size=5760Kb used=1591Kb max_used=1605Kb free=4168Kb
 bounds [0x00000255bb070000, 0x00000255bb2e0000, 0x00000255bb610000]
 total_blobs=1681 nmethods=701 adapters=893
 compilation: enabled
              stopped_count=0, restarted_count=0
 full_count=0

Compilation events (20 events):
Event: 0.418 Thread 0x00000255d47adbe0 nmethod 693 0x00000255bb725790 code [0x00000255bb725960, 0x00000255bb725da8]
Event: 0.418 Thread 0x00000255d47adbe0  694       3       java.util.ArrayList::add (23 bytes)
Event: 0.419 Thread 0x00000255d47adbe0 nmethod 694 0x00000255bb725f90 code [0x00000255bb726160, 0x00000255bb726528]
Event: 0.419 Thread 0x00000255d47adbe0  696       3       java.lang.StringConcatHelper::prepend (37 bytes)
Event: 0.419 Thread 0x00000255d47adbe0 nmethod 696 0x00000255bb726690 code [0x00000255bb726860, 0x00000255bb726b18]
Event: 0.419 Thread 0x00000255d47adbe0  695       3       java.lang.String::<init> (10 bytes)
Event: 0.419 Thread 0x00000255d47adbe0 nmethod 695 0x00000255bb726c90 code [0x00000255bb726e40, 0x00000255bb726f88]
Event: 0.419 Thread 0x00000255d47adbe0  691       3       java.util.Collections$SetFromMap::add (22 bytes)
Event: 0.419 Thread 0x00000255d47adbe0 nmethod 691 0x00000255bb727090 code [0x00000255bb727240, 0x00000255bb727488]
Event: 0.419 Thread 0x00000255d47adbe0  697       1       java.security.CodeSource::getLocation (5 bytes)
Event: 0.419 Thread 0x00000255d47adbe0 nmethod 697 0x00000255c2b78210 code [0x00000255c2b783a0, 0x00000255c2b78458]
Event: 0.420 Thread 0x00000255d4b28aa0 nmethod 690 0x00000255c2b78510 code [0x00000255c2b786a0, 0x00000255c2b78a78]
Event: 0.421 Thread 0x00000255d4b28aa0  698       4       java.nio.Buffer::remaining (10 bytes)
Event: 0.421 Thread 0x00000255d4b28aa0 nmethod 698 0x00000255c2b78c10 code [0x00000255c2b78d80, 0x00000255c2b78df8]
Event: 0.422 Thread 0x00000255d47adbe0  699       3       jdk.internal.math.FDBigInteger::mult (64 bytes)
Event: 0.422 Thread 0x00000255d47adbe0 nmethod 699 0x00000255bb727590 code [0x00000255bb727740, 0x00000255bb7279b8]
Event: 0.422 Thread 0x00000255d47adbe0  700       3       jdk.internal.math.FDBigInteger::<init> (30 bytes)
Event: 0.422 Thread 0x00000255d47adbe0 nmethod 700 0x00000255bb727b90 code [0x00000255bb727d40, 0x00000255bb727f48]
Event: 0.422 Thread 0x00000255d47adbe0  701       3       jdk.internal.math.FDBigInteger::trimLeadingZeros (57 bytes)
Event: 0.422 Thread 0x00000255d47adbe0 nmethod 701 0x00000255bb728090 code [0x00000255bb728240, 0x00000255bb728538]

GC Heap History (0 events):
No events

Deoptimization events (20 events):
Event: 0.316 Thread 0x00000255b2e9a830 DEOPT PACKING pc=0x00000255bb6d00c5 sp=0x000000a044dfd560
Event: 0.316 Thread 0x00000255b2e9a830 DEOPT UNPACKING pc=0x00000255bb0be23f sp=0x000000a044dfc9d8 mode 0
Event: 0.316 Thread 0x00000255b2e9a830 DEOPT PACKING pc=0x00000255bb6d00c5 sp=0x000000a044dfd560
Event: 0.316 Thread 0x00000255b2e9a830 DEOPT UNPACKING pc=0x00000255bb0be23f sp=0x000000a044dfc9d8 mode 0
Event: 0.317 Thread 0x00000255b2e9a830 DEOPT PACKING pc=0x00000255bb6d00c5 sp=0x000000a044dfd560
Event: 0.317 Thread 0x00000255b2e9a830 DEOPT UNPACKING pc=0x00000255bb0be23f sp=0x000000a044dfc9d8 mode 0
Event: 0.317 Thread 0x00000255b2e9a830 DEOPT PACKING pc=0x00000255bb6d0162 sp=0x000000a044dfd560
Event: 0.317 Thread 0x00000255b2e9a830 DEOPT UNPACKING pc=0x00000255bb0be23f sp=0x000000a044dfc9d8 mode 0
Event: 0.317 Thread 0x00000255b2e9a830 DEOPT PACKING pc=0x00000255bb6d00c5 sp=0x000000a044dfd560
Event: 0.317 Thread 0x00000255b2e9a830 DEOPT UNPACKING pc=0x00000255bb0be23f sp=0x000000a044dfc9d8 mode 0
Event: 0.317 Thread 0x00000255b2e9a830 DEOPT PACKING pc=0x00000255bb6d00c5 sp=0x000000a044dfd560
Event: 0.317 Thread 0x00000255b2e9a830 DEOPT UNPACKING pc=0x00000255bb0be23f sp=0x000000a044dfc9d8 mode 0
Event: 0.317 Thread 0x00000255b2e9a830 DEOPT PACKING pc=0x00000255bb6d00c5 sp=0x000000a044dfd560
Event: 0.317 Thread 0x00000255b2e9a830 DEOPT UNPACKING pc=0x00000255bb0be23f sp=0x000000a044dfc9d8 mode 0
Event: 0.317 Thread 0x00000255b2e9a830 DEOPT PACKING pc=0x00000255bb6d00c5 sp=0x000000a044dfd560
Event: 0.317 Thread 0x00000255b2e9a830 DEOPT UNPACKING pc=0x00000255bb0be23f sp=0x000000a044dfc9d8 mode 0
Event: 0.368 Thread 0x00000255b2e9a830 DEOPT PACKING pc=0x00000255bb70af3f sp=0x000000a044dfd6e0
Event: 0.368 Thread 0x00000255b2e9a830 DEOPT UNPACKING pc=0x00000255bb0be23f sp=0x000000a044dfcb00 mode 0
Event: 0.370 Thread 0x00000255b2e9a830 DEOPT PACKING pc=0x00000255bb6f5c4f sp=0x000000a044dfd6b0
Event: 0.370 Thread 0x00000255b2e9a830 DEOPT UNPACKING pc=0x00000255bb0be23f sp=0x000000a044dfcb48 mode 0

Classes unloaded (0 events):
No events

Classes redefined (0 events):
No events

Internal exceptions (20 events):
Event: 0.186 Thread 0x00000255d4e6cd50 Exception <a 'java/lang/NoSuchMethodError'{0x000000074cf11968}: 'void java.lang.invoke.DirectMethodHandle$Holder.invokeStatic(java.lang.Object, java.lang.Object)'> (0x000000074cf11968) 
thrown [./open/src/hotspot/share/interpreter/linkResolver.cpp, line 782]
Event: 0.191 Thread 0x00000255b2e9a830 Exception <a 'java/lang/NoSuchMethodError'{0x000000074cfc0808}: 'void java.lang.invoke.DirectMethodHandle$Holder.invokeSpecial(java.lang.Object, java.lang.Object, java.lang.Object)'> (0x000000074cfc0808) 
thrown [./open/src/hotspot/share/interpreter/linkResolver.cpp, line 782]
Event: 0.194 Thread 0x00000255b2e9a830 Exception <a 'java/lang/NoSuchMethodError'{0x000000074cfd5190}: 'java.lang.Object java.lang.invoke.DirectMethodHandle$Holder.invokeStatic(java.lang.Object, java.lang.Object, int)'> (0x000000074cfd5190) 
thrown [./open/src/hotspot/share/interpreter/linkResolver.cpp, line 782]
Event: 0.195 Thread 0x00000255b2e9a830 Exception <a 'java/lang/NoSuchMethodError'{0x000000074cfe12d8}: 'void java.lang.invoke.DelegatingMethodHandle$Holder.delegate(java.lang.Object, java.lang.Object, int, java.lang.Object)'> (0x000000074cfe12d8) 
thrown [./open/src/hotspot/share/interpreter/linkResolver.cpp, line 782]
Event: 0.196 Thread 0x00000255b2e9a830 Exception <a 'java/lang/NoSuchMethodError'{0x000000074cfe55a0}: 'int java.lang.invoke.DirectMethodHandle$Holder.invokeSpecial(java.lang.Object, java.lang.Object, java.lang.Object)'> (0x000000074cfe55a0) 
thrown [./open/src/hotspot/share/interpreter/linkResolver.cpp, line 782]
Event: 0.215 Thread 0x00000255b2e9a830 Exception <a 'sun/nio/fs/WindowsException'{0x000000074cc2dc78}> (0x000000074cc2dc78) 
thrown [./open/src/hotspot/share/prims/jni.cpp, line 578]
Event: 0.216 Thread 0x00000255b2e9a830 Exception <a 'sun/nio/fs/WindowsException'{0x000000074cc2e1b8}> (0x000000074cc2e1b8) 
thrown [./open/src/hotspot/share/prims/jni.cpp, line 578]
Event: 0.237 Thread 0x00000255b2e9a830 Exception <a 'java/lang/NoSuchMethodError'{0x000000074ccc8f00}: 'void java.lang.invoke.DirectMethodHandle$Holder.invokeStaticInit(java.lang.Object, java.lang.Object)'> (0x000000074ccc8f00) 
thrown [./open/src/hotspot/share/interpreter/linkResolver.cpp, line 782]
Event: 0.266 Thread 0x00000255b2e9a830 Exception <a 'sun/nio/fs/WindowsException'{0x000000074cd06c08}> (0x000000074cd06c08) 
thrown [./open/src/hotspot/share/prims/jni.cpp, line 578]
Event: 0.266 Thread 0x00000255b2e9a830 Exception <a 'sun/nio/fs/WindowsException'{0x000000074cd06f68}> (0x000000074cd06f68) 
thrown [./open/src/hotspot/share/prims/jni.cpp, line 578]
Event: 0.274 Thread 0x00000255b2e9a830 Exception <a 'java/lang/NoSuchMethodError'{0x000000074cd56648}: 'int java.lang.invoke.DirectMethodHandle$Holder.invokeStaticInit(java.lang.Object, java.lang.Object, int, long)'> (0x000000074cd56648) 
thrown [./open/src/hotspot/share/interpreter/linkResolver.cpp, line 782]
Event: 0.275 Thread 0x00000255b2e9a830 Exception <a 'java/lang/NoSuchMethodError'{0x000000074cd5c3c0}: 'java.lang.Object java.lang.invoke.DirectMethodHandle$Holder.newInvokeSpecial(java.lang.Object, java.lang.Object, int)'> (0x000000074cd5c3c0) 
thrown [./open/src/hotspot/share/interpreter/linkResolver.cpp, line 782]
Event: 0.276 Thread 0x00000255b2e9a830 Exception <a 'java/lang/NoSuchMethodError'{0x000000074cd6b3d8}: 'int java.lang.invoke.DirectMethodHandle$Holder.invokeStaticInit(java.lang.Object, java.lang.Object, long, long)'> (0x000000074cd6b3d8) 
thrown [./open/src/hotspot/share/interpreter/linkResolver.cpp, line 782]
Event: 0.277 Thread 0x00000255b2e9a830 Exception <a 'java/lang/NoSuchMethodError'{0x000000074cd71b00}: 'java.lang.Object java.lang.invoke.DirectMethodHandle$Holder.newInvokeSpecial(java.lang.Object, java.lang.Object, long)'> (0x000000074cd71b00) 
thrown [./open/src/hotspot/share/interpreter/linkResolver.cpp, line 782]
Event: 0.278 Thread 0x00000255b2e9a830 Exception <a 'java/lang/NoSuchMethodError'{0x000000074cd75ef0}: 'java.lang.Object java.lang.invoke.Invokers$Holder.linkToTargetMethod(java.lang.Object, long, java.lang.Object)'> (0x000000074cd75ef0) 
thrown [./open/src/hotspot/share/interpreter/linkResolver.cpp, line 782]
Event: 0.278 Thread 0x00000255b2e9a830 Exception <a 'java/lang/NoSuchMethodError'{0x000000074cd7d8d0}: 'int java.lang.invoke.DirectMethodHandle$Holder.invokeStaticInit(java.lang.Object, java.lang.Object, java.lang.Object, long)'> (0x000000074cd7d8d0) 
thrown [./open/src/hotspot/share/interpreter/linkResolver.cpp, line 782]
Event: 0.356 Thread 0x00000255b2e9a830 Exception <a 'sun/nio/fs/WindowsException'{0x000000074cdce838}> (0x000000074cdce838) 
thrown [./open/src/hotspot/share/prims/jni.cpp, line 578]
Event: 0.356 Thread 0x00000255b2e9a830 Exception <a 'sun/nio/fs/WindowsException'{0x000000074cdceba8}> (0x000000074cdceba8) 
thrown [./open/src/hotspot/share/prims/jni.cpp, line 578]
Event: 0.395 Thread 0x00000255b2e9a830 Exception <a 'sun/nio/fs/WindowsException'{0x000000074ca2d410}> (0x000000074ca2d410) 
thrown [./open/src/hotspot/share/prims/jni.cpp, line 578]
Event: 0.396 Thread 0x00000255b2e9a830 Exception <a 'sun/nio/fs/WindowsException'{0x000000074ca2d798}> (0x000000074ca2d798) 
thrown [./open/src/hotspot/share/prims/jni.cpp, line 578]

Events (20 events):
Event: 0.271 loading class sun/misc/Unsafe
Event: 0.272 loading class sun/misc/Unsafe done
Event: 0.272 loading class jdk/internal/reflect/UnsafeFieldAccessorFactory
Event: 0.272 loading class jdk/internal/reflect/UnsafeFieldAccessorFactory done
Event: 0.272 loading class jdk/internal/reflect/UnsafeQualifiedStaticObjectFieldAccessorImpl
Event: 0.272 loading class jdk/internal/reflect/UnsafeQualifiedStaticFieldAccessorImpl
Event: 0.272 loading class jdk/internal/reflect/UnsafeQualifiedStaticFieldAccessorImpl done
Event: 0.272 loading class jdk/internal/reflect/UnsafeQualifiedStaticObjectFieldAccessorImpl done
Event: 0.273 loading class java/util/function/LongPredicate
Event: 0.274 loading class java/util/function/LongPredicate done
Event: 0.275 loading class jdk/internal/access/foreign/MemorySegmentProxy
Event: 0.275 loading class jdk/internal/access/foreign/MemorySegmentProxy done
Event: 0.280 loading class java/math/MutableBigInteger
Event: 0.280 loading class java/math/MutableBigInteger done
Event: 0.280 loading class java/nio/InvalidMarkException
Event: 0.280 loading class java/nio/InvalidMarkException done
Event: 0.280 loading class java/nio/BufferUnderflowException
Event: 0.280 loading class java/nio/BufferUnderflowException done
Event: 0.421 loading class jdk/internal/math/FDBigInteger
Event: 0.421 loading class jdk/internal/math/FDBigInteger done


Dynamic libraries:
0x00007ff7a27f0000 - 0x00007ff7a27fd000 	C:\Program Files\Java\jdk-15.0.1\bin\java.exe
0x00007ffe12690000 - 0x00007ffe12888000 	C:\WINDOWS\SYSTEM32\ntdll.dll
0x00007ffe12050000 - 0x00007ffe1210d000 	C:\WINDOWS\System32\KERNEL32.DLL
0x00007ffe0fe30000 - 0x00007ffe10126000 	C:\WINDOWS\System32\KERNELBASE.dll
0x00007ffe0d5c0000 - 0x00007ffe0d650000 	C:\WINDOWS\SYSTEM32\apphelp.dll
0x00007ffdfda90000 - 0x00007ffdfdaf3000 	C:\WINDOWS\SYSTEM32\AcGenral.DLL
0x00007ffe12580000 - 0x00007ffe1261e000 	C:\WINDOWS\System32\msvcrt.dll
0x00007ffe11840000 - 0x00007ffe118df000 	C:\WINDOWS\System32\sechost.dll
0x00007ffe11b00000 - 0x00007ffe11c26000 	C:\WINDOWS\System32\RPCRT4.dll
0x00007ffe0fe00000 - 0x00007ffe0fe27000 	C:\WINDOWS\System32\bcrypt.dll
0x00007ffe111e0000 - 0x00007ffe11235000 	C:\WINDOWS\System32\SHLWAPI.dll
0x00007ffe122a0000 - 0x00007ffe1243e000 	C:\WINDOWS\System32\USER32.dll
0x00007ffe104b0000 - 0x00007ffe104d2000 	C:\WINDOWS\System32\win32u.dll
0x00007ffe12620000 - 0x00007ffe1264b000 	C:\WINDOWS\System32\GDI32.dll
0x00007ffe10230000 - 0x00007ffe10347000 	C:\WINDOWS\System32\gdi32full.dll
0x00007ffe104e0000 - 0x00007ffe1057d000 	C:\WINDOWS\System32\msvcp_win.dll
0x00007ffe105d0000 - 0x00007ffe106d0000 	C:\WINDOWS\System32\ucrtbase.dll
0x00007ffe11240000 - 0x00007ffe1136b000 	C:\WINDOWS\System32\ole32.dll
0x00007ffe11cf0000 - 0x00007ffe12044000 	C:\WINDOWS\System32\combase.dll
0x00007ffe109c0000 - 0x00007ffe11105000 	C:\WINDOWS\System32\SHELL32.dll
0x00007ffe11120000 - 0x00007ffe111d3000 	C:\WINDOWS\System32\ADVAPI32.dll
0x00007ffe0fc00000 - 0x00007ffe0fc2e000 	C:\WINDOWS\SYSTEM32\USERENV.dll
0x00007ffe03cd0000 - 0x00007ffe03ced000 	C:\WINDOWS\SYSTEM32\MPR.dll
0x00007ffe0fc30000 - 0x00007ffe0fc62000 	C:\WINDOWS\SYSTEM32\SspiCli.dll
0x00007ffe11ac0000 - 0x00007ffe11af2000 	C:\WINDOWS\System32\IMM32.DLL
0x00007ffe04460000 - 0x00007ffe04479000 	C:\Program Files\Java\jdk-15.0.1\bin\VCRUNTIME140.dll
0x00007ffe05380000 - 0x00007ffe05398000 	C:\Program Files\Java\jdk-15.0.1\bin\jli.dll
0x00007ffe060a0000 - 0x00007ffe0633a000 	C:\WINDOWS\WinSxS\amd64_microsoft.windows.common-controls_6595b64144ccf1df_6.0.19041.3636_none_60b6a03d71f818d5\COMCTL32.dll
0x00007ffe0c360000 - 0x00007ffe0c36c000 	C:\Program Files\Java\jdk-15.0.1\bin\vcruntime140_1.dll
0x00007ffde4000000 - 0x00007ffde4091000 	C:\Program Files\Java\jdk-15.0.1\bin\msvcp140.dll
0x00007ffd9ea80000 - 0x00007ffd9f5de000 	C:\Program Files\Java\jdk-15.0.1\bin\server\jvm.dll
0x00007ffe11110000 - 0x00007ffe11118000 	C:\WINDOWS\System32\PSAPI.DLL
0x00007ffe040d0000 - 0x00007ffe040f7000 	C:\WINDOWS\SYSTEM32\WINMM.dll
0x00007ffdf1ed0000 - 0x00007ffdf1ed9000 	C:\WINDOWS\SYSTEM32\WSOCK32.dll
0x00007ffe0b450000 - 0x00007ffe0b45a000 	C:\WINDOWS\SYSTEM32\VERSION.dll
0x00007ffe12510000 - 0x00007ffe1257b000 	C:\WINDOWS\System32\WS2_32.dll
0x00007ffe0dbe0000 - 0x00007ffe0dbf2000 	C:\WINDOWS\SYSTEM32\kernel.appcore.dll
0x00007ffe070d0000 - 0x00007ffe070da000 	C:\Program Files\Java\jdk-15.0.1\bin\jimage.dll
0x00007ffe09a80000 - 0x00007ffe09c64000 	C:\WINDOWS\SYSTEM32\DBGHELP.DLL
0x00007ffe09950000 - 0x00007ffe09984000 	C:\WINDOWS\SYSTEM32\dbgcore.DLL
0x00007ffe10130000 - 0x00007ffe101b2000 	C:\WINDOWS\System32\bcryptPrimitives.dll
0x00007ffe03e30000 - 0x00007ffe03e55000 	C:\Program Files\Java\jdk-15.0.1\bin\java.dll
0x00007ffe0dde0000 - 0x00007ffe0e57c000 	C:\WINDOWS\SYSTEM32\windows.storage.dll
0x00007ffe0f5d0000 - 0x00007ffe0f5fe000 	C:\WINDOWS\SYSTEM32\Wldp.dll
0x00007ffe12440000 - 0x00007ffe1250d000 	C:\WINDOWS\System32\OLEAUT32.dll
0x00007ffe106d0000 - 0x00007ffe1077d000 	C:\WINDOWS\System32\SHCORE.dll
0x00007ffe0fc80000 - 0x00007ffe0fca5000 	C:\WINDOWS\SYSTEM32\profapi.dll
0x00007ffe03340000 - 0x00007ffe03359000 	C:\Program Files\Java\jdk-15.0.1\bin\net.dll
0x00007ffe09e80000 - 0x00007ffe09f8a000 	C:\WINDOWS\SYSTEM32\WINHTTP.dll
0x00007ffe0f3b0000 - 0x00007ffe0f41a000 	C:\WINDOWS\system32\mswsock.dll
0x00007ffe03280000 - 0x00007ffe03292000 	C:\Program Files\Java\jdk-15.0.1\bin\nio.dll
0x00007ffe01fa0000 - 0x00007ffe01fb8000 	C:\Program Files\Java\jdk-15.0.1\bin\zip.dll
0x00007ffe05c10000 - 0x00007ffe05c20000 	C:\Program Files\Java\jdk-15.0.1\bin\verify.dll
0x00007ffe07160000 - 0x00007ffe0717a000 	C:\Program Files\JetBrains\IntelliJ IDEA Community Edition 2019.3\bin\breakgen64.dll
0x00007ffde71f0000 - 0x00007ffde726b000 	C:\Users\User\AppData\Local\Temp\lwjgl_User\3.3.3+5\x64\lwjgl.dll
0x00007ffddc8b0000 - 0x00007ffddca2a000 	C:\Users\User\AppData\Local\Temp\lwjgl_User\3.3.3+5\x64\draco.dll
0x00007ffdb6400000 - 0x00007ffdb69d0000 	C:\Users\User\AppData\Local\Temp\lwjgl_User\3.3.3+5\x64\assimp.dll
0x00007ffdc95d0000 - 0x00007ffdc9840000 	C:\Users\User\AppData\Local\Temp\lwjgl_User\3.3.3+5\x64\jemalloc.dll

dbghelp: loaded successfully - version: 4.0.5 - missing functions: none
symbol engine: initialized successfully - sym options: 0x614 - pdb path: .;C:\Program Files\Java\jdk-15.0.1\bin;C:\WINDOWS\SYSTEM32;C:\WINDOWS\WinSxS\amd64_microsoft.windows.common-controls_6595b64144ccf1df_6.0.19041.3636_none_60b6a03d71f818d5;C:\Program Files\Java\jdk-15.0.1\bin\server;C:\Program Files\JetBrains\IntelliJ IDEA Community Edition 2019.3\bin;C:\Users\User\AppData\Local\Temp\lwjgl_User\3.3.3+5\x64

VM Arguments:
jvm_args: -Didea.launcher.port=55657 -Didea.launcher.bin.path=C:\Program Files\JetBrains\IntelliJ IDEA Community Edition 2019.3\bin -Dfile.encoding=UTF-8 
java_command: com.intellij.rt.execution.application.AppMainV2 org.example.Main
java_class_path (initial): C:\Users\User\Desktop\Eilan\VulkanLWJGL\target\classes;C:\Users\User\.m2\repository\org\lwjgl\lwjgl\3.3.3\lwjgl-3.3.3.jar;C:\Users\User\.m2\repository\org\lwjgl\lwjgl-assimp\3.3.3\lwjgl-assimp-3.3.3.jar;C:\Users\User\.m2\repository\org\lwjgl\lwjgl-bgfx\3.3.3\lwjgl-bgfx-3.3.3.jar;C:\Users\User\.m2\repository\org\lwjgl\lwjgl-cuda\3.3.3\lwjgl-cuda-3.3.3.jar;C:\Users\User\.m2\repository\org\lwjgl\lwjgl-egl\3.3.3\lwjgl-egl-3.3.3.jar;C:\Users\User\.m2\repository\org\lwjgl\lwjgl-fmod\3.3.3\lwjgl-fmod-3.3.3.jar;C:\Users\User\.m2\repository\org\lwjgl\lwjgl-freetype\3.3.3\lwjgl-freetype-3.3.3.jar;C:\Users\User\.m2\repository\org\lwjgl\lwjgl-glfw\3.3.3\lwjgl-glfw-3.3.3.jar;C:\Users\User\.m2\repository\org\lwjgl\lwjgl-harfbuzz\3.3.3\lwjgl-harfbuzz-3.3.3.jar;C:\Users\User\.m2\repository\org\lwjgl\lwjgl-hwloc\3.3.3\lwjgl-hwloc-3.3.3.jar;C:\Users\User\.m2\repository\org\lwjgl\lwjgl-jawt\3.3.3\lwjgl-jawt-3.3.3.jar;C:\Users\User\.m2\repository\org\lwjgl\lwjgl-jemalloc\3.3.3\lwjgl-jemalloc-3.3.3.jar;C:\Users\User\.m2\repository\org\lwjgl\lwjgl-ktx\3.3.3\lwjgl-ktx-3.3.3.jar;C:\Users\User\.m2\repository\org\lwjgl\lwjgl-libdivide\3.3.3\lwjgl-libdivide-3.3.3.jar;C:\Users\User\.m2\repository\org\lwjgl\lwjgl-llvm\3.3.3\lwjgl-llvm-3.3.3.jar;C:\Users\User\.m2\repository\org\lwjgl\lwjgl-lmdb\3.3.3\lwjgl-lmdb-3.3.3.jar;C:\Users\User\.m2\repository\org\lwjgl\lwjgl-lz4\3.3.3\lwjgl-lz4-3.3.3.jar;C:\Users\User\.m2\repository\org\lwjgl\lwjgl-meow\3.3.3\lwjgl-meow-3.3.3.jar;C:\Users\User\.m2\repository\org\lwjgl\lwjgl-meshoptimizer\3.3.3\lwjgl-meshoptimizer-3.3.3.jar;C:\Users\User\.m2\repository\org\lwjgl\lwjgl-nanovg\3.3.3\lwjgl-nanovg-3.3.3.jar;C:\Users\User\.m2\repository\org\lwjgl\lwjgl-nfd\3.3.3\lwjgl-nfd-3.3.3.jar;C:\Users\User\.m2\repository\org\lwjgl\lwjgl-nuklear\3.3.3\lwjgl-nuklear-3.3.3.jar;C:\Users\User\.m2\repository\org\lwjgl\lwjgl-odbc\3.3.3\lwjgl-odbc-3.3.3.jar;C:\Users\User\.m2\repository\org\lwjgl\lwjgl-openal\3.3.3\lwjgl-openal-3.3.3.jar;C:\Users\User\
Launcher Type: SUN_STANDARD

[Global flags]
     intx CICompilerCount                          = 4                                         {product} {ergonomic}
     uint ConcGCThreads                            = 2                                         {product} {ergonomic}
     uint G1ConcRefinementThreads                  = 8                                         {product} {ergonomic}
   size_t G1HeapRegionSize                         = 2097152                                   {product} {ergonomic}
    uintx GCDrainStackTargetSize                   = 64                                        {product} {ergonomic}
   size_t InitialHeapSize                          = 201326592                                 {product} {ergonomic}
   size_t MarkStackSize                            = 4194304                                   {product} {ergonomic}
   size_t MaxHeapSize                              = 3198156800                                {product} {ergonomic}
   size_t MaxNewSize                               = 1918894080                                {product} {ergonomic}
   size_t MinHeapDeltaBytes                        = 2097152                                   {product} {ergonomic}
   size_t MinHeapSize                              = 8388608                                   {product} {ergonomic}
    uintx NonNMethodCodeHeapSize                   = 5839372                                {pd product} {ergonomic}
    uintx NonProfiledCodeHeapSize                  = 122909434                              {pd product} {ergonomic}
    uintx ProfiledCodeHeapSize                     = 122909434                              {pd product} {ergonomic}
    uintx ReservedCodeCacheSize                    = 251658240                              {pd product} {ergonomic}
     bool SegmentedCodeCache                       = true                                      {product} {ergonomic}
   size_t SoftMaxHeapSize                          = 3198156800                             {manageable} {ergonomic}
     bool UseCompressedClassPointers               = true                                 {lp64_product} {ergonomic}
     bool UseCompressedOops                        = true                                 {lp64_product} {ergonomic}
     bool UseG1GC                                  = true                                      {product} {ergonomic}
     bool UseLargePagesIndividualAllocation        = false                                  {pd product} {ergonomic}

Logging:
Log output configuration:
 #0: stdout all=warning uptime,level,tags
 #1: stderr all=off uptime,level,tags

Environment Variables:
JAVA_HOME=C:\Program Files\Java\jdk-9
PATH=C:\VulkanSDK\1.3.275.0\Bin;C:\VulkanSDK\1.3.204.0\Bin;C:\Python39\Scripts\;C:\Python39\;C:\ProgramData\Oracle\Java\javapath;C:\Program Files\Intel\iCLS Client\;C:\Windows\system32;C:\Windows;C:\Windows\System32\Wbem;C:\Windows\System32\WindowsPowerShell\v1.0\;C:\Program Files (x86)\NVIDIA Corporation\PhysX\Common;C:\Program Files (x86)\Brackets\command;C:\WINDOWS\system32;C:\WINDOWS;C:\WINDOWS\System32\Wbem;C:\WINDOWS\System32\WindowsPowerShell\v1.0\;C:\Program Files (x86)\GtkSharp\2.12\bin;C:\WINDOWS\System32\OpenSSH\;C:\Program Files\Git\cmd;C:\Program Files\NVIDIA Corporation\NVIDIA NvDLISR;C:\WINDOWS\system32;C:\WINDOWS;C:\WINDOWS\System32\Wbem;C:\WINDOWS\System32\WindowsPowerShell\v1.0\;C:\WINDOWS\System32\OpenSSH\;C:\Gradle\gradle-5.4.1\gradle-5.4.1\bin;C:\Program Files\Java\jdk-9\bin;C:\Program Files\python;C:\Users\User\AppData\Roaming\nvm;C:\Program Files\nodejs;C:\ProgramData\chocolatey\bin;C:\Program Files\CMake\bin;C:\Program Files\PostgreSQL\13\bin;C:\Program Files\dotnet\;C:\Program Files (x86)\Intel\Intel(R) Management Engine Components\DAL;C:\Program Files\Intel\Intel(R) Management Engine Components\DAL;C:\Program Files\PostgreSQL\15\bin;C:\Users\User\Desktop\Tools\fbx-conv-master\fbx-conv;C:\Users\User\Desktop\Tools\model-packer;C:\Users\User\anaconda3;C:\Users\User\anaconda3\Library\mingw-w64\bin;C:\Users\User\anaconda3\Library\usr\bin;C:\Users\User\anaconda3\Library\bin;C:\Users\User\anaconda3\Scripts;C:\Python38\Scripts\;C:\Python38\;C:\Users\User\AppData\Local\Microsoft\WindowsApps;C:\Users\User\AppData\Local\atom\bin;C:\Users\User\AppData\Local\Microsoft\WindowsApps;C:\Users\User\AppData\Local\Programs\Microsoft VS Code\bin;C:\Users\User\AppData\Roaming\nvm;C:\Program Files\nodejs;C:\Users\User\Desktop\Tools\node-v10.2.1-win-x86\node-v10.2.1-win-x86;C:\Development\Android\SDK\platform-tools;C:\Gradle\gradle-6.8.3\bin;C:\Program Files\heroku\bin;C:\Users\User\.dotnet\tools;C:\VulkanSDK\1.3.204.0\Bin;C:\Program Files\PostgreSQL\15\bin;C:\Users\
USERNAME=User
OS=Windows_NT
PROCESSOR_IDENTIFIER=Intel64 Family 6 Model 158 Stepping 9, GenuineIntel



---------------  S Y S T E M  ---------------

OS:
 Windows 10 , 64 bit Build 19041 (10.0.19041.3636)
OS uptime: 18 days 7:33 hours
HyperV virtualization detected

CPU: total 8 (initial active 8) (4 cores per cpu, 2 threads per core) family 6 model 158 stepping 9 microcode 0xea, cmov, cx8, fxsr, mmx, sse, sse2, sse3, ssse3, sse4.1, sse4.2, popcnt, vzeroupper, avx, avx2, aes, clmul, erms, rtm, 3dnowpref, lzcnt, ht, tsc, tscinvbit, bmi1, bmi2, adx, fma, clflush, clflushopt

Memory: 4k page, system-wide physical 12199M (3308M free)
TotalPageFile size 27559M (AvailPageFile size 8303M)
current process WorkingSet (physical memory assigned to process): 61M, peak: 61M
current process commit charge ("private bytes"): 302M, peak: 302M

vm_info: OpenJDK 64-Bit Server VM (15.0.1+9-18) for windows-amd64 JRE (15.0.1+9-18), built on Sep 15 2020 14:39:31 by "mach5one" with unknown MS VC++:1925

END.
