#
# A fatal error has been detected by the Java Runtime Environment:
#
#  EXCEPTION_ACCESS_VIOLATION (0xc0000005) at pc=0x00007ffddb6a14cc, pid=19220, tid=30056
#
# JRE version: OpenJDK Runtime Environment (15.0.1+9) (build 15.0.1+9-18)
# Java VM: OpenJDK 64-Bit Server VM (15.0.1+9-18, mixed mode, sharing, tiered, compressed oops, g1 gc, windows-amd64)
# Problematic frame:
# C  [gdi32full.dll+0x14cc]
#
# No core dump will be written. Minidumps are not enabled by default on client versions of Windows
#
# If you would like to submit a bug report, please visit:
#   https://bugreport.java.com/bugreport/crash.jsp
# The crash happened outside the Java Virtual Machine in native code.
# See problematic frame for where to report the bug.
#

---------------  S U M M A R Y ------------

Command Line: -Didea.launcher.port=51972 -Didea.launcher.bin.path=C:\Program Files\JetBrains\IntelliJ IDEA Community Edition 2019.3\bin -Dfile.encoding=UTF-8 com.intellij.rt.execution.application.AppMainV2 org.example.Main

Host: Intel(R) Core(TM) i7-7700 CPU @ 3.60GHz, 8 cores, 11G,  Windows 10 , 64 bit Build 19041 (10.0.19041.3636)
Time: Fri Mar  8 18:53:16 2024 Central Standard Time elapsed time: 0.930907 seconds (0d 0h 0m 0s)

---------------  T H R E A D  ---------------

Current thread (0x0000026fff3d62d0):  JavaThread "Thread-2" daemon [_thread_in_native, id=30056, stack(0x000000fa62700000,0x000000fa62800000)]

Stack: [0x000000fa62700000,0x000000fa62800000],  sp=0x000000fa627fe0e0,  free space=1016k
Native frames: (J=compiled Java code, j=interpreted, Vv=VM code, C=native code)
C  [jemalloc.dll+0x14cc]

Java frames: (J=compiled Java code, j=interpreted, Vv=VM code)
j  org.lwjgl.system.JNI.invokePV(JJ)V+0
j  org.lwjgl.system.jemalloc.JEmalloc.nje_free(J)V+6
j  org.lwjgl.system.jemalloc.JEmallocAllocator.free(J)V+1
j  org.lwjgl.system.MemoryUtil.nmemFree(J)V+4
j  org.lwjgl.system.Struct.free()V+4
j  org.example.engine.core.assets.AssetLoaderModel.processMaterial(Lorg/lwjgl/assimp/AIMaterial;)Lorg/example/engine/core/assets/AssetLoaderModel$ModelPartMaterialData;+364
j  org.example.engine.core.assets.AssetLoaderModel.asyncLoad(Ljava/lang/String;)V+58
j  org.example.engine.core.assets.AssetStoreLoadingTask.run()V+11
j  org.example.engine.core.async.AsyncTask.task()V+34
j  org.example.engine.core.async.AsyncTaskRunner$$Lambda$33+0x0000000800bdad88.run()V+4
j  java.lang.Thread.run()V+11 java.base@15.0.1
v  ~StubRoutines::call_stub

siginfo: EXCEPTION_ACCESS_VIOLATION (0xc0000005), reading address 0x00000000001faa20


Register to memory mapping:

RIP=0x00007ffddb6a14cc jemalloc.dll
RAX=0x0 is NULL
RBX=0x0 is NULL
RCX=0x00000000001faa20 is an unknown value
RDX=0xfffffffffffffff0 is an unknown value
RSP=0x000000fa627fe0e0 is pointing into the stack for thread: 0x0000026fff3d62d0
RBP=0x0000026fc0000000 is an unknown value
RSI=0x0000026f8f210ea8 points into unknown readable memory: 0x0000026fc0000000 | 00 00 00 c0 6f 02 00 00
RDI=0x000000000003f544 is an unknown value
R8 =0x0000000000000008 is an unknown value
R9 =0x0 is NULL
R10=0x0000026f8f210eb8 points into unknown readable memory: 0x0000000000000001 | 01 00 00 00 00 00 00 00
R11=0x0000026f8f210ec8 points into unknown readable memory: 0x0000000000000001 | 01 00 00 00 00 00 00 00
R12=0x0 is NULL
R13=0x000000fa627fe1e8 is pointing into the stack for thread: 0x0000026fff3d62d0
R14=0x0000026f8f210db8 points into unknown readable memory: 0x0000000000000001 | 01 00 00 00 00 00 00 00
R15=0x0000026f8f210f60 points into unknown readable memory: 0x0000026f8f210d08 | 08 0d 21 8f 6f 02 00 00


Registers:
RAX=0x0000000000000000, RBX=0x0000000000000000, RCX=0x00000000001faa20, RDX=0xfffffffffffffff0
RSP=0x000000fa627fe0e0, RBP=0x0000026fc0000000, RSI=0x0000026f8f210ea8, RDI=0x000000000003f544
R8 =0x0000000000000008, R9 =0x0000000000000000, R10=0x0000026f8f210eb8, R11=0x0000026f8f210ec8
R12=0x0000000000000000, R13=0x000000fa627fe1e8, R14=0x0000026f8f210db8, R15=0x0000026f8f210f60
RIP=0x00007ffddb6a14cc, EFLAGS=0x0000000000010206

Top of Stack: (sp=0x000000fa627fe0e0)
0x000000fa627fe0e0:   0000000000000000 00007ffe126e07c0
0x000000fa627fe0f0:   000000fa627fe550 000000fa627fe230
0x000000fa627fe100:   000000fa627fe290 00007ffd9ec55786
0x000000fa627fe110:   000000fa627fe610 000000fa627fe230
0x000000fa627fe120:   000000fa627feda8 0000026ffdcb2840
0x000000fa627fe130:   0000026f8f210c08 00007ffddb6a8c4c
0x000000fa627fe140:   0000026f8f210f60 0000000000000000
0x000000fa627fe150:   000000fa627fe240 0000026fff544c70
0x000000fa627fe160:   0000026fff544c70 0000000000000093
0x000000fa627fe170:   0000026fff031670 0000026f80193100
0x000000fa627fe180:   0000026f801932e9 0000026f80193100
0x000000fa627fe190:   0000026f00000000 0000026fe94e1200
0x000000fa627fe1a0:   00007ffd9f268bb8 0000026fe94e0000
0x000000fa627fe1b0:   0000026fe94e02e4 00007ffd00000000
0x000000fa627fe1c0:   0000000000000110 0000026fe94e0cc0
0x000000fa627fe1d0:   0000026f80193100 0000000000000000 

Instructions: (pc=0x00007ffddb6a14cc)
0x00007ffddb6a13cc:   48 8b 46 08 49 89 86 08 01 00 00 48 89 4e 08 48
0x00007ffddb6a13dc:   8d 0c f9 e9 e0 00 00 00 49 8d 8e 10 01 00 00 ba
0x00007ffddb6a13ec:   01 00 00 00 48 8b c1 48 39 28 74 51 ff c2 48 83
0x00007ffddb6a13fc:   c0 10 83 fa 08 72 f0 81 e3 ff ff 03 00 49 8d 96
0x00007ffddb6a140c:   00 01 00 00 41 b8 70 00 00 00 49 8b 5c d9 58 e8
0x00007ffddb6a141c:   50 5e 03 00 48 8b 06 48 c1 ef 0c 49 89 86 00 01
0x00007ffddb6a142c:   00 00 81 e7 ff ff 03 00 48 8b 46 08 49 89 86 08
0x00007ffddb6a143c:   01 00 00 48 89 5e 08 48 8d 0c fb eb 7b 44 8b d2
0x00007ffddb6a144c:   4d 03 d2 8b ca 4f 8b 8c d6 08 01 00 00 85 d2 74
0x00007ffddb6a145c:   43 8d 42 ff 48 83 c1 10 4c 8d 40 10 8b d0 4d 03
0x00007ffddb6a146c:   c0 48 03 c9 48 03 d2 4b 8b 04 c6 49 89 04 ce 49
0x00007ffddb6a147c:   8b 84 d6 08 01 00 00 4b 89 84 d6 08 01 00 00 48
0x00007ffddb6a148c:   8b 06 4b 89 04 c6 48 8b 46 08 49 89 84 d6 08 01
0x00007ffddb6a149c:   00 00 eb 12 4d 89 86 00 01 00 00 48 8b 46 08 49
0x00007ffddb6a14ac:   89 86 08 01 00 00 48 c1 ef 0c 81 e7 ff ff 03 00
0x00007ffddb6a14bc:   4c 89 4e 08 49 8d 0c f9 4c 8b 7c 24 60 48 89 2e
0x00007ffddb6a14cc:   48 8b 09 48 8b 5c 24 68 48 8b c1 48 8b 6c 24 70
0x00007ffddb6a14dc:   48 8b 74 24 78 48 c1 e8 30 89 44 24 28 0f b6 c1
0x00007ffddb6a14ec:   24 01 88 44 24 31 0f b6 c1 d0 e8 24 01 48 c1 e9
0x00007ffddb6a14fc:   02 88 44 24 30 83 e1 07 8b 44 24 30 89 4c 24 2c
0x00007ffddb6a150c:   f2 0f 10 44 24 28 f2 41 0f 11 45 00 41 89 45 08
0x00007ffddb6a151c:   49 8b c5 48 83 c4 40 41 5e 41 5d 5f c3 cc cc cc
0x00007ffddb6a152c:   cc cc cc cc 48 83 ec 28 49 8b c9 49 8b c1 48 c1
0x00007ffddb6a153c:   e9 1e 48 25 00 00 00 c0 83 e1 0f 48 03 c9 49 39
0x00007ffddb6a154c:   04 c8 75 5b 49 8b 44 c8 08 49 c1 e9 0c 41 81 e1
0x00007ffddb6a155c:   ff ff 03 00 4a 8b 0c c8 48 8b c1 48 c1 e8 30 89
0x00007ffddb6a156c:   44 24 08 0f b6 c1 24 01 88 44 24 11 0f b6 c1 48
0x00007ffddb6a157c:   c1 e9 02 83 e1 07 d0 e8 24 01 89 4c 24 0c 48 8b
0x00007ffddb6a158c:   4c 24 50 f2 0f 10 44 24 08 88 44 24 10 8b 44 24
0x00007ffddb6a159c:   10 f2 0f 11 01 89 41 08 32 c0 48 83 c4 28 c3 b0
0x00007ffddb6a15ac:   01 48 83 c4 28 c3 cc cc cc cc cc cc cc cc cc cc
0x00007ffddb6a15bc:   cc cc cc cc 8b c2 4c 8d 0d 37 d2 05 00 49 8b 04 


Stack slot to memory mapping:
stack at sp + 0 slots: 0x0 is NULL
stack at sp + 1 slots: 0x00007ffe126e07c0 ntdll.dll
stack at sp + 2 slots: 0x000000fa627fe550 is pointing into the stack for thread: 0x0000026fff3d62d0
stack at sp + 3 slots: 0x000000fa627fe230 is pointing into the stack for thread: 0x0000026fff3d62d0
stack at sp + 4 slots: 0x000000fa627fe290 is pointing into the stack for thread: 0x0000026fff3d62d0
stack at sp + 5 slots: 0x00007ffd9ec55786 jvm.dll
stack at sp + 6 slots: 0x000000fa627fe610 is pointing into the stack for thread: 0x0000026fff3d62d0
stack at sp + 7 slots: 0x000000fa627fe230 is pointing into the stack for thread: 0x0000026fff3d62d0


---------------  P R O C E S S  ---------------

Threads class SMR info:
_java_thread_list=0x0000026fff48aca0, length=16, elements={
0x0000026feb6f9900, 0x0000026ffd141c20, 0x0000026ffd1427f0, 0x0000026ffd154150,
0x0000026ffd154a10, 0x0000026ffd1554c0, 0x0000026ffd156350, 0x0000026ffd157700,
0x0000026ffd160200, 0x0000026ffe168540, 0x0000026ffe175670, 0x0000026ffe344130,
0x0000026fff3d62d0, 0x0000026fff47a2c0, 0x0000026fff489d40, 0x0000026fff48a690
}

Java Threads: ( => current thread )
  0x0000026feb6f9900 JavaThread "main" [_thread_blocked, id=124140, stack(0x000000fa60c00000,0x000000fa60d00000)]
  0x0000026ffd141c20 JavaThread "Reference Handler" daemon [_thread_blocked, id=29508, stack(0x000000fa61300000,0x000000fa61400000)]
  0x0000026ffd1427f0 JavaThread "Finalizer" daemon [_thread_blocked, id=55304, stack(0x000000fa61400000,0x000000fa61500000)]
  0x0000026ffd154150 JavaThread "Signal Dispatcher" daemon [_thread_blocked, id=47172, stack(0x000000fa61500000,0x000000fa61600000)]
  0x0000026ffd154a10 JavaThread "Attach Listener" daemon [_thread_blocked, id=83024, stack(0x000000fa61600000,0x000000fa61700000)]
  0x0000026ffd1554c0 JavaThread "Service Thread" daemon [_thread_blocked, id=98684, stack(0x000000fa61700000,0x000000fa61800000)]
  0x0000026ffd156350 JavaThread "C2 CompilerThread0" daemon [_thread_blocked, id=52136, stack(0x000000fa61800000,0x000000fa61900000)]
  0x0000026ffd157700 JavaThread "C1 CompilerThread0" daemon [_thread_blocked, id=130636, stack(0x000000fa61900000,0x000000fa61a00000)]
  0x0000026ffd160200 JavaThread "Sweeper thread" daemon [_thread_blocked, id=119272, stack(0x000000fa61a00000,0x000000fa61b00000)]
  0x0000026ffe168540 JavaThread "Notification Thread" daemon [_thread_blocked, id=114440, stack(0x000000fa61b00000,0x000000fa61c00000)]
  0x0000026ffe175670 JavaThread "Common-Cleaner" daemon [_thread_blocked, id=52024, stack(0x000000fa61d00000,0x000000fa61e00000)]
  0x0000026ffe344130 JavaThread "Monitor Ctrl-Break" daemon [_thread_in_native, id=134860, stack(0x000000fa61f00000,0x000000fa62000000)]
=>0x0000026fff3d62d0 JavaThread "Thread-2" daemon [_thread_in_native, id=30056, stack(0x000000fa62700000,0x000000fa62800000)]
  0x0000026fff47a2c0 JavaThread "LWJGL3 Timer" daemon [_thread_blocked, id=49500, stack(0x000000fa61e00000,0x000000fa61f00000)]
  0x0000026fff489d40 JavaThread "Thread-9" daemon [_thread_blocked, id=40220, stack(0x000000fa62a00000,0x000000fa62b00000)]
  0x0000026fff48a690 JavaThread "Thread-10" daemon [_thread_blocked, id=111332, stack(0x000000fa62900000,0x000000fa62a00000)]

Other Threads:
  0x0000026ffd13d390 VMThread "VM Thread" [stack: 0x000000fa61200000,0x000000fa61300000] [id=7264]
  0x0000026ffe16ca20 WatcherThread [stack: 0x000000fa61c00000,0x000000fa61d00000] [id=53684]
  0x0000026feb73b660 GCTaskThread "GC Thread#0" [stack: 0x000000fa60d00000,0x000000fa60e00000] [id=131888]
  0x0000026feb7496d0 ConcurrentGCThread "G1 Main Marker" [stack: 0x000000fa60e00000,0x000000fa60f00000] [id=103752]
  0x0000026feb74aa60 ConcurrentGCThread "G1 Conc#0" [stack: 0x000000fa60f00000,0x000000fa61000000] [id=131724]
  0x0000026feb77dc30 ConcurrentGCThread "G1 Refine#0" [stack: 0x000000fa61000000,0x000000fa61100000] [id=115152]
  0x0000026feb77e830 ConcurrentGCThread "G1 Young RemSet Sampling" [stack: 0x000000fa61100000,0x000000fa61200000] [id=141064]

Threads with active compile tasks:

VM state: not at safepoint (normal execution)

VM Mutex/Monitor currently owned by a thread: None

Heap address: 0x0000000741600000, size: 3050 MB, Compressed Oops mode: Zero based, Oop shift amount: 3
CDS archive(s) mapped at: [0x0000000800000000-0x0000000800b50000-0x0000000800b50000), size 11862016, SharedBaseAddress: 0x0000000800000000, ArchiveRelocationMode: 0.
Compressed class space mapped at: 0x0000000800b50000-0x0000000840b50000, size: 1073741824
Narrow klass base: 0x0000000800000000, Narrow klass shift: 3, Narrow klass range: 0x100000000

GC Precious Log:
 CPUs: 8 total, 8 available
 Memory: 12199M
 Large Page Support: Disabled
 NUMA Support: Disabled
 Compressed Oops: Enabled (Zero based)
 Heap Region Size: 2M
 Heap Min Capacity: 8M
 Heap Initial Capacity: 192M
 Heap Max Capacity: 3050M
 Pre-touch: Disabled
 Parallel Workers: 8
 Concurrent Workers: 2
 Concurrent Refinement Workers: 8
 Periodic GC: Disabled

Heap:
 garbage-first heap   total 196608K, used 18432K [0x0000000741600000, 0x0000000800000000)
  region size 2048K, 11 young (22528K), 0 survivors (0K)
 Metaspace       used 5474K, capacity 7628K, committed 7808K, reserved 1056768K
  class space    used 347K, capacity 583K, committed 640K, reserved 1048576K

Heap Regions: E=young(eden), S=young(survivor), O=old, HS=humongous(starts), HC=humongous(continues), CS=collection set, F=free, OA=open archive, CA=closed archive, TAMS=top-at-mark-start (previous, next)
|   0|0x0000000741600000, 0x0000000741600000, 0x0000000741800000|  0%| F|  |TAMS 0x0000000741600000, 0x0000000741600000| Untracked 
|   1|0x0000000741800000, 0x0000000741800000, 0x0000000741a00000|  0%| F|  |TAMS 0x0000000741800000, 0x0000000741800000| Untracked 
|   2|0x0000000741a00000, 0x0000000741a00000, 0x0000000741c00000|  0%| F|  |TAMS 0x0000000741a00000, 0x0000000741a00000| Untracked 
|   3|0x0000000741c00000, 0x0000000741c00000, 0x0000000741e00000|  0%| F|  |TAMS 0x0000000741c00000, 0x0000000741c00000| Untracked 
|   4|0x0000000741e00000, 0x0000000741e00000, 0x0000000742000000|  0%| F|  |TAMS 0x0000000741e00000, 0x0000000741e00000| Untracked 
|   5|0x0000000742000000, 0x0000000742000000, 0x0000000742200000|  0%| F|  |TAMS 0x0000000742000000, 0x0000000742000000| Untracked 
|   6|0x0000000742200000, 0x0000000742200000, 0x0000000742400000|  0%| F|  |TAMS 0x0000000742200000, 0x0000000742200000| Untracked 
|   7|0x0000000742400000, 0x0000000742400000, 0x0000000742600000|  0%| F|  |TAMS 0x0000000742400000, 0x0000000742400000| Untracked 
|   8|0x0000000742600000, 0x0000000742600000, 0x0000000742800000|  0%| F|  |TAMS 0x0000000742600000, 0x0000000742600000| Untracked 
|   9|0x0000000742800000, 0x0000000742800000, 0x0000000742a00000|  0%| F|  |TAMS 0x0000000742800000, 0x0000000742800000| Untracked 
|  10|0x0000000742a00000, 0x0000000742a00000, 0x0000000742c00000|  0%| F|  |TAMS 0x0000000742a00000, 0x0000000742a00000| Untracked 
|  11|0x0000000742c00000, 0x0000000742c00000, 0x0000000742e00000|  0%| F|  |TAMS 0x0000000742c00000, 0x0000000742c00000| Untracked 
|  12|0x0000000742e00000, 0x0000000742e00000, 0x0000000743000000|  0%| F|  |TAMS 0x0000000742e00000, 0x0000000742e00000| Untracked 
|  13|0x0000000743000000, 0x0000000743000000, 0x0000000743200000|  0%| F|  |TAMS 0x0000000743000000, 0x0000000743000000| Untracked 
|  14|0x0000000743200000, 0x0000000743200000, 0x0000000743400000|  0%| F|  |TAMS 0x0000000743200000, 0x0000000743200000| Untracked 
|  15|0x0000000743400000, 0x0000000743400000, 0x0000000743600000|  0%| F|  |TAMS 0x0000000743400000, 0x0000000743400000| Untracked 
|  16|0x0000000743600000, 0x0000000743600000, 0x0000000743800000|  0%| F|  |TAMS 0x0000000743600000, 0x0000000743600000| Untracked 
|  17|0x0000000743800000, 0x0000000743800000, 0x0000000743a00000|  0%| F|  |TAMS 0x0000000743800000, 0x0000000743800000| Untracked 
|  18|0x0000000743a00000, 0x0000000743a00000, 0x0000000743c00000|  0%| F|  |TAMS 0x0000000743a00000, 0x0000000743a00000| Untracked 
|  19|0x0000000743c00000, 0x0000000743c00000, 0x0000000743e00000|  0%| F|  |TAMS 0x0000000743c00000, 0x0000000743c00000| Untracked 
|  20|0x0000000743e00000, 0x0000000743e00000, 0x0000000744000000|  0%| F|  |TAMS 0x0000000743e00000, 0x0000000743e00000| Untracked 
|  21|0x0000000744000000, 0x0000000744000000, 0x0000000744200000|  0%| F|  |TAMS 0x0000000744000000, 0x0000000744000000| Untracked 
|  22|0x0000000744200000, 0x0000000744200000, 0x0000000744400000|  0%| F|  |TAMS 0x0000000744200000, 0x0000000744200000| Untracked 
|  23|0x0000000744400000, 0x0000000744400000, 0x0000000744600000|  0%| F|  |TAMS 0x0000000744400000, 0x0000000744400000| Untracked 
|  24|0x0000000744600000, 0x0000000744600000, 0x0000000744800000|  0%| F|  |TAMS 0x0000000744600000, 0x0000000744600000| Untracked 
|  25|0x0000000744800000, 0x0000000744800000, 0x0000000744a00000|  0%| F|  |TAMS 0x0000000744800000, 0x0000000744800000| Untracked 
|  26|0x0000000744a00000, 0x0000000744a00000, 0x0000000744c00000|  0%| F|  |TAMS 0x0000000744a00000, 0x0000000744a00000| Untracked 
|  27|0x0000000744c00000, 0x0000000744c00000, 0x0000000744e00000|  0%| F|  |TAMS 0x0000000744c00000, 0x0000000744c00000| Untracked 
|  28|0x0000000744e00000, 0x0000000744e00000, 0x0000000745000000|  0%| F|  |TAMS 0x0000000744e00000, 0x0000000744e00000| Untracked 
|  29|0x0000000745000000, 0x0000000745000000, 0x0000000745200000|  0%| F|  |TAMS 0x0000000745000000, 0x0000000745000000| Untracked 
|  30|0x0000000745200000, 0x0000000745200000, 0x0000000745400000|  0%| F|  |TAMS 0x0000000745200000, 0x0000000745200000| Untracked 
|  31|0x0000000745400000, 0x0000000745400000, 0x0000000745600000|  0%| F|  |TAMS 0x0000000745400000, 0x0000000745400000| Untracked 
|  32|0x0000000745600000, 0x0000000745600000, 0x0000000745800000|  0%| F|  |TAMS 0x0000000745600000, 0x0000000745600000| Untracked 
|  33|0x0000000745800000, 0x0000000745800000, 0x0000000745a00000|  0%| F|  |TAMS 0x0000000745800000, 0x0000000745800000| Untracked 
|  34|0x0000000745a00000, 0x0000000745a00000, 0x0000000745c00000|  0%| F|  |TAMS 0x0000000745a00000, 0x0000000745a00000| Untracked 
|  35|0x0000000745c00000, 0x0000000745c00000, 0x0000000745e00000|  0%| F|  |TAMS 0x0000000745c00000, 0x0000000745c00000| Untracked 
|  36|0x0000000745e00000, 0x0000000745e00000, 0x0000000746000000|  0%| F|  |TAMS 0x0000000745e00000, 0x0000000745e00000| Untracked 
|  37|0x0000000746000000, 0x0000000746000000, 0x0000000746200000|  0%| F|  |TAMS 0x0000000746000000, 0x0000000746000000| Untracked 
|  38|0x0000000746200000, 0x0000000746200000, 0x0000000746400000|  0%| F|  |TAMS 0x0000000746200000, 0x0000000746200000| Untracked 
|  39|0x0000000746400000, 0x0000000746400000, 0x0000000746600000|  0%| F|  |TAMS 0x0000000746400000, 0x0000000746400000| Untracked 
|  40|0x0000000746600000, 0x0000000746600000, 0x0000000746800000|  0%| F|  |TAMS 0x0000000746600000, 0x0000000746600000| Untracked 
|  41|0x0000000746800000, 0x0000000746800000, 0x0000000746a00000|  0%| F|  |TAMS 0x0000000746800000, 0x0000000746800000| Untracked 
|  42|0x0000000746a00000, 0x0000000746a00000, 0x0000000746c00000|  0%| F|  |TAMS 0x0000000746a00000, 0x0000000746a00000| Untracked 
|  43|0x0000000746c00000, 0x0000000746c00000, 0x0000000746e00000|  0%| F|  |TAMS 0x0000000746c00000, 0x0000000746c00000| Untracked 
|  44|0x0000000746e00000, 0x0000000746e00000, 0x0000000747000000|  0%| F|  |TAMS 0x0000000746e00000, 0x0000000746e00000| Untracked 
|  45|0x0000000747000000, 0x0000000747000000, 0x0000000747200000|  0%| F|  |TAMS 0x0000000747000000, 0x0000000747000000| Untracked 
|  46|0x0000000747200000, 0x0000000747200000, 0x0000000747400000|  0%| F|  |TAMS 0x0000000747200000, 0x0000000747200000| Untracked 
|  47|0x0000000747400000, 0x0000000747400000, 0x0000000747600000|  0%| F|  |TAMS 0x0000000747400000, 0x0000000747400000| Untracked 
|  48|0x0000000747600000, 0x0000000747600000, 0x0000000747800000|  0%| F|  |TAMS 0x0000000747600000, 0x0000000747600000| Untracked 
|  49|0x0000000747800000, 0x0000000747800000, 0x0000000747a00000|  0%| F|  |TAMS 0x0000000747800000, 0x0000000747800000| Untracked 
|  50|0x0000000747a00000, 0x0000000747a00000, 0x0000000747c00000|  0%| F|  |TAMS 0x0000000747a00000, 0x0000000747a00000| Untracked 
|  51|0x0000000747c00000, 0x0000000747c00000, 0x0000000747e00000|  0%| F|  |TAMS 0x0000000747c00000, 0x0000000747c00000| Untracked 
|  52|0x0000000747e00000, 0x0000000747e00000, 0x0000000748000000|  0%| F|  |TAMS 0x0000000747e00000, 0x0000000747e00000| Untracked 
|  53|0x0000000748000000, 0x0000000748000000, 0x0000000748200000|  0%| F|  |TAMS 0x0000000748000000, 0x0000000748000000| Untracked 
|  54|0x0000000748200000, 0x0000000748200000, 0x0000000748400000|  0%| F|  |TAMS 0x0000000748200000, 0x0000000748200000| Untracked 
|  55|0x0000000748400000, 0x0000000748400000, 0x0000000748600000|  0%| F|  |TAMS 0x0000000748400000, 0x0000000748400000| Untracked 
|  56|0x0000000748600000, 0x0000000748600000, 0x0000000748800000|  0%| F|  |TAMS 0x0000000748600000, 0x0000000748600000| Untracked 
|  57|0x0000000748800000, 0x0000000748800000, 0x0000000748a00000|  0%| F|  |TAMS 0x0000000748800000, 0x0000000748800000| Untracked 
|  58|0x0000000748a00000, 0x0000000748a00000, 0x0000000748c00000|  0%| F|  |TAMS 0x0000000748a00000, 0x0000000748a00000| Untracked 
|  59|0x0000000748c00000, 0x0000000748c00000, 0x0000000748e00000|  0%| F|  |TAMS 0x0000000748c00000, 0x0000000748c00000| Untracked 
|  60|0x0000000748e00000, 0x0000000748e00000, 0x0000000749000000|  0%| F|  |TAMS 0x0000000748e00000, 0x0000000748e00000| Untracked 
|  61|0x0000000749000000, 0x0000000749000000, 0x0000000749200000|  0%| F|  |TAMS 0x0000000749000000, 0x0000000749000000| Untracked 
|  62|0x0000000749200000, 0x0000000749200000, 0x0000000749400000|  0%| F|  |TAMS 0x0000000749200000, 0x0000000749200000| Untracked 
|  63|0x0000000749400000, 0x0000000749400000, 0x0000000749600000|  0%| F|  |TAMS 0x0000000749400000, 0x0000000749400000| Untracked 
|  64|0x0000000749600000, 0x0000000749600000, 0x0000000749800000|  0%| F|  |TAMS 0x0000000749600000, 0x0000000749600000| Untracked 
|  65|0x0000000749800000, 0x0000000749800000, 0x0000000749a00000|  0%| F|  |TAMS 0x0000000749800000, 0x0000000749800000| Untracked 
|  66|0x0000000749a00000, 0x0000000749a00000, 0x0000000749c00000|  0%| F|  |TAMS 0x0000000749a00000, 0x0000000749a00000| Untracked 
|  67|0x0000000749c00000, 0x0000000749c00000, 0x0000000749e00000|  0%| F|  |TAMS 0x0000000749c00000, 0x0000000749c00000| Untracked 
|  68|0x0000000749e00000, 0x0000000749e00000, 0x000000074a000000|  0%| F|  |TAMS 0x0000000749e00000, 0x0000000749e00000| Untracked 
|  69|0x000000074a000000, 0x000000074a000000, 0x000000074a200000|  0%| F|  |TAMS 0x000000074a000000, 0x000000074a000000| Untracked 
|  70|0x000000074a200000, 0x000000074a200000, 0x000000074a400000|  0%| F|  |TAMS 0x000000074a200000, 0x000000074a200000| Untracked 
|  71|0x000000074a400000, 0x000000074a400000, 0x000000074a600000|  0%| F|  |TAMS 0x000000074a400000, 0x000000074a400000| Untracked 
|  72|0x000000074a600000, 0x000000074a600000, 0x000000074a800000|  0%| F|  |TAMS 0x000000074a600000, 0x000000074a600000| Untracked 
|  73|0x000000074a800000, 0x000000074a800000, 0x000000074aa00000|  0%| F|  |TAMS 0x000000074a800000, 0x000000074a800000| Untracked 
|  74|0x000000074aa00000, 0x000000074aa00000, 0x000000074ac00000|  0%| F|  |TAMS 0x000000074aa00000, 0x000000074aa00000| Untracked 
|  75|0x000000074ac00000, 0x000000074ac00000, 0x000000074ae00000|  0%| F|  |TAMS 0x000000074ac00000, 0x000000074ac00000| Untracked 
|  76|0x000000074ae00000, 0x000000074ae00000, 0x000000074b000000|  0%| F|  |TAMS 0x000000074ae00000, 0x000000074ae00000| Untracked 
|  77|0x000000074b000000, 0x000000074b000000, 0x000000074b200000|  0%| F|  |TAMS 0x000000074b000000, 0x000000074b000000| Untracked 
|  78|0x000000074b200000, 0x000000074b200000, 0x000000074b400000|  0%| F|  |TAMS 0x000000074b200000, 0x000000074b200000| Untracked 
|  79|0x000000074b400000, 0x000000074b400000, 0x000000074b600000|  0%| F|  |TAMS 0x000000074b400000, 0x000000074b400000| Untracked 
|  80|0x000000074b600000, 0x000000074b600000, 0x000000074b800000|  0%| F|  |TAMS 0x000000074b600000, 0x000000074b600000| Untracked 
|  81|0x000000074b800000, 0x000000074b800000, 0x000000074ba00000|  0%| F|  |TAMS 0x000000074b800000, 0x000000074b800000| Untracked 
|  82|0x000000074ba00000, 0x000000074ba00000, 0x000000074bc00000|  0%| F|  |TAMS 0x000000074ba00000, 0x000000074ba00000| Untracked 
|  83|0x000000074bc00000, 0x000000074bc00000, 0x000000074be00000|  0%| F|  |TAMS 0x000000074bc00000, 0x000000074bc00000| Untracked 
|  84|0x000000074be00000, 0x000000074be00000, 0x000000074c000000|  0%| F|  |TAMS 0x000000074be00000, 0x000000074be00000| Untracked 
|  85|0x000000074c000000, 0x000000074c073248, 0x000000074c200000| 22%| E|  |TAMS 0x000000074c000000, 0x000000074c000000| Complete 
|  86|0x000000074c200000, 0x000000074c400000, 0x000000074c400000|100%| E|CS|TAMS 0x000000074c200000, 0x000000074c200000| Complete 
|  87|0x000000074c400000, 0x000000074c600000, 0x000000074c600000|100%| E|CS|TAMS 0x000000074c400000, 0x000000074c400000| Complete 
|  88|0x000000074c600000, 0x000000074c800000, 0x000000074c800000|100%| E|CS|TAMS 0x000000074c600000, 0x000000074c600000| Complete 
|  89|0x000000074c800000, 0x000000074ca00000, 0x000000074ca00000|100%| E|CS|TAMS 0x000000074c800000, 0x000000074c800000| Complete 
|  90|0x000000074ca00000, 0x000000074cc00000, 0x000000074cc00000|100%| E|  |TAMS 0x000000074ca00000, 0x000000074ca00000| Complete 
|  91|0x000000074cc00000, 0x000000074ce00000, 0x000000074ce00000|100%| E|CS|TAMS 0x000000074cc00000, 0x000000074cc00000| Complete 
|  92|0x000000074ce00000, 0x000000074d000000, 0x000000074d000000|100%| E|CS|TAMS 0x000000074ce00000, 0x000000074ce00000| Complete 
|  93|0x000000074d000000, 0x000000074d200000, 0x000000074d200000|100%| E|CS|TAMS 0x000000074d000000, 0x000000074d000000| Complete 
|  94|0x000000074d200000, 0x000000074d400000, 0x000000074d400000|100%| E|CS|TAMS 0x000000074d200000, 0x000000074d200000| Complete 
|  95|0x000000074d400000, 0x000000074d600000, 0x000000074d600000|100%| E|CS|TAMS 0x000000074d400000, 0x000000074d400000| Complete 

Card table byte_map: [0x0000026ff4200000,0x0000026ff4800000] _byte_map_base: 0x0000026ff07f5000

Marking Bits (Prev, Next): (CMBitMap*) 0x0000026feb73bed0, (CMBitMap*) 0x0000026feb73bf10
 Prev Bits: [0x0000026ff4e00000, 0x0000026ff7da8000)
 Next Bits: [0x0000026ff7db0000, 0x0000026ffad58000)

Polling page: 0x0000026fe96b0000

Metaspace:

Usage:
  Non-class:      6.88 MB capacity,     5.01 MB ( 73%) used,     1.87 MB ( 27%) free+waste,     6.62 KB ( <1%) overhead. 
      Class:    583.00 KB capacity,   347.10 KB ( 60%) used,   233.40 KB ( 40%) free+waste,     2.50 KB ( <1%) overhead. 
       Both:      7.45 MB capacity,     5.35 MB ( 72%) used,     2.09 MB ( 28%) free+waste,     9.12 KB ( <1%) overhead. 

Virtual space:
  Non-class space:        8.00 MB reserved,       7.00 MB ( 88%) committed 
      Class space:        1.00 GB reserved,     640.00 KB ( <1%) committed 
             Both:        1.01 GB reserved,       7.62 MB ( <1%) committed 

Chunk freelists:
   Non-Class:  123.00 KB
       Class:  25.00 KB
        Both:  148.00 KB

MaxMetaspaceSize: 17179869184.00 GB
CompressedClassSpaceSize: 1.00 GB

CodeHeap 'non-profiled nmethods': size=120000Kb used=294Kb max_used=294Kb free=119705Kb
 bounds [0x0000026f87ad0000, 0x0000026f87d40000, 0x0000026f8f000000]
CodeHeap 'profiled nmethods': size=120000Kb used=1544Kb max_used=1544Kb free=118456Kb
 bounds [0x0000026f805a0000, 0x0000026f80810000, 0x0000026f87ad0000]
CodeHeap 'non-nmethods': size=5760Kb used=1637Kb max_used=1653Kb free=4122Kb
 bounds [0x0000026f80000000, 0x0000026f80270000, 0x0000026f805a0000]
 total_blobs=1971 nmethods=931 adapters=953
 compilation: enabled
              stopped_count=0, restarted_count=0
 full_count=0

Compilation events (20 events):
Event: 0.878 Thread 0x0000026ffd157700  887   !   3       java.util.concurrent.ConcurrentHashMap::computeIfAbsent (576 bytes)
Event: 0.882 Thread 0x0000026ffd157700 nmethod 887 0x0000026f80703d10 code [0x0000026f80704120, 0x0000026f80706558]
Event: 0.883 Thread 0x0000026ffd157700  888       3       java.lang.String::substring (10 bytes)
Event: 0.883 Thread 0x0000026ffd157700 nmethod 888 0x0000026f80707610 code [0x0000026f807077c0, 0x0000026f807079e8]
Event: 0.884 Thread 0x0000026ffd157700  889       3       jdk.internal.access.SharedSecrets::javaUtilJarAccess (15 bytes)
Event: 0.884 Thread 0x0000026ffd157700 nmethod 889 0x0000026f80707b10 code [0x0000026f80707d00, 0x0000026f807080a8]
Event: 0.885 Thread 0x0000026ffd157700  890       3       java.lang.StringConcatHelper::newString (67 bytes)
Event: 0.886 Thread 0x0000026ffd157700 nmethod 890 0x0000026f80708290 code [0x0000026f80708500, 0x0000026f80708f68]
Event: 0.887 Thread 0x0000026ffd157700  891       1       java.util.jar.Manifest::getEntries (5 bytes)
Event: 0.887 Thread 0x0000026ffd157700 nmethod 891 0x0000026f87b15a10 code [0x0000026f87b15ba0, 0x0000026f87b15c58]
Event: 0.887 Thread 0x0000026ffd157700  892       1       java.util.jar.Manifest::getMainAttributes (5 bytes)
Event: 0.887 Thread 0x0000026ffd157700 nmethod 892 0x0000026f87b15d10 code [0x0000026f87b15ea0, 0x0000026f87b15f58]
Event: 0.889 Thread 0x0000026ffd156350  893       4       java.lang.String::startsWith (7 bytes)
Event: 0.893 Thread 0x0000026ffd156350 nmethod 893 0x0000026f87b16010 code [0x0000026f87b161a0, 0x0000026f87b163b8]
Event: 0.893 Thread 0x0000026ffd156350  894       4       java.lang.AbstractStringBuilder::<init> (39 bytes)
Event: 0.894 Thread 0x0000026ffd157700  895       3       java.util.HashMap$HashIterator::hasNext (13 bytes)
Event: 0.894 Thread 0x0000026ffd157700 nmethod 895 0x0000026f80709310 code [0x0000026f807094a0, 0x0000026f807095f8]
Event: 0.895 Thread 0x0000026ffd156350 nmethod 894 0x0000026f87b16590 code [0x0000026f87b16720, 0x0000026f87b16938]
Event: 0.897 Thread 0x0000026ffd157700  896       3       org.example.engine.core.async.AsyncUtils$RunningAvg::add (38 bytes)
Event: 0.898 Thread 0x0000026ffd157700 nmethod 896 0x0000026f80709690 code [0x0000026f80709820, 0x0000026f80709998]

GC Heap History (0 events):
No events

Deoptimization events (20 events):
Event: 0.619 Thread 0x0000026feb6f9900 Uncommon trap: trap_request=0xffffffde fr.pc=0x0000026f87af27ac relative=0x00000000000002ec
Event: 0.619 Thread 0x0000026feb6f9900 Uncommon trap: reason=class_check action=maybe_recompile pc=0x0000026f87af27ac method=java.util.HashMap.getNode(Ljava/lang/Object;)Ljava/util/HashMap$Node; @ 128 c2
Event: 0.619 Thread 0x0000026feb6f9900 DEOPT PACKING pc=0x0000026f87af27ac sp=0x000000fa60cfd330
Event: 0.619 Thread 0x0000026feb6f9900 DEOPT UNPACKING pc=0x0000026f8004e42f sp=0x000000fa60cfd238 mode 2
Event: 0.630 Thread 0x0000026feb6f9900 Uncommon trap: trap_request=0xffffff54 fr.pc=0x0000026f87b0a560 relative=0x0000000000000060
Event: 0.630 Thread 0x0000026feb6f9900 Uncommon trap: reason=speculate_null_assert action=make_not_entrant pc=0x0000026f87b0a560 method=sun.misc.Unsafe.putLong(Ljava/lang/Object;JJ)V @ 7 c2
Event: 0.630 Thread 0x0000026feb6f9900 DEOPT PACKING pc=0x0000026f87b0a560 sp=0x000000fa60cfe1e0
Event: 0.630 Thread 0x0000026feb6f9900 DEOPT UNPACKING pc=0x0000026f8004e42f sp=0x000000fa60cfe158 mode 2
Event: 0.664 Thread 0x0000026feb6f9900 Uncommon trap: trap_request=0xffffff54 fr.pc=0x0000026f87b0d5d8 relative=0x0000000000000058
Event: 0.664 Thread 0x0000026feb6f9900 Uncommon trap: reason=speculate_null_assert action=make_not_entrant pc=0x0000026f87b0d5d8 method=sun.misc.Unsafe.getLong(Ljava/lang/Object;J)J @ 5 c2
Event: 0.664 Thread 0x0000026feb6f9900 DEOPT PACKING pc=0x0000026f87b0d5d8 sp=0x000000fa60cfe170
Event: 0.664 Thread 0x0000026feb6f9900 DEOPT UNPACKING pc=0x0000026f8004e42f sp=0x000000fa60cfe0f8 mode 2
Event: 0.735 Thread 0x0000026fff3df120 Uncommon trap: trap_request=0xffffffde fr.pc=0x0000026f87af27ac relative=0x00000000000002ec
Event: 0.735 Thread 0x0000026fff3df120 Uncommon trap: reason=class_check action=maybe_recompile pc=0x0000026f87af27ac method=java.util.HashMap.getNode(Ljava/lang/Object;)Ljava/util/HashMap$Node; @ 128 c2
Event: 0.735 Thread 0x0000026fff3df120 DEOPT PACKING pc=0x0000026f87af27ac sp=0x000000fa626fd570
Event: 0.735 Thread 0x0000026fff3df120 DEOPT UNPACKING pc=0x0000026f8004e42f sp=0x000000fa626fd478 mode 2
Event: 0.822 Thread 0x0000026fff3d62d0 DEOPT PACKING pc=0x0000026f806fc3bf sp=0x000000fa627fe010
Event: 0.822 Thread 0x0000026fff3d62d0 DEOPT UNPACKING pc=0x0000026f8004e23f sp=0x000000fa627fd430 mode 0
Event: 0.827 Thread 0x0000026fff3d62d0 DEOPT PACKING pc=0x0000026f8068704f sp=0x000000fa627fdfe0
Event: 0.827 Thread 0x0000026fff3d62d0 DEOPT UNPACKING pc=0x0000026f8004e23f sp=0x000000fa627fd478 mode 0

Classes unloaded (0 events):
No events

Classes redefined (0 events):
No events

Internal exceptions (20 events):
Event: 0.287 Thread 0x0000026feb6f9900 Exception <a 'java/lang/NoSuchMethodError'{0x000000074cd3d940}: 'int java.lang.invoke.DirectMethodHandle$Holder.invokeStaticInit(java.lang.Object, java.lang.Object, int, long)'> (0x000000074cd3d940) 
thrown [./open/src/hotspot/share/interpreter/linkResolver.cpp, line 782]
Event: 0.288 Thread 0x0000026feb6f9900 Exception <a 'java/lang/NoSuchMethodError'{0x000000074cd43410}: 'java.lang.Object java.lang.invoke.DirectMethodHandle$Holder.newInvokeSpecial(java.lang.Object, java.lang.Object, int)'> (0x000000074cd43410) 
thrown [./open/src/hotspot/share/interpreter/linkResolver.cpp, line 782]
Event: 0.290 Thread 0x0000026feb6f9900 Exception <a 'java/lang/NoSuchMethodError'{0x000000074cd52428}: 'int java.lang.invoke.DirectMethodHandle$Holder.invokeStaticInit(java.lang.Object, java.lang.Object, long, long)'> (0x000000074cd52428) 
thrown [./open/src/hotspot/share/interpreter/linkResolver.cpp, line 782]
Event: 0.291 Thread 0x0000026feb6f9900 Exception <a 'java/lang/NoSuchMethodError'{0x000000074cd58b28}: 'java.lang.Object java.lang.invoke.DirectMethodHandle$Holder.newInvokeSpecial(java.lang.Object, java.lang.Object, long)'> (0x000000074cd58b28) 
thrown [./open/src/hotspot/share/interpreter/linkResolver.cpp, line 782]
Event: 0.291 Thread 0x0000026feb6f9900 Exception <a 'java/lang/NoSuchMethodError'{0x000000074cd5cf18}: 'java.lang.Object java.lang.invoke.Invokers$Holder.linkToTargetMethod(java.lang.Object, long, java.lang.Object)'> (0x000000074cd5cf18) 
thrown [./open/src/hotspot/share/interpreter/linkResolver.cpp, line 782]
Event: 0.292 Thread 0x0000026feb6f9900 Exception <a 'java/lang/NoSuchMethodError'{0x000000074cd64960}: 'int java.lang.invoke.DirectMethodHandle$Holder.invokeStaticInit(java.lang.Object, java.lang.Object, java.lang.Object, long)'> (0x000000074cd64960) 
thrown [./open/src/hotspot/share/interpreter/linkResolver.cpp, line 782]
Event: 0.311 Thread 0x0000026feb6f9900 Exception <a 'sun/nio/fs/WindowsException'{0x000000074cdd6d78}> (0x000000074cdd6d78) 
thrown [./open/src/hotspot/share/prims/jni.cpp, line 578]
Event: 0.311 Thread 0x0000026feb6f9900 Exception <a 'sun/nio/fs/WindowsException'{0x000000074cdd7100}> (0x000000074cdd7100) 
thrown [./open/src/hotspot/share/prims/jni.cpp, line 578]
Event: 0.346 Thread 0x0000026feb6f9900 Exception <a 'sun/nio/fs/WindowsException'{0x000000074ca80648}> (0x000000074ca80648) 
thrown [./open/src/hotspot/share/prims/jni.cpp, line 578]
Event: 0.346 Thread 0x0000026feb6f9900 Exception <a 'sun/nio/fs/WindowsException'{0x000000074ca809a0}> (0x000000074ca809a0) 
thrown [./open/src/hotspot/share/prims/jni.cpp, line 578]
Event: 0.622 Thread 0x0000026feb6f9900 Exception <a 'sun/nio/fs/WindowsException'{0x000000074cb825a8}> (0x000000074cb825a8) 
thrown [./open/src/hotspot/share/prims/jni.cpp, line 578]
Event: 0.622 Thread 0x0000026feb6f9900 Exception <a 'sun/nio/fs/WindowsException'{0x000000074cb82938}> (0x000000074cb82938) 
thrown [./open/src/hotspot/share/prims/jni.cpp, line 578]
Event: 0.628 Thread 0x0000026feb6f9900 Exception <a 'sun/nio/fs/WindowsException'{0x000000074cb9ba58}> (0x000000074cb9ba58) 
thrown [./open/src/hotspot/share/prims/jni.cpp, line 578]
Event: 0.628 Thread 0x0000026feb6f9900 Exception <a 'sun/nio/fs/WindowsException'{0x000000074cb9bd28}> (0x000000074cb9bd28) 
thrown [./open/src/hotspot/share/prims/jni.cpp, line 578]
Event: 0.742 Thread 0x0000026fff3df120 Exception <a 'sun/nio/fs/WindowsException'{0x000000074c555250}> (0x000000074c555250) 
thrown [./open/src/hotspot/share/prims/jni.cpp, line 578]
Event: 0.742 Thread 0x0000026fff3df120 Exception <a 'sun/nio/fs/WindowsException'{0x000000074c5555c0}> (0x000000074c5555c0) 
thrown [./open/src/hotspot/share/prims/jni.cpp, line 578]
Event: 0.747 Thread 0x0000026fff3d62d0 Exception <a 'sun/nio/fs/WindowsException'{0x000000074c6c2d58}> (0x000000074c6c2d58) 
thrown [./open/src/hotspot/share/prims/jni.cpp, line 578]
Event: 0.747 Thread 0x0000026fff3d62d0 Exception <a 'sun/nio/fs/WindowsException'{0x000000074c6c30b8}> (0x000000074c6c30b8) 
thrown [./open/src/hotspot/share/prims/jni.cpp, line 578]
Event: 0.817 Thread 0x0000026fff3d62d0 Exception <a 'sun/nio/fs/WindowsException'{0x000000074c6e0c50}> (0x000000074c6e0c50) 
thrown [./open/src/hotspot/share/prims/jni.cpp, line 578]
Event: 0.817 Thread 0x0000026fff3d62d0 Exception <a 'sun/nio/fs/WindowsException'{0x000000074c6e0fc0}> (0x000000074c6e0fc0) 
thrown [./open/src/hotspot/share/prims/jni.cpp, line 578]

Events (20 events):
Event: 0.726 loading class java/lang/StrictMath done
Event: 0.728 Thread 0x0000026fff4580f0 Thread added: 0x0000026fff4580f0
Event: 0.729 Thread 0x0000026fff4585c0 Thread added: 0x0000026fff4585c0
Event: 0.729 Thread 0x0000026fff3d62d0 Thread added: 0x0000026fff3d62d0
Event: 0.729 Thread 0x0000026fff3d67a0 Thread added: 0x0000026fff3d67a0
Event: 0.729 Thread 0x0000026fff4580f0 Thread exited: 0x0000026fff4580f0
Event: 0.729 Thread 0x0000026fff4585c0 Thread exited: 0x0000026fff4585c0
Event: 0.730 Thread 0x0000026fff4580f0 Thread added: 0x0000026fff4580f0
Event: 0.730 Thread 0x0000026fff3df120 Thread added: 0x0000026fff3df120
Event: 0.730 Thread 0x0000026fff4580f0 Thread exited: 0x0000026fff4580f0
Event: 0.731 Thread 0x0000026fff3d67a0 Thread exited: 0x0000026fff3d67a0
Event: 0.734 Thread 0x0000026fff47a2c0 Thread added: 0x0000026fff47a2c0
Event: 0.735 Thread 0x0000026fff511250 Thread added: 0x0000026fff511250
Event: 0.736 Thread 0x0000026fff511b30 Thread added: 0x0000026fff511b30
Event: 0.736 Thread 0x0000026fff489d40 Thread added: 0x0000026fff489d40
Event: 0.736 Thread 0x0000026fff511b30 Thread exited: 0x0000026fff511b30
Event: 0.737 Thread 0x0000026fff48a690 Thread added: 0x0000026fff48a690
Event: 0.737 Thread 0x0000026fff511250 Thread exited: 0x0000026fff511250
Event: 0.744 Loaded shared library C:\Users\User\AppData\Local\Temp\lwjgl_User\3.3.3+5\x64\lwjgl_stb.dll
Event: 0.752 Thread 0x0000026fff3df120 Thread exited: 0x0000026fff3df120


Dynamic libraries:
0x00007ff7a27f0000 - 0x00007ff7a27fd000 	C:\Program Files\Java\jdk-15.0.1\bin\java.exe
0x00007ffe12690000 - 0x00007ffe12888000 	C:\WINDOWS\SYSTEM32\ntdll.dll
0x00007ffe12050000 - 0x00007ffe1210d000 	C:\WINDOWS\System32\KERNEL32.DLL
0x00007ffe0fe30000 - 0x00007ffe10126000 	C:\WINDOWS\System32\KERNELBASE.dll
0x00007ffe0d5c0000 - 0x00007ffe0d650000 	C:\WINDOWS\SYSTEM32\apphelp.dll
0x00007ffdfda90000 - 0x00007ffdfdaf3000 	C:\WINDOWS\SYSTEM32\AcGenral.DLL
0x00007ffe12580000 - 0x00007ffe1261e000 	C:\WINDOWS\System32\msvcrt.dll
0x00007ffe11840000 - 0x00007ffe118df000 	C:\WINDOWS\System32\sechost.dll
0x00007ffe11b00000 - 0x00007ffe11c26000 	C:\WINDOWS\System32\RPCRT4.dll
0x00007ffe0fe00000 - 0x00007ffe0fe27000 	C:\WINDOWS\System32\bcrypt.dll
0x00007ffe111e0000 - 0x00007ffe11235000 	C:\WINDOWS\System32\SHLWAPI.dll
0x00007ffe122a0000 - 0x00007ffe1243e000 	C:\WINDOWS\System32\USER32.dll
0x00007ffe104b0000 - 0x00007ffe104d2000 	C:\WINDOWS\System32\win32u.dll
0x00007ffe12620000 - 0x00007ffe1264b000 	C:\WINDOWS\System32\GDI32.dll
0x00007ffe10230000 - 0x00007ffe10347000 	C:\WINDOWS\System32\gdi32full.dll
0x00007ffe104e0000 - 0x00007ffe1057d000 	C:\WINDOWS\System32\msvcp_win.dll
0x00007ffe105d0000 - 0x00007ffe106d0000 	C:\WINDOWS\System32\ucrtbase.dll
0x00007ffe11240000 - 0x00007ffe1136b000 	C:\WINDOWS\System32\ole32.dll
0x00007ffe11cf0000 - 0x00007ffe12044000 	C:\WINDOWS\System32\combase.dll
0x00007ffe109c0000 - 0x00007ffe11105000 	C:\WINDOWS\System32\SHELL32.dll
0x00007ffe11120000 - 0x00007ffe111d3000 	C:\WINDOWS\System32\ADVAPI32.dll
0x00007ffe0fc00000 - 0x00007ffe0fc2e000 	C:\WINDOWS\SYSTEM32\USERENV.dll
0x00007ffe03cd0000 - 0x00007ffe03ced000 	C:\WINDOWS\SYSTEM32\MPR.dll
0x00007ffe0fc30000 - 0x00007ffe0fc62000 	C:\WINDOWS\SYSTEM32\SspiCli.dll
0x00007ffe11ac0000 - 0x00007ffe11af2000 	C:\WINDOWS\System32\IMM32.DLL
0x00007ffe05380000 - 0x00007ffe05398000 	C:\Program Files\Java\jdk-15.0.1\bin\jli.dll
0x00007ffe04460000 - 0x00007ffe04479000 	C:\Program Files\Java\jdk-15.0.1\bin\VCRUNTIME140.dll
0x00007ffe060a0000 - 0x00007ffe0633a000 	C:\WINDOWS\WinSxS\amd64_microsoft.windows.common-controls_6595b64144ccf1df_6.0.19041.3636_none_60b6a03d71f818d5\COMCTL32.dll
0x00007ffe0c360000 - 0x00007ffe0c36c000 	C:\Program Files\Java\jdk-15.0.1\bin\vcruntime140_1.dll
0x00007ffde4000000 - 0x00007ffde4091000 	C:\Program Files\Java\jdk-15.0.1\bin\msvcp140.dll
0x00007ffd9ea80000 - 0x00007ffd9f5de000 	C:\Program Files\Java\jdk-15.0.1\bin\server\jvm.dll
0x00007ffe11110000 - 0x00007ffe11118000 	C:\WINDOWS\System32\PSAPI.DLL
0x00007ffdf1ed0000 - 0x00007ffdf1ed9000 	C:\WINDOWS\SYSTEM32\WSOCK32.dll
0x00007ffe040d0000 - 0x00007ffe040f7000 	C:\WINDOWS\SYSTEM32\WINMM.dll
0x00007ffe0b450000 - 0x00007ffe0b45a000 	C:\WINDOWS\SYSTEM32\VERSION.dll
0x00007ffe12510000 - 0x00007ffe1257b000 	C:\WINDOWS\System32\WS2_32.dll
0x00007ffe0dbe0000 - 0x00007ffe0dbf2000 	C:\WINDOWS\SYSTEM32\kernel.appcore.dll
0x00007ffe070d0000 - 0x00007ffe070da000 	C:\Program Files\Java\jdk-15.0.1\bin\jimage.dll
0x00007ffe09a80000 - 0x00007ffe09c64000 	C:\WINDOWS\SYSTEM32\DBGHELP.DLL
0x00007ffe09950000 - 0x00007ffe09984000 	C:\WINDOWS\SYSTEM32\dbgcore.DLL
0x00007ffe10130000 - 0x00007ffe101b2000 	C:\WINDOWS\System32\bcryptPrimitives.dll
0x00007ffe03e30000 - 0x00007ffe03e55000 	C:\Program Files\Java\jdk-15.0.1\bin\java.dll
0x00007ffe0dde0000 - 0x00007ffe0e57c000 	C:\WINDOWS\SYSTEM32\windows.storage.dll
0x00007ffe0f5d0000 - 0x00007ffe0f5fe000 	C:\WINDOWS\SYSTEM32\Wldp.dll
0x00007ffe12440000 - 0x00007ffe1250d000 	C:\WINDOWS\System32\OLEAUT32.dll
0x00007ffe106d0000 - 0x00007ffe1077d000 	C:\WINDOWS\System32\SHCORE.dll
0x00007ffe0fc80000 - 0x00007ffe0fca5000 	C:\WINDOWS\SYSTEM32\profapi.dll
0x00007ffe03340000 - 0x00007ffe03359000 	C:\Program Files\Java\jdk-15.0.1\bin\net.dll
0x00007ffe09e80000 - 0x00007ffe09f8a000 	C:\WINDOWS\SYSTEM32\WINHTTP.dll
0x00007ffe0f3b0000 - 0x00007ffe0f41a000 	C:\WINDOWS\system32\mswsock.dll
0x00007ffe03280000 - 0x00007ffe03292000 	C:\Program Files\Java\jdk-15.0.1\bin\nio.dll
0x00007ffe01fa0000 - 0x00007ffe01fb8000 	C:\Program Files\Java\jdk-15.0.1\bin\zip.dll
0x00007ffe05c10000 - 0x00007ffe05c20000 	C:\Program Files\Java\jdk-15.0.1\bin\verify.dll
0x00007ffe03220000 - 0x00007ffe0323a000 	C:\Program Files\JetBrains\IntelliJ IDEA Community Edition 2019.3\bin\breakgen64.dll
0x00007ffdfdb90000 - 0x00007ffdfdc0b000 	C:\Users\User\AppData\Local\Temp\lwjgl_User\3.3.3+5\x64\lwjgl.dll
0x00007ffddb6a0000 - 0x00007ffddb910000 	C:\Users\User\AppData\Local\Temp\lwjgl_User\3.3.3+5\x64\jemalloc.dll
0x00007ffdef950000 - 0x00007ffdef9d2000 	C:\Users\User\AppData\Local\Temp\lwjgl_User\3.3.3+5\x64\glfw.dll
0x00007ffde4b10000 - 0x00007ffde4b55000 	C:\WINDOWS\SYSTEM32\dinput8.dll
0x00007ffe03240000 - 0x00007ffe03251000 	C:\WINDOWS\SYSTEM32\xinput1_4.dll
0x00007ffe10580000 - 0x00007ffe105ce000 	C:\WINDOWS\System32\cfgmgr32.dll
0x00007ffe0fa10000 - 0x00007ffe0fa43000 	C:\WINDOWS\SYSTEM32\DEVOBJ.dll
0x00007ffe0da00000 - 0x00007ffe0da2f000 	C:\WINDOWS\SYSTEM32\dwmapi.dll
0x00007ffe06340000 - 0x00007ffe06492000 	C:\WINDOWS\SYSTEM32\inputhost.dll
0x00007ffe0b740000 - 0x00007ffe0b895000 	C:\WINDOWS\SYSTEM32\wintypes.dll
0x00007ffe0b350000 - 0x00007ffe0b446000 	C:\WINDOWS\SYSTEM32\PROPSYS.dll
0x00007ffe0d000000 - 0x00007ffe0d35b000 	C:\WINDOWS\SYSTEM32\CoreUIComponents.dll
0x00007ffe0cdb0000 - 0x00007ffe0cea2000 	C:\WINDOWS\SYSTEM32\CoreMessaging.dll
0x00007ffe0ee40000 - 0x00007ffe0ee73000 	C:\WINDOWS\SYSTEM32\ntmarta.dll
0x00007ffe0d710000 - 0x00007ffe0d7ae000 	C:\WINDOWS\system32\uxtheme.dll
0x00007ffe12110000 - 0x00007ffe12224000 	C:\WINDOWS\System32\MSCTF.dll
0x00007ffdffef0000 - 0x00007ffe00015000 	C:\WINDOWS\SYSTEM32\opengl32.dll
0x00007ffdfe220000 - 0x00007ffdfe24c000 	C:\WINDOWS\SYSTEM32\GLU32.dll
0x00007ffe11c30000 - 0x00007ffe11cd9000 	C:\WINDOWS\System32\clbcatq.dll
0x00007ffda9cf0000 - 0x00007ffdadf7a000 	C:\WINDOWS\System32\DriverStore\FileRepository\nvdd.inf_amd64_67b1df330bec74ef\nvoglv64.dll
0x00007ffe113d0000 - 0x00007ffe1183e000 	C:\WINDOWS\System32\SETUPAPI.dll
0x00007ffe0be80000 - 0x00007ffe0be94000 	C:\WINDOWS\SYSTEM32\WTSAPI32.dll
0x00007ffe0f7e0000 - 0x00007ffe0f7f2000 	C:\WINDOWS\SYSTEM32\msasn1.dll
0x00007ffe0a620000 - 0x00007ffe0a651000 	C:\WINDOWS\SYSTEM32\cryptnet.dll
0x00007ffe10350000 - 0x00007ffe104ad000 	C:\WINDOWS\System32\CRYPT32.dll
0x00007ffe0a360000 - 0x00007ffe0a4a8000 	C:\WINDOWS\SYSTEM32\drvstore.dll
0x00007ffe0f540000 - 0x00007ffe0f54c000 	C:\WINDOWS\SYSTEM32\cryptbase.dll
0x00007ffe101c0000 - 0x00007ffe10227000 	C:\WINDOWS\System32\WINTRUST.dll
0x00007ffe02590000 - 0x00007ffe025cb000 	C:\WINDOWS\SYSTEM32\dxcore.dll
0x00007ffd85fb0000 - 0x00007ffd86277000 	C:\WINDOWS\system32\nvspcap64.dll
0x00007ffe0fbb0000 - 0x00007ffe0fbfb000 	C:\WINDOWS\SYSTEM32\powrprof.dll
0x00007ffe0fb90000 - 0x00007ffe0fba2000 	C:\WINDOWS\SYSTEM32\UMPDC.dll
0x00007ffe0fa50000 - 0x00007ffe0faab000 	C:\WINDOWS\SYSTEM32\WINSTA.dll
0x00007ffe05a90000 - 0x00007ffe05b89000 	C:\WINDOWS\SYSTEM32\textinputframework.dll
0x00007ffde46a0000 - 0x00007ffde46fe000 	C:\Users\User\AppData\Local\Temp\lwjgl_User\3.3.3+5\x64\lwjgl_opengl.dll
0x00007ffde4130000 - 0x00007ffde41b2000 	C:\Users\User\AppData\Local\Temp\lwjgl_User\3.3.3+5\x64\lwjgl_stb.dll
0x00007ffddd880000 - 0x00007ffddd9fa000 	C:\Users\User\AppData\Local\Temp\lwjgl_User\3.3.3+5\x64\draco.dll
0x00007ffdb8470000 - 0x00007ffdb8a40000 	C:\Users\User\AppData\Local\Temp\lwjgl_User\3.3.3+5\x64\assimp.dll

dbghelp: loaded successfully - version: 4.0.5 - missing functions: none
symbol engine: initialized successfully - sym options: 0x614 - pdb path: .;C:\Program Files\Java\jdk-15.0.1\bin;C:\WINDOWS\SYSTEM32;C:\WINDOWS\WinSxS\amd64_microsoft.windows.common-controls_6595b64144ccf1df_6.0.19041.3636_none_60b6a03d71f818d5;C:\Program Files\Java\jdk-15.0.1\bin\server;C:\Program Files\JetBrains\IntelliJ IDEA Community Edition 2019.3\bin;C:\Users\User\AppData\Local\Temp\lwjgl_User\3.3.3+5\x64;C:\WINDOWS\System32\DriverStore\FileRepository\nvdd.inf_amd64_67b1df330bec74ef

VM Arguments:
jvm_args: -Didea.launcher.port=51972 -Didea.launcher.bin.path=C:\Program Files\JetBrains\IntelliJ IDEA Community Edition 2019.3\bin -Dfile.encoding=UTF-8 
java_command: com.intellij.rt.execution.application.AppMainV2 org.example.Main
java_class_path (initial): C:\Users\User\Desktop\Eilan\VulkanLWJGL\target\classes;C:\Users\User\.m2\repository\org\lwjgl\lwjgl\3.3.3\lwjgl-3.3.3.jar;C:\Users\User\.m2\repository\org\lwjgl\lwjgl-assimp\3.3.3\lwjgl-assimp-3.3.3.jar;C:\Users\User\.m2\repository\org\lwjgl\lwjgl-bgfx\3.3.3\lwjgl-bgfx-3.3.3.jar;C:\Users\User\.m2\repository\org\lwjgl\lwjgl-cuda\3.3.3\lwjgl-cuda-3.3.3.jar;C:\Users\User\.m2\repository\org\lwjgl\lwjgl-egl\3.3.3\lwjgl-egl-3.3.3.jar;C:\Users\User\.m2\repository\org\lwjgl\lwjgl-fmod\3.3.3\lwjgl-fmod-3.3.3.jar;C:\Users\User\.m2\repository\org\lwjgl\lwjgl-freetype\3.3.3\lwjgl-freetype-3.3.3.jar;C:\Users\User\.m2\repository\org\lwjgl\lwjgl-glfw\3.3.3\lwjgl-glfw-3.3.3.jar;C:\Users\User\.m2\repository\org\lwjgl\lwjgl-harfbuzz\3.3.3\lwjgl-harfbuzz-3.3.3.jar;C:\Users\User\.m2\repository\org\lwjgl\lwjgl-hwloc\3.3.3\lwjgl-hwloc-3.3.3.jar;C:\Users\User\.m2\repository\org\lwjgl\lwjgl-jawt\3.3.3\lwjgl-jawt-3.3.3.jar;C:\Users\User\.m2\repository\org\lwjgl\lwjgl-jemalloc\3.3.3\lwjgl-jemalloc-3.3.3.jar;C:\Users\User\.m2\repository\org\lwjgl\lwjgl-ktx\3.3.3\lwjgl-ktx-3.3.3.jar;C:\Users\User\.m2\repository\org\lwjgl\lwjgl-libdivide\3.3.3\lwjgl-libdivide-3.3.3.jar;C:\Users\User\.m2\repository\org\lwjgl\lwjgl-llvm\3.3.3\lwjgl-llvm-3.3.3.jar;C:\Users\User\.m2\repository\org\lwjgl\lwjgl-lmdb\3.3.3\lwjgl-lmdb-3.3.3.jar;C:\Users\User\.m2\repository\org\lwjgl\lwjgl-lz4\3.3.3\lwjgl-lz4-3.3.3.jar;C:\Users\User\.m2\repository\org\lwjgl\lwjgl-meow\3.3.3\lwjgl-meow-3.3.3.jar;C:\Users\User\.m2\repository\org\lwjgl\lwjgl-meshoptimizer\3.3.3\lwjgl-meshoptimizer-3.3.3.jar;C:\Users\User\.m2\repository\org\lwjgl\lwjgl-nanovg\3.3.3\lwjgl-nanovg-3.3.3.jar;C:\Users\User\.m2\repository\org\lwjgl\lwjgl-nfd\3.3.3\lwjgl-nfd-3.3.3.jar;C:\Users\User\.m2\repository\org\lwjgl\lwjgl-nuklear\3.3.3\lwjgl-nuklear-3.3.3.jar;C:\Users\User\.m2\repository\org\lwjgl\lwjgl-odbc\3.3.3\lwjgl-odbc-3.3.3.jar;C:\Users\User\.m2\repository\org\lwjgl\lwjgl-openal\3.3.3\lwjgl-openal-3.3.3.jar;C:\Users\User\
Launcher Type: SUN_STANDARD

[Global flags]
     intx CICompilerCount                          = 4                                         {product} {ergonomic}
     uint ConcGCThreads                            = 2                                         {product} {ergonomic}
     uint G1ConcRefinementThreads                  = 8                                         {product} {ergonomic}
   size_t G1HeapRegionSize                         = 2097152                                   {product} {ergonomic}
    uintx GCDrainStackTargetSize                   = 64                                        {product} {ergonomic}
   size_t InitialHeapSize                          = 201326592                                 {product} {ergonomic}
   size_t MarkStackSize                            = 4194304                                   {product} {ergonomic}
   size_t MaxHeapSize                              = 3198156800                                {product} {ergonomic}
   size_t MaxNewSize                               = 1918894080                                {product} {ergonomic}
   size_t MinHeapDeltaBytes                        = 2097152                                   {product} {ergonomic}
   size_t MinHeapSize                              = 8388608                                   {product} {ergonomic}
    uintx NonNMethodCodeHeapSize                   = 5839372                                {pd product} {ergonomic}
    uintx NonProfiledCodeHeapSize                  = 122909434                              {pd product} {ergonomic}
    uintx ProfiledCodeHeapSize                     = 122909434                              {pd product} {ergonomic}
    uintx ReservedCodeCacheSize                    = 251658240                              {pd product} {ergonomic}
     bool SegmentedCodeCache                       = true                                      {product} {ergonomic}
   size_t SoftMaxHeapSize                          = 3198156800                             {manageable} {ergonomic}
     bool UseCompressedClassPointers               = true                                 {lp64_product} {ergonomic}
     bool UseCompressedOops                        = true                                 {lp64_product} {ergonomic}
     bool UseG1GC                                  = true                                      {product} {ergonomic}
     bool UseLargePagesIndividualAllocation        = false                                  {pd product} {ergonomic}

Logging:
Log output configuration:
 #0: stdout all=warning uptime,level,tags
 #1: stderr all=off uptime,level,tags

Environment Variables:
JAVA_HOME=C:\Program Files\Java\jdk-9
PATH=C:\VulkanSDK\1.3.275.0\Bin;C:\VulkanSDK\1.3.204.0\Bin;C:\Python39\Scripts\;C:\Python39\;C:\ProgramData\Oracle\Java\javapath;C:\Program Files\Intel\iCLS Client\;C:\Windows\system32;C:\Windows;C:\Windows\System32\Wbem;C:\Windows\System32\WindowsPowerShell\v1.0\;C:\Program Files (x86)\NVIDIA Corporation\PhysX\Common;C:\Program Files (x86)\Brackets\command;C:\WINDOWS\system32;C:\WINDOWS;C:\WINDOWS\System32\Wbem;C:\WINDOWS\System32\WindowsPowerShell\v1.0\;C:\Program Files (x86)\GtkSharp\2.12\bin;C:\WINDOWS\System32\OpenSSH\;C:\Program Files\Git\cmd;C:\Program Files\NVIDIA Corporation\NVIDIA NvDLISR;C:\WINDOWS\system32;C:\WINDOWS;C:\WINDOWS\System32\Wbem;C:\WINDOWS\System32\WindowsPowerShell\v1.0\;C:\WINDOWS\System32\OpenSSH\;C:\Gradle\gradle-5.4.1\gradle-5.4.1\bin;C:\Program Files\Java\jdk-9\bin;C:\Program Files\python;C:\Users\User\AppData\Roaming\nvm;C:\Program Files\nodejs;C:\ProgramData\chocolatey\bin;C:\Program Files\CMake\bin;C:\Program Files\PostgreSQL\13\bin;C:\Program Files\dotnet\;C:\Program Files (x86)\Intel\Intel(R) Management Engine Components\DAL;C:\Program Files\Intel\Intel(R) Management Engine Components\DAL;C:\Program Files\PostgreSQL\15\bin;C:\Users\User\Desktop\Tools\fbx-conv-master\fbx-conv;C:\Users\User\Desktop\Tools\model-packer;C:\Users\User\anaconda3;C:\Users\User\anaconda3\Library\mingw-w64\bin;C:\Users\User\anaconda3\Library\usr\bin;C:\Users\User\anaconda3\Library\bin;C:\Users\User\anaconda3\Scripts;C:\Python38\Scripts\;C:\Python38\;C:\Users\User\AppData\Local\Microsoft\WindowsApps;C:\Users\User\AppData\Local\atom\bin;C:\Users\User\AppData\Local\Microsoft\WindowsApps;C:\Users\User\AppData\Local\Programs\Microsoft VS Code\bin;C:\Users\User\AppData\Roaming\nvm;C:\Program Files\nodejs;C:\Users\User\Desktop\Tools\node-v10.2.1-win-x86\node-v10.2.1-win-x86;C:\Development\Android\SDK\platform-tools;C:\Gradle\gradle-6.8.3\bin;C:\Program Files\heroku\bin;C:\Users\User\.dotnet\tools;C:\VulkanSDK\1.3.204.0\Bin;C:\Program Files\PostgreSQL\15\bin;C:\Users\
USERNAME=User
OS=Windows_NT
PROCESSOR_IDENTIFIER=Intel64 Family 6 Model 158 Stepping 9, GenuineIntel



---------------  S Y S T E M  ---------------

OS:
 Windows 10 , 64 bit Build 19041 (10.0.19041.3636)
OS uptime: 22 days 19:35 hours
HyperV virtualization detected

CPU: total 8 (initial active 8) (4 cores per cpu, 2 threads per core) family 6 model 158 stepping 9 microcode 0xea, cmov, cx8, fxsr, mmx, sse, sse2, sse3, ssse3, sse4.1, sse4.2, popcnt, vzeroupper, avx, avx2, aes, clmul, erms, rtm, 3dnowpref, lzcnt, ht, tsc, tscinvbit, bmi1, bmi2, adx, fma, clflush, clflushopt

Memory: 4k page, system-wide physical 12199M (4700M free)
TotalPageFile size 28184M (AvailPageFile size 12472M)
current process WorkingSet (physical memory assigned to process): 112M, peak: 112M
current process commit charge ("private bytes"): 360M, peak: 360M

vm_info: OpenJDK 64-Bit Server VM (15.0.1+9-18) for windows-amd64 JRE (15.0.1+9-18), built on Sep 15 2020 14:39:31 by "mach5one" with unknown MS VC++:1925

END.
