#
# A fatal error has been detected by the Java Runtime Environment:
#
#  EXCEPTION_ACCESS_VIOLATION (0xc0000005) at pc=0x00007ffde719fbdd, pid=15952, tid=53632
#
# JRE version: OpenJDK Runtime Environment (15.0.1+9) (build 15.0.1+9-18)
# Java VM: OpenJDK 64-Bit Server VM (15.0.1+9-18, mixed mode, sharing, tiered, compressed oops, g1 gc, windows-amd64)
# Problematic frame:
# C  [lwjgl_opengl.dll+0xfbdd]
#
# No core dump will be written. Minidumps are not enabled by default on client versions of Windows
#
# If you would like to submit a bug report, please visit:
#   https://bugreport.java.com/bugreport/crash.jsp
# The crash happened outside the Java Virtual Machine in native code.
# See problematic frame for where to report the bug.
#

---------------  S U M M A R Y ------------

Command Line: -Didea.launcher.port=55629 -Didea.launcher.bin.path=C:\Program Files\JetBrains\IntelliJ IDEA Community Edition 2019.3\bin -Dfile.encoding=UTF-8 com.intellij.rt.execution.application.AppMainV2 org.example.Main

Host: Intel(R) Core(TM) i7-7700 CPU @ 3.60GHz, 8 cores, 11G,  Windows 10 , 64 bit Build 19041 (10.0.19041.3636)
Time: Mon Mar  4 06:49:52 2024 Central Standard Time elapsed time: 0.478045 seconds (0d 0h 0m 0s)

---------------  T H R E A D  ---------------

Current thread (0x000002a66871b0d0):  JavaThread "main" [_thread_in_native, id=53632, stack(0x000000ea6cd00000,0x000000ea6ce00000)]

Stack: [0x000000ea6cd00000,0x000000ea6ce00000],  sp=0x000000ea6cdfe858,  free space=1018k
Native frames: (J=compiled Java code, j=interpreted, Vv=VM code, C=native code)
C  [lwjgl_opengl.dll+0xfbdd]

Java frames: (J=compiled Java code, j=interpreted, Vv=VM code)
j  org.lwjgl.opengl.GL30C.nglGenVertexArrays(IJ)V+0
j  org.lwjgl.opengl.GL30C.glGenVertexArrays()I+20
j  org.lwjgl.opengl.GL30.glGenVertexArrays()I+0
j  org.example.engine.core.graphics.ModelBuilder.create([F[F[F[I)Lorg/example/engine/core/graphics/ModelPartMesh;+0
j  org.example.Main.processModelPart(Lorg/lwjgl/assimp/AIMesh;Lorg/example/engine/core/collections/Array;)Lorg/example/engine/core/graphics/ModelPart;+92
j  org.example.Main.loadModel()V+111
j  org.example.Main.main([Ljava/lang/String;)V+0
v  ~StubRoutines::call_stub
j  jdk.internal.reflect.NativeMethodAccessorImpl.invoke0(Ljava/lang/reflect/Method;Ljava/lang/Object;[Ljava/lang/Object;)Ljava/lang/Object;+0 java.base@15.0.1
j  jdk.internal.reflect.NativeMethodAccessorImpl.invoke(Ljava/lang/Object;[Ljava/lang/Object;)Ljava/lang/Object;+113 java.base@15.0.1
j  jdk.internal.reflect.DelegatingMethodAccessorImpl.invoke(Ljava/lang/Object;[Ljava/lang/Object;)Ljava/lang/Object;+6 java.base@15.0.1
j  java.lang.reflect.Method.invoke(Ljava/lang/Object;[Ljava/lang/Object;)Ljava/lang/Object;+59 java.base@15.0.1
j  com.intellij.rt.execution.application.AppMainV2.main([Ljava/lang/String;)V+184
v  ~StubRoutines::call_stub

siginfo: EXCEPTION_ACCESS_VIOLATION (0xc0000005), reading address 0x00000000000013c8


Register to memory mapping:

RIP=0x00007ffde719fbdd lwjgl_opengl.dll
RAX=0x000002a60a9c21f0 points into unknown readable memory: 0x0000000000000000 | 00 00 00 00 00 00 00 00
RBX={method} {0x000002a609e82748} 'nglGenVertexArrays' '(IJ)V' in 'org/lwjgl/opengl/GL30C'
RCX=0x0000000000000001 is an unknown value
RDX=0x000002a60a9db8cc points into unknown readable memory: 00 00 00 00
RSP=0x000000ea6cdfe858 is pointing into the stack for thread: 0x000002a66871b0d0
RBP=0x000000ea6cdfe8e0 is pointing into the stack for thread: 0x000002a66871b0d0
RSI=0x000002a609a95518 is pointing into metadata
RDI=0x0000000000000001 is an unknown value
R8 =0x0000000000000001 is an unknown value
R9 =0x000002a60a9db8cc points into unknown readable memory: 00 00 00 00
R10=0x0 is NULL
R11=0x000000074c8c46c8 is an oop: java.lang.Class 
{0x000000074c8c46c8} - klass: 'java/lang/Class'
R12=0x0 is NULL
R13={method} {0x000002a609e82748} 'nglGenVertexArrays' '(IJ)V' in 'org/lwjgl/opengl/GL30C'
R14=0x000000ea6cdfe910 is pointing into the stack for thread: 0x000002a66871b0d0
R15=0x000002a66871b0d0 is a thread


Registers:
RAX=0x000002a60a9c21f0, RBX=0x000002a609e82740, RCX=0x0000000000000001, RDX=0x000002a60a9db8cc
RSP=0x000000ea6cdfe858, RBP=0x000000ea6cdfe8e0, RSI=0x000002a609a95518, RDI=0x0000000000000001
R8 =0x0000000000000001, R9 =0x000002a60a9db8cc, R10=0x0000000000000000, R11=0x000000074c8c46c8
R12=0x0000000000000000, R13=0x000002a609e82740, R14=0x000000ea6cdfe910, R15=0x000002a66871b0d0
RIP=0x00007ffde719fbdd, EFLAGS=0x0000000000010206

Top of Stack: (sp=0x000000ea6cdfe858)
0x000000ea6cdfe858:   000002a6708ff177 0000000000000001
0x000000ea6cdfe868:   000002a6708fee72 000002a609e82740
0x000000ea6cdfe878:   000002a609a95518 000000ea6cdfe8f8
0x000000ea6cdfe888:   000002a6708f9c90 000002a6708fee16
0x000000ea6cdfe898:   000000ea6cdfe898 000002a609e82740
0x000000ea6cdfe8a8:   000000ea6cdfe910 000002a609eb85a8
0x000000ea6cdfe8b8:   0000000000000000 000000074c8c46c8
0x000000ea6cdfe8c8:   000002a609e82740 0000000000000000
0x000000ea6cdfe8d8:   000000ea6cdfe900 000000ea6cdfe960
0x000000ea6cdfe8e8:   000002a6708fa1aa 000000074c8c46c8
0x000000ea6cdfe8f8:   000002a6708fc218 000002a60a9db8cc
0x000000ea6cdfe908:   0000000000000000 0000000000000001
0x000000ea6cdfe918:   000000ea6cdfe918 000002a609e828c4
0x000000ea6cdfe928:   000000ea6cdfe990 000002a609eb85a8
0x000000ea6cdfe938:   0000000000000000 000000074c8c46c8
0x000000ea6cdfe948:   000002a609e82930 000000ea6cdfe900 

Instructions: (pc=0x00007ffde719fbdd)
0x00007ffde719fadd:   98 13 00 00 cc cc cc cc cc cc cc cc cc cc cc cc
0x00007ffde719faed:   cc cc cc 48 8b 01 48 8b 48 18 48 ff a1 a0 13 00
0x00007ffde719fafd:   00 cc cc 40 53 48 8b 01 41 8b d8 4c 8b 44 24 30
0x00007ffde719fb0d:   41 8b d1 44 8b 4c 24 38 8b cb 4c 8b 50 18 5b 49
0x00007ffde719fb1d:   ff a2 a8 13 00 00 cc cc cc cc cc cc cc cc cc cc
0x00007ffde719fb2d:   cc cc cc 40 53 48 83 ec 40 48 8b 01 41 8b d8 44
0x00007ffde719fb3d:   8b 44 24 70 41 8b d1 4c 8b 4c 24 78 8b cb 4c 8b
0x00007ffde719fb4d:   50 18 48 8b 84 24 90 00 00 00 48 89 44 24 30 48
0x00007ffde719fb5d:   8b 84 24 88 00 00 00 48 89 44 24 28 48 8b 84 24
0x00007ffde719fb6d:   80 00 00 00 48 89 44 24 20 41 ff 92 b0 13 00 00
0x00007ffde719fb7d:   48 83 c4 40 5b c3 cc cc cc cc cc cc cc cc cc cc
0x00007ffde719fb8d:   cc cc cc 48 8b 01 41 8b c8 48 8b 50 18 48 ff a2
0x00007ffde719fb9d:   b8 13 00 00 cc cc cc cc cc cc cc cc cc cc cc cc
0x00007ffde719fbad:   cc cc cc 48 8b 01 49 8b d1 41 8b c8 4c 8b 50 18
0x00007ffde719fbbd:   49 ff a2 c0 13 00 00 cc cc cc cc cc cc cc cc cc
0x00007ffde719fbcd:   cc cc cc 48 8b 01 49 8b d1 41 8b c8 4c 8b 50 18
0x00007ffde719fbdd:   49 ff a2 c8 13 00 00 cc cc cc cc cc cc cc cc cc
0x00007ffde719fbed:   cc cc cc 48 8b 01 48 8b 48 18 48 8b 81 d0 13 00
0x00007ffde719fbfd:   00 41 8b c8 48 ff e0 cc cc cc cc cc cc cc cc cc
0x00007ffde719fc0d:   cc cc cc 40 53 48 8b 01 41 8b d8 44 8b 44 24 30
0x00007ffde719fc1d:   41 8b d1 44 8b 4c 24 38 8b cb 4c 8b 50 18 5b 49
0x00007ffde719fc2d:   ff a2 d8 13 00 00 cc cc cc cc cc cc cc cc cc cc
0x00007ffde719fc3d:   cc cc cc 40 53 48 8b 01 41 8b d8 44 8b 44 24 30
0x00007ffde719fc4d:   41 8b d1 4c 8b 4c 24 38 8b cb 4c 8b 50 18 8b 44
0x00007ffde719fc5d:   24 40 89 44 24 30 5b 49 ff a2 e0 13 00 00 cc cc
0x00007ffde719fc6d:   cc cc cc 40 53 48 8b 01 41 8b d8 4c 8b 44 24 30
0x00007ffde719fc7d:   41 8b d1 4c 8b 4c 24 38 8b cb 4c 8b 50 18 48 8b
0x00007ffde719fc8d:   44 24 40 48 89 44 24 30 5b 49 ff a2 e8 13 00 00
0x00007ffde719fc9d:   cc cc cc 48 8b 01 41 8b c8 48 8b 50 18 48 ff a2
0x00007ffde719fcad:   f0 13 00 00 cc cc cc cc cc cc cc cc cc cc cc cc
0x00007ffde719fcbd:   cc cc cc 48 8b 01 45 8b d8 44 8b 44 24 28 41 8b
0x00007ffde719fccd:   d1 41 8b cb 4c 8b 50 18 49 ff a2 f8 13 00 00 cc 


Stack slot to memory mapping:
stack at sp + 0 slots: 0x000002a6708ff177 is at code_begin+1047 in an Interpreter codelet
method entry point (kind = native)  [0x000002a6708fed60, 0x000002a6708ff7e0]  2688 bytes
stack at sp + 1 slots: 0x0000000000000001 is an unknown value
stack at sp + 2 slots: 0x000002a6708fee72 is at code_begin+274 in an Interpreter codelet
method entry point (kind = native)  [0x000002a6708fed60, 0x000002a6708ff7e0]  2688 bytes
stack at sp + 3 slots: {method} {0x000002a609e82748} 'nglGenVertexArrays' '(IJ)V' in 'org/lwjgl/opengl/GL30C'
stack at sp + 4 slots: 0x000002a609a95518 is pointing into metadata
stack at sp + 5 slots: 0x000000ea6cdfe8f8 is pointing into the stack for thread: 0x000002a66871b0d0
stack at sp + 6 slots: 0x000002a6708f9c90 is at code_begin+1040 in an Interpreter codelet
invoke return entry points  [0x000002a6708f9880, 0x000002a6708fa280]  2560 bytes
stack at sp + 7 slots: 0x000002a6708fee16 is at code_begin+182 in an Interpreter codelet
method entry point (kind = native)  [0x000002a6708fed60, 0x000002a6708ff7e0]  2688 bytes


---------------  P R O C E S S  ---------------

Threads class SMR info:
_java_thread_list=0x000002a60a225880, length=13, elements={
0x000002a66871b0d0, 0x000002a60a0bbf20, 0x000002a60a0bcaf0, 0x000002a60a0cf7e0,
0x000002a60a0d01a0, 0x000002a60a0d1060, 0x000002a60a0d2d80, 0x000002a60a0d75c0,
0x000002a60a109020, 0x000002a60a22bac0, 0x000002a60a234850, 0x000002a60a2da240,
0x000002a60a2332e0
}

Java Threads: ( => current thread )
=>0x000002a66871b0d0 JavaThread "main" [_thread_in_native, id=53632, stack(0x000000ea6cd00000,0x000000ea6ce00000)]
  0x000002a60a0bbf20 JavaThread "Reference Handler" daemon [_thread_blocked, id=6368, stack(0x000000ea6d400000,0x000000ea6d500000)]
  0x000002a60a0bcaf0 JavaThread "Finalizer" daemon [_thread_blocked, id=53524, stack(0x000000ea6d500000,0x000000ea6d600000)]
  0x000002a60a0cf7e0 JavaThread "Signal Dispatcher" daemon [_thread_blocked, id=39696, stack(0x000000ea6d600000,0x000000ea6d700000)]
  0x000002a60a0d01a0 JavaThread "Attach Listener" daemon [_thread_blocked, id=83756, stack(0x000000ea6d700000,0x000000ea6d800000)]
  0x000002a60a0d1060 JavaThread "Service Thread" daemon [_thread_blocked, id=22540, stack(0x000000ea6d800000,0x000000ea6d900000)]
  0x000002a60a0d2d80 JavaThread "C2 CompilerThread0" daemon [_thread_blocked, id=83644, stack(0x000000ea6d900000,0x000000ea6da00000)]
  0x000002a60a0d75c0 JavaThread "C1 CompilerThread0" daemon [_thread_blocked, id=82460, stack(0x000000ea6da00000,0x000000ea6db00000)]
  0x000002a60a109020 JavaThread "Sweeper thread" daemon [_thread_blocked, id=82520, stack(0x000000ea6db00000,0x000000ea6dc00000)]
  0x000002a60a22bac0 JavaThread "Notification Thread" daemon [_thread_blocked, id=65796, stack(0x000000ea6dc00000,0x000000ea6dd00000)]
  0x000002a60a234850 JavaThread "Common-Cleaner" daemon [_thread_blocked, id=77388, stack(0x000000ea6de00000,0x000000ea6df00000)]
  0x000002a60a2da240 JavaThread "C2 CompilerThread1" daemon [_thread_blocked, id=79884, stack(0x000000ea6df00000,0x000000ea6e000000)]
  0x000002a60a2332e0 JavaThread "Monitor Ctrl-Break" daemon [_thread_in_native, id=43472, stack(0x000000ea6e000000,0x000000ea6e100000)]

Other Threads:
  0x000002a60a0b8850 VMThread "VM Thread" [stack: 0x000000ea6d300000,0x000000ea6d400000] [id=52552]
  0x000002a60a22bf90 WatcherThread [stack: 0x000000ea6dd00000,0x000000ea6de00000] [id=138468]
  0x000002a66875d9e0 GCTaskThread "GC Thread#0" [stack: 0x000000ea6ce00000,0x000000ea6cf00000] [id=30292]
  0x000002a66876ab40 ConcurrentGCThread "G1 Main Marker" [stack: 0x000000ea6cf00000,0x000000ea6d000000] [id=85316]
  0x000002a66876bf50 ConcurrentGCThread "G1 Conc#0" [stack: 0x000000ea6d000000,0x000000ea6d100000] [id=33584]
  0x000002a60972e540 ConcurrentGCThread "G1 Refine#0" [stack: 0x000000ea6d100000,0x000000ea6d200000] [id=52164]
  0x000002a609730060 ConcurrentGCThread "G1 Young RemSet Sampling" [stack: 0x000000ea6d200000,0x000000ea6d300000] [id=76956]

Threads with active compile tasks:

VM state: not at safepoint (normal execution)

VM Mutex/Monitor currently owned by a thread: None

Heap address: 0x0000000741600000, size: 3050 MB, Compressed Oops mode: Zero based, Oop shift amount: 3
CDS archive(s) mapped at: [0x0000000800000000-0x0000000800b50000-0x0000000800b50000), size 11862016, SharedBaseAddress: 0x0000000800000000, ArchiveRelocationMode: 0.
Compressed class space mapped at: 0x0000000800b50000-0x0000000840b50000, size: 1073741824
Narrow klass base: 0x0000000800000000, Narrow klass shift: 3, Narrow klass range: 0x100000000

GC Precious Log:
 CPUs: 8 total, 8 available
 Memory: 12199M
 Large Page Support: Disabled
 NUMA Support: Disabled
 Compressed Oops: Enabled (Zero based)
 Heap Region Size: 2M
 Heap Min Capacity: 8M
 Heap Initial Capacity: 192M
 Heap Max Capacity: 3050M
 Pre-touch: Disabled
 Parallel Workers: 8
 Concurrent Workers: 2
 Concurrent Refinement Workers: 8
 Periodic GC: Disabled

Heap:
 garbage-first heap   total 196608K, used 12288K [0x0000000741600000, 0x0000000800000000)
  region size 2048K, 7 young (14336K), 0 survivors (0K)
 Metaspace       used 4297K, capacity 6637K, committed 6912K, reserved 1056768K
  class space    used 260K, capacity 485K, committed 512K, reserved 1048576K

Heap Regions: E=young(eden), S=young(survivor), O=old, HS=humongous(starts), HC=humongous(continues), CS=collection set, F=free, OA=open archive, CA=closed archive, TAMS=top-at-mark-start (previous, next)
|   0|0x0000000741600000, 0x0000000741600000, 0x0000000741800000|  0%| F|  |TAMS 0x0000000741600000, 0x0000000741600000| Untracked 
|   1|0x0000000741800000, 0x0000000741800000, 0x0000000741a00000|  0%| F|  |TAMS 0x0000000741800000, 0x0000000741800000| Untracked 
|   2|0x0000000741a00000, 0x0000000741a00000, 0x0000000741c00000|  0%| F|  |TAMS 0x0000000741a00000, 0x0000000741a00000| Untracked 
|   3|0x0000000741c00000, 0x0000000741c00000, 0x0000000741e00000|  0%| F|  |TAMS 0x0000000741c00000, 0x0000000741c00000| Untracked 
|   4|0x0000000741e00000, 0x0000000741e00000, 0x0000000742000000|  0%| F|  |TAMS 0x0000000741e00000, 0x0000000741e00000| Untracked 
|   5|0x0000000742000000, 0x0000000742000000, 0x0000000742200000|  0%| F|  |TAMS 0x0000000742000000, 0x0000000742000000| Untracked 
|   6|0x0000000742200000, 0x0000000742200000, 0x0000000742400000|  0%| F|  |TAMS 0x0000000742200000, 0x0000000742200000| Untracked 
|   7|0x0000000742400000, 0x0000000742400000, 0x0000000742600000|  0%| F|  |TAMS 0x0000000742400000, 0x0000000742400000| Untracked 
|   8|0x0000000742600000, 0x0000000742600000, 0x0000000742800000|  0%| F|  |TAMS 0x0000000742600000, 0x0000000742600000| Untracked 
|   9|0x0000000742800000, 0x0000000742800000, 0x0000000742a00000|  0%| F|  |TAMS 0x0000000742800000, 0x0000000742800000| Untracked 
|  10|0x0000000742a00000, 0x0000000742a00000, 0x0000000742c00000|  0%| F|  |TAMS 0x0000000742a00000, 0x0000000742a00000| Untracked 
|  11|0x0000000742c00000, 0x0000000742c00000, 0x0000000742e00000|  0%| F|  |TAMS 0x0000000742c00000, 0x0000000742c00000| Untracked 
|  12|0x0000000742e00000, 0x0000000742e00000, 0x0000000743000000|  0%| F|  |TAMS 0x0000000742e00000, 0x0000000742e00000| Untracked 
|  13|0x0000000743000000, 0x0000000743000000, 0x0000000743200000|  0%| F|  |TAMS 0x0000000743000000, 0x0000000743000000| Untracked 
|  14|0x0000000743200000, 0x0000000743200000, 0x0000000743400000|  0%| F|  |TAMS 0x0000000743200000, 0x0000000743200000| Untracked 
|  15|0x0000000743400000, 0x0000000743400000, 0x0000000743600000|  0%| F|  |TAMS 0x0000000743400000, 0x0000000743400000| Untracked 
|  16|0x0000000743600000, 0x0000000743600000, 0x0000000743800000|  0%| F|  |TAMS 0x0000000743600000, 0x0000000743600000| Untracked 
|  17|0x0000000743800000, 0x0000000743800000, 0x0000000743a00000|  0%| F|  |TAMS 0x0000000743800000, 0x0000000743800000| Untracked 
|  18|0x0000000743a00000, 0x0000000743a00000, 0x0000000743c00000|  0%| F|  |TAMS 0x0000000743a00000, 0x0000000743a00000| Untracked 
|  19|0x0000000743c00000, 0x0000000743c00000, 0x0000000743e00000|  0%| F|  |TAMS 0x0000000743c00000, 0x0000000743c00000| Untracked 
|  20|0x0000000743e00000, 0x0000000743e00000, 0x0000000744000000|  0%| F|  |TAMS 0x0000000743e00000, 0x0000000743e00000| Untracked 
|  21|0x0000000744000000, 0x0000000744000000, 0x0000000744200000|  0%| F|  |TAMS 0x0000000744000000, 0x0000000744000000| Untracked 
|  22|0x0000000744200000, 0x0000000744200000, 0x0000000744400000|  0%| F|  |TAMS 0x0000000744200000, 0x0000000744200000| Untracked 
|  23|0x0000000744400000, 0x0000000744400000, 0x0000000744600000|  0%| F|  |TAMS 0x0000000744400000, 0x0000000744400000| Untracked 
|  24|0x0000000744600000, 0x0000000744600000, 0x0000000744800000|  0%| F|  |TAMS 0x0000000744600000, 0x0000000744600000| Untracked 
|  25|0x0000000744800000, 0x0000000744800000, 0x0000000744a00000|  0%| F|  |TAMS 0x0000000744800000, 0x0000000744800000| Untracked 
|  26|0x0000000744a00000, 0x0000000744a00000, 0x0000000744c00000|  0%| F|  |TAMS 0x0000000744a00000, 0x0000000744a00000| Untracked 
|  27|0x0000000744c00000, 0x0000000744c00000, 0x0000000744e00000|  0%| F|  |TAMS 0x0000000744c00000, 0x0000000744c00000| Untracked 
|  28|0x0000000744e00000, 0x0000000744e00000, 0x0000000745000000|  0%| F|  |TAMS 0x0000000744e00000, 0x0000000744e00000| Untracked 
|  29|0x0000000745000000, 0x0000000745000000, 0x0000000745200000|  0%| F|  |TAMS 0x0000000745000000, 0x0000000745000000| Untracked 
|  30|0x0000000745200000, 0x0000000745200000, 0x0000000745400000|  0%| F|  |TAMS 0x0000000745200000, 0x0000000745200000| Untracked 
|  31|0x0000000745400000, 0x0000000745400000, 0x0000000745600000|  0%| F|  |TAMS 0x0000000745400000, 0x0000000745400000| Untracked 
|  32|0x0000000745600000, 0x0000000745600000, 0x0000000745800000|  0%| F|  |TAMS 0x0000000745600000, 0x0000000745600000| Untracked 
|  33|0x0000000745800000, 0x0000000745800000, 0x0000000745a00000|  0%| F|  |TAMS 0x0000000745800000, 0x0000000745800000| Untracked 
|  34|0x0000000745a00000, 0x0000000745a00000, 0x0000000745c00000|  0%| F|  |TAMS 0x0000000745a00000, 0x0000000745a00000| Untracked 
|  35|0x0000000745c00000, 0x0000000745c00000, 0x0000000745e00000|  0%| F|  |TAMS 0x0000000745c00000, 0x0000000745c00000| Untracked 
|  36|0x0000000745e00000, 0x0000000745e00000, 0x0000000746000000|  0%| F|  |TAMS 0x0000000745e00000, 0x0000000745e00000| Untracked 
|  37|0x0000000746000000, 0x0000000746000000, 0x0000000746200000|  0%| F|  |TAMS 0x0000000746000000, 0x0000000746000000| Untracked 
|  38|0x0000000746200000, 0x0000000746200000, 0x0000000746400000|  0%| F|  |TAMS 0x0000000746200000, 0x0000000746200000| Untracked 
|  39|0x0000000746400000, 0x0000000746400000, 0x0000000746600000|  0%| F|  |TAMS 0x0000000746400000, 0x0000000746400000| Untracked 
|  40|0x0000000746600000, 0x0000000746600000, 0x0000000746800000|  0%| F|  |TAMS 0x0000000746600000, 0x0000000746600000| Untracked 
|  41|0x0000000746800000, 0x0000000746800000, 0x0000000746a00000|  0%| F|  |TAMS 0x0000000746800000, 0x0000000746800000| Untracked 
|  42|0x0000000746a00000, 0x0000000746a00000, 0x0000000746c00000|  0%| F|  |TAMS 0x0000000746a00000, 0x0000000746a00000| Untracked 
|  43|0x0000000746c00000, 0x0000000746c00000, 0x0000000746e00000|  0%| F|  |TAMS 0x0000000746c00000, 0x0000000746c00000| Untracked 
|  44|0x0000000746e00000, 0x0000000746e00000, 0x0000000747000000|  0%| F|  |TAMS 0x0000000746e00000, 0x0000000746e00000| Untracked 
|  45|0x0000000747000000, 0x0000000747000000, 0x0000000747200000|  0%| F|  |TAMS 0x0000000747000000, 0x0000000747000000| Untracked 
|  46|0x0000000747200000, 0x0000000747200000, 0x0000000747400000|  0%| F|  |TAMS 0x0000000747200000, 0x0000000747200000| Untracked 
|  47|0x0000000747400000, 0x0000000747400000, 0x0000000747600000|  0%| F|  |TAMS 0x0000000747400000, 0x0000000747400000| Untracked 
|  48|0x0000000747600000, 0x0000000747600000, 0x0000000747800000|  0%| F|  |TAMS 0x0000000747600000, 0x0000000747600000| Untracked 
|  49|0x0000000747800000, 0x0000000747800000, 0x0000000747a00000|  0%| F|  |TAMS 0x0000000747800000, 0x0000000747800000| Untracked 
|  50|0x0000000747a00000, 0x0000000747a00000, 0x0000000747c00000|  0%| F|  |TAMS 0x0000000747a00000, 0x0000000747a00000| Untracked 
|  51|0x0000000747c00000, 0x0000000747c00000, 0x0000000747e00000|  0%| F|  |TAMS 0x0000000747c00000, 0x0000000747c00000| Untracked 
|  52|0x0000000747e00000, 0x0000000747e00000, 0x0000000748000000|  0%| F|  |TAMS 0x0000000747e00000, 0x0000000747e00000| Untracked 
|  53|0x0000000748000000, 0x0000000748000000, 0x0000000748200000|  0%| F|  |TAMS 0x0000000748000000, 0x0000000748000000| Untracked 
|  54|0x0000000748200000, 0x0000000748200000, 0x0000000748400000|  0%| F|  |TAMS 0x0000000748200000, 0x0000000748200000| Untracked 
|  55|0x0000000748400000, 0x0000000748400000, 0x0000000748600000|  0%| F|  |TAMS 0x0000000748400000, 0x0000000748400000| Untracked 
|  56|0x0000000748600000, 0x0000000748600000, 0x0000000748800000|  0%| F|  |TAMS 0x0000000748600000, 0x0000000748600000| Untracked 
|  57|0x0000000748800000, 0x0000000748800000, 0x0000000748a00000|  0%| F|  |TAMS 0x0000000748800000, 0x0000000748800000| Untracked 
|  58|0x0000000748a00000, 0x0000000748a00000, 0x0000000748c00000|  0%| F|  |TAMS 0x0000000748a00000, 0x0000000748a00000| Untracked 
|  59|0x0000000748c00000, 0x0000000748c00000, 0x0000000748e00000|  0%| F|  |TAMS 0x0000000748c00000, 0x0000000748c00000| Untracked 
|  60|0x0000000748e00000, 0x0000000748e00000, 0x0000000749000000|  0%| F|  |TAMS 0x0000000748e00000, 0x0000000748e00000| Untracked 
|  61|0x0000000749000000, 0x0000000749000000, 0x0000000749200000|  0%| F|  |TAMS 0x0000000749000000, 0x0000000749000000| Untracked 
|  62|0x0000000749200000, 0x0000000749200000, 0x0000000749400000|  0%| F|  |TAMS 0x0000000749200000, 0x0000000749200000| Untracked 
|  63|0x0000000749400000, 0x0000000749400000, 0x0000000749600000|  0%| F|  |TAMS 0x0000000749400000, 0x0000000749400000| Untracked 
|  64|0x0000000749600000, 0x0000000749600000, 0x0000000749800000|  0%| F|  |TAMS 0x0000000749600000, 0x0000000749600000| Untracked 
|  65|0x0000000749800000, 0x0000000749800000, 0x0000000749a00000|  0%| F|  |TAMS 0x0000000749800000, 0x0000000749800000| Untracked 
|  66|0x0000000749a00000, 0x0000000749a00000, 0x0000000749c00000|  0%| F|  |TAMS 0x0000000749a00000, 0x0000000749a00000| Untracked 
|  67|0x0000000749c00000, 0x0000000749c00000, 0x0000000749e00000|  0%| F|  |TAMS 0x0000000749c00000, 0x0000000749c00000| Untracked 
|  68|0x0000000749e00000, 0x0000000749e00000, 0x000000074a000000|  0%| F|  |TAMS 0x0000000749e00000, 0x0000000749e00000| Untracked 
|  69|0x000000074a000000, 0x000000074a000000, 0x000000074a200000|  0%| F|  |TAMS 0x000000074a000000, 0x000000074a000000| Untracked 
|  70|0x000000074a200000, 0x000000074a200000, 0x000000074a400000|  0%| F|  |TAMS 0x000000074a200000, 0x000000074a200000| Untracked 
|  71|0x000000074a400000, 0x000000074a400000, 0x000000074a600000|  0%| F|  |TAMS 0x000000074a400000, 0x000000074a400000| Untracked 
|  72|0x000000074a600000, 0x000000074a600000, 0x000000074a800000|  0%| F|  |TAMS 0x000000074a600000, 0x000000074a600000| Untracked 
|  73|0x000000074a800000, 0x000000074a800000, 0x000000074aa00000|  0%| F|  |TAMS 0x000000074a800000, 0x000000074a800000| Untracked 
|  74|0x000000074aa00000, 0x000000074aa00000, 0x000000074ac00000|  0%| F|  |TAMS 0x000000074aa00000, 0x000000074aa00000| Untracked 
|  75|0x000000074ac00000, 0x000000074ac00000, 0x000000074ae00000|  0%| F|  |TAMS 0x000000074ac00000, 0x000000074ac00000| Untracked 
|  76|0x000000074ae00000, 0x000000074ae00000, 0x000000074b000000|  0%| F|  |TAMS 0x000000074ae00000, 0x000000074ae00000| Untracked 
|  77|0x000000074b000000, 0x000000074b000000, 0x000000074b200000|  0%| F|  |TAMS 0x000000074b000000, 0x000000074b000000| Untracked 
|  78|0x000000074b200000, 0x000000074b200000, 0x000000074b400000|  0%| F|  |TAMS 0x000000074b200000, 0x000000074b200000| Untracked 
|  79|0x000000074b400000, 0x000000074b400000, 0x000000074b600000|  0%| F|  |TAMS 0x000000074b400000, 0x000000074b400000| Untracked 
|  80|0x000000074b600000, 0x000000074b600000, 0x000000074b800000|  0%| F|  |TAMS 0x000000074b600000, 0x000000074b600000| Untracked 
|  81|0x000000074b800000, 0x000000074b800000, 0x000000074ba00000|  0%| F|  |TAMS 0x000000074b800000, 0x000000074b800000| Untracked 
|  82|0x000000074ba00000, 0x000000074ba00000, 0x000000074bc00000|  0%| F|  |TAMS 0x000000074ba00000, 0x000000074ba00000| Untracked 
|  83|0x000000074bc00000, 0x000000074bc00000, 0x000000074be00000|  0%| F|  |TAMS 0x000000074bc00000, 0x000000074bc00000| Untracked 
|  84|0x000000074be00000, 0x000000074be00000, 0x000000074c000000|  0%| F|  |TAMS 0x000000074be00000, 0x000000074be00000| Untracked 
|  85|0x000000074c000000, 0x000000074c000000, 0x000000074c200000|  0%| F|  |TAMS 0x000000074c000000, 0x000000074c000000| Untracked 
|  86|0x000000074c200000, 0x000000074c200000, 0x000000074c400000|  0%| F|  |TAMS 0x000000074c200000, 0x000000074c200000| Untracked 
|  87|0x000000074c400000, 0x000000074c400000, 0x000000074c600000|  0%| F|  |TAMS 0x000000074c400000, 0x000000074c400000| Untracked 
|  88|0x000000074c600000, 0x000000074c600000, 0x000000074c800000|  0%| F|  |TAMS 0x000000074c600000, 0x000000074c600000| Untracked 
|  89|0x000000074c800000, 0x000000074c8e1d28, 0x000000074ca00000| 44%| E|  |TAMS 0x000000074c800000, 0x000000074c800000| Complete 
|  90|0x000000074ca00000, 0x000000074cc00000, 0x000000074cc00000|100%| E|CS|TAMS 0x000000074ca00000, 0x000000074ca00000| Complete 
|  91|0x000000074cc00000, 0x000000074ce00000, 0x000000074ce00000|100%| E|CS|TAMS 0x000000074cc00000, 0x000000074cc00000| Complete 
|  92|0x000000074ce00000, 0x000000074d000000, 0x000000074d000000|100%| E|CS|TAMS 0x000000074ce00000, 0x000000074ce00000| Complete 
|  93|0x000000074d000000, 0x000000074d200000, 0x000000074d200000|100%| E|CS|TAMS 0x000000074d000000, 0x000000074d000000| Complete 
|  94|0x000000074d200000, 0x000000074d400000, 0x000000074d400000|100%| E|CS|TAMS 0x000000074d200000, 0x000000074d200000| Complete 
|  95|0x000000074d400000, 0x000000074d600000, 0x000000074d600000|100%| E|CS|TAMS 0x000000074d400000, 0x000000074d400000| Complete 

Card table byte_map: [0x000002a600600000,0x000002a600c00000] _byte_map_base: 0x000002a5fcbf5000

Marking Bits (Prev, Next): (CMBitMap*) 0x000002a66875e250, (CMBitMap*) 0x000002a66875e290
 Prev Bits: [0x000002a601200000, 0x000002a6041a8000)
 Next Bits: [0x000002a6041b0000, 0x000002a607158000)

Polling page: 0x000002a666640000

Metaspace:

Usage:
  Non-class:      6.01 MB capacity,     3.94 MB ( 66%) used,     2.06 MB ( 34%) free+waste,     5.75 KB ( <1%) overhead. 
      Class:    485.00 KB capacity,   260.68 KB ( 54%) used,   222.07 KB ( 46%) free+waste,     2.25 KB ( <1%) overhead. 
       Both:      6.48 MB capacity,     4.20 MB ( 65%) used,     2.28 MB ( 35%) free+waste,     8.00 KB ( <1%) overhead. 

Virtual space:
  Non-class space:        8.00 MB reserved,       6.25 MB ( 78%) committed 
      Class space:        1.00 GB reserved,     512.00 KB ( <1%) committed 
             Both:        1.01 GB reserved,       6.75 MB ( <1%) committed 

Chunk freelists:
   Non-Class:  56.00 KB
       Class:  27.00 KB
        Both:  83.00 KB

MaxMetaspaceSize: 17179869184.00 GB
CompressedClassSpaceSize: 1.00 GB

CodeHeap 'non-profiled nmethods': size=120000Kb used=235Kb max_used=235Kb free=119764Kb
 bounds [0x000002a6783c0000, 0x000002a678630000, 0x000002a67f8f0000]
CodeHeap 'profiled nmethods': size=120000Kb used=1205Kb max_used=1205Kb free=118794Kb
 bounds [0x000002a670e90000, 0x000002a671100000, 0x000002a6783c0000]
CodeHeap 'non-nmethods': size=5760Kb used=1624Kb max_used=1640Kb free=4135Kb
 bounds [0x000002a6708f0000, 0x000002a670b60000, 0x000002a670e90000]
 total_blobs=1767 nmethods=745 adapters=935
 compilation: enabled
              stopped_count=0, restarted_count=0
 full_count=0

Compilation events (20 events):
Event: 0.463 Thread 0x000002a60a0d75c0  736       3       sun.net.www.protocol.jar.Handler::checkNestedProtocol (18 bytes)
Event: 0.463 Thread 0x000002a60a0d75c0 nmethod 736 0x000002a670fba890 code [0x000002a670fbaa40, 0x000002a670fbac08]
Event: 0.463 Thread 0x000002a60a0d75c0  737       3       sun.misc.Unsafe::putLong (11 bytes)
Event: 0.463 Thread 0x000002a60a0d75c0 nmethod 737 0x000002a670fbad10 code [0x000002a670fbaea0, 0x000002a670fbaf98]
Event: 0.464 Thread 0x000002a60a0d75c0  738       3       org.lwjgl.system.MemoryUtil::memPutAddress (29 bytes)
Event: 0.464 Thread 0x000002a60a2da240  739       4       sun.misc.Unsafe::putLong (11 bytes)
Event: 0.464 Thread 0x000002a60a0d75c0 nmethod 738 0x000002a670fbb010 code [0x000002a670fbb1c0, 0x000002a670fbb3b8]
Event: 0.464 Thread 0x000002a60a2da240 nmethod 739 0x000002a6783fab10 code [0x000002a6783fac80, 0x000002a6783facf8]
Event: 0.464 Thread 0x000002a60a0d75c0  740   !   3       java.util.zip.ZipFile$ZipFileInputStream::close (59 bytes)
Event: 0.464 Thread 0x000002a60a0d75c0 nmethod 740 0x000002a670fbb490 code [0x000002a670fbb640, 0x000002a670fbb9a8]
Event: 0.465 Thread 0x000002a60a0d75c0  741       3       java.net.URL::<init> (8 bytes)
Event: 0.465 Thread 0x000002a60a0d75c0 nmethod 741 0x000002a670fbbb90 code [0x000002a670fbbd40, 0x000002a670fbbe68]
Event: 0.467 Thread 0x000002a60a0d75c0  742       3       java.util.zip.ZipCoder$UTF8ZipCoder::toString (12 bytes)
Event: 0.467 Thread 0x000002a60a0d75c0 nmethod 742 0x000002a670fbbf10 code [0x000002a670fbc0c0, 0x000002a670fbc248]
Event: 0.467 Thread 0x000002a60a0d75c0  743       3       java.lang.System$2::newStringUTF8NoRepl (7 bytes)
Event: 0.467 Thread 0x000002a60a0d75c0 nmethod 743 0x000002a670fbc310 code [0x000002a670fbc4c0, 0x000002a670fbc5e8]
Event: 0.467 Thread 0x000002a60a0d75c0  744       3       java.lang.StringCoding::newStringUTF8NoRepl (56 bytes)
Event: 0.467 Thread 0x000002a60a0d75c0 nmethod 744 0x000002a670fbc690 code [0x000002a670fbc8a0, 0x000002a670fbcef8]
Event: 0.468 Thread 0x000002a60a0d75c0  745       3       java.net.URL::toString (5 bytes)
Event: 0.468 Thread 0x000002a60a0d75c0 nmethod 745 0x000002a670fbd190 code [0x000002a670fbd340, 0x000002a670fbd568]

GC Heap History (0 events):
No events

Deoptimization events (20 events):
Event: 0.325 Thread 0x000002a66871b0d0 DEOPT PACKING pc=0x000002a670f4e645 sp=0x000000ea6cdfd970
Event: 0.325 Thread 0x000002a66871b0d0 DEOPT UNPACKING pc=0x000002a67093e23f sp=0x000000ea6cdfcde8 mode 0
Event: 0.325 Thread 0x000002a66871b0d0 DEOPT PACKING pc=0x000002a670f4e645 sp=0x000000ea6cdfd970
Event: 0.325 Thread 0x000002a66871b0d0 DEOPT UNPACKING pc=0x000002a67093e23f sp=0x000000ea6cdfcde8 mode 0
Event: 0.325 Thread 0x000002a66871b0d0 DEOPT PACKING pc=0x000002a670f4e645 sp=0x000000ea6cdfd970
Event: 0.325 Thread 0x000002a66871b0d0 DEOPT UNPACKING pc=0x000002a67093e23f sp=0x000000ea6cdfcde8 mode 0
Event: 0.381 Thread 0x000002a66871b0d0 DEOPT PACKING pc=0x000002a670f87cbf sp=0x000000ea6cdfdaf0
Event: 0.381 Thread 0x000002a66871b0d0 DEOPT UNPACKING pc=0x000002a67093e23f sp=0x000000ea6cdfcf10 mode 0
Event: 0.383 Thread 0x000002a66871b0d0 DEOPT PACKING pc=0x000002a670f71dcf sp=0x000000ea6cdfdac0
Event: 0.383 Thread 0x000002a66871b0d0 DEOPT UNPACKING pc=0x000002a67093e23f sp=0x000000ea6cdfcf58 mode 0
Event: 0.450 Thread 0x000002a66871b0d0 DEOPT PACKING pc=0x000002a670ec5d5f sp=0x000000ea6cdf8140
Event: 0.450 Thread 0x000002a66871b0d0 DEOPT UNPACKING pc=0x000002a67093e23f sp=0x000000ea6cdf7590 mode 0
Event: 0.452 Thread 0x000002a66871b0d0 Uncommon trap: trap_request=0xffffffde fr.pc=0x000002a6783e3bb4 relative=0x00000000000002f4
Event: 0.452 Thread 0x000002a66871b0d0 Uncommon trap: reason=class_check action=maybe_recompile pc=0x000002a6783e3bb4 method=java.util.HashMap.getNode(Ljava/lang/Object;)Ljava/util/HashMap$Node; @ 128 c2
Event: 0.452 Thread 0x000002a66871b0d0 DEOPT PACKING pc=0x000002a6783e3bb4 sp=0x000000ea6cdfbbb0
Event: 0.452 Thread 0x000002a66871b0d0 DEOPT UNPACKING pc=0x000002a67093e42f sp=0x000000ea6cdfbab8 mode 2
Event: 0.470 Thread 0x000002a66871b0d0 Uncommon trap: trap_request=0xffffff54 fr.pc=0x000002a6783face0 relative=0x0000000000000060
Event: 0.470 Thread 0x000002a66871b0d0 Uncommon trap: reason=speculate_null_assert action=make_not_entrant pc=0x000002a6783face0 method=sun.misc.Unsafe.putLong(Ljava/lang/Object;JJ)V @ 7 c2
Event: 0.470 Thread 0x000002a66871b0d0 DEOPT PACKING pc=0x000002a6783face0 sp=0x000000ea6cdfe7a0
Event: 0.470 Thread 0x000002a66871b0d0 DEOPT UNPACKING pc=0x000002a67093e42f sp=0x000000ea6cdfe718 mode 2

Classes unloaded (0 events):
No events

Classes redefined (0 events):
No events

Internal exceptions (20 events):
Event: 0.210 Thread 0x000002a66871b0d0 Exception <a 'java/lang/NoSuchMethodError'{0x000000074cfe5f28}: 'int java.lang.invoke.DirectMethodHandle$Holder.invokeSpecial(java.lang.Object, java.lang.Object, java.lang.Object)'> (0x000000074cfe5f28) 
thrown [./open/src/hotspot/share/interpreter/linkResolver.cpp, line 782]
Event: 0.230 Thread 0x000002a66871b0d0 Exception <a 'sun/nio/fs/WindowsException'{0x000000074cc2e650}> (0x000000074cc2e650) 
thrown [./open/src/hotspot/share/prims/jni.cpp, line 578]
Event: 0.230 Thread 0x000002a66871b0d0 Exception <a 'sun/nio/fs/WindowsException'{0x000000074cc2eb90}> (0x000000074cc2eb90) 
thrown [./open/src/hotspot/share/prims/jni.cpp, line 578]
Event: 0.250 Thread 0x000002a66871b0d0 Exception <a 'java/lang/NoSuchMethodError'{0x000000074ccc98d8}: 'void java.lang.invoke.DirectMethodHandle$Holder.invokeStaticInit(java.lang.Object, java.lang.Object)'> (0x000000074ccc98d8) 
thrown [./open/src/hotspot/share/interpreter/linkResolver.cpp, line 782]
Event: 0.279 Thread 0x000002a66871b0d0 Exception <a 'sun/nio/fs/WindowsException'{0x000000074cd07678}> (0x000000074cd07678) 
thrown [./open/src/hotspot/share/prims/jni.cpp, line 578]
Event: 0.279 Thread 0x000002a66871b0d0 Exception <a 'sun/nio/fs/WindowsException'{0x000000074cd079d8}> (0x000000074cd079d8) 
thrown [./open/src/hotspot/share/prims/jni.cpp, line 578]
Event: 0.289 Thread 0x000002a66871b0d0 Exception <a 'java/lang/NoSuchMethodError'{0x000000074cd570a8}: 'int java.lang.invoke.DirectMethodHandle$Holder.invokeStaticInit(java.lang.Object, java.lang.Object, int, long)'> (0x000000074cd570a8) 
thrown [./open/src/hotspot/share/interpreter/linkResolver.cpp, line 782]
Event: 0.290 Thread 0x000002a66871b0d0 Exception <a 'java/lang/NoSuchMethodError'{0x000000074cd5ce20}: 'java.lang.Object java.lang.invoke.DirectMethodHandle$Holder.newInvokeSpecial(java.lang.Object, java.lang.Object, int)'> (0x000000074cd5ce20) 
thrown [./open/src/hotspot/share/interpreter/linkResolver.cpp, line 782]
Event: 0.292 Thread 0x000002a66871b0d0 Exception <a 'java/lang/NoSuchMethodError'{0x000000074cd6be38}: 'int java.lang.invoke.DirectMethodHandle$Holder.invokeStaticInit(java.lang.Object, java.lang.Object, long, long)'> (0x000000074cd6be38) 
thrown [./open/src/hotspot/share/interpreter/linkResolver.cpp, line 782]
Event: 0.292 Thread 0x000002a66871b0d0 Exception <a 'java/lang/NoSuchMethodError'{0x000000074cd72560}: 'java.lang.Object java.lang.invoke.DirectMethodHandle$Holder.newInvokeSpecial(java.lang.Object, java.lang.Object, long)'> (0x000000074cd72560) 
thrown [./open/src/hotspot/share/interpreter/linkResolver.cpp, line 782]
Event: 0.293 Thread 0x000002a66871b0d0 Exception <a 'java/lang/NoSuchMethodError'{0x000000074cd76950}: 'java.lang.Object java.lang.invoke.Invokers$Holder.linkToTargetMethod(java.lang.Object, long, java.lang.Object)'> (0x000000074cd76950) 
thrown [./open/src/hotspot/share/interpreter/linkResolver.cpp, line 782]
Event: 0.294 Thread 0x000002a66871b0d0 Exception <a 'java/lang/NoSuchMethodError'{0x000000074cd7e330}: 'int java.lang.invoke.DirectMethodHandle$Holder.invokeStaticInit(java.lang.Object, java.lang.Object, java.lang.Object, long)'> (0x000000074cd7e330) 
thrown [./open/src/hotspot/share/interpreter/linkResolver.cpp, line 782]
Event: 0.369 Thread 0x000002a66871b0d0 Exception <a 'sun/nio/fs/WindowsException'{0x000000074cdcf1f0}> (0x000000074cdcf1f0) 
thrown [./open/src/hotspot/share/prims/jni.cpp, line 578]
Event: 0.369 Thread 0x000002a66871b0d0 Exception <a 'sun/nio/fs/WindowsException'{0x000000074cdcf560}> (0x000000074cdcf560) 
thrown [./open/src/hotspot/share/prims/jni.cpp, line 578]
Event: 0.410 Thread 0x000002a66871b0d0 Exception <a 'sun/nio/fs/WindowsException'{0x000000074ca2ddb8}> (0x000000074ca2ddb8) 
thrown [./open/src/hotspot/share/prims/jni.cpp, line 578]
Event: 0.410 Thread 0x000002a66871b0d0 Exception <a 'sun/nio/fs/WindowsException'{0x000000074ca2e140}> (0x000000074ca2e140) 
thrown [./open/src/hotspot/share/prims/jni.cpp, line 578]
Event: 0.455 Thread 0x000002a66871b0d0 Exception <a 'sun/nio/fs/WindowsException'{0x000000074cbf6858}> (0x000000074cbf6858) 
thrown [./open/src/hotspot/share/prims/jni.cpp, line 578]
Event: 0.455 Thread 0x000002a66871b0d0 Exception <a 'sun/nio/fs/WindowsException'{0x000000074cbf6be8}> (0x000000074cbf6be8) 
thrown [./open/src/hotspot/share/prims/jni.cpp, line 578]
Event: 0.461 Thread 0x000002a66871b0d0 Exception <a 'sun/nio/fs/WindowsException'{0x000000074c8101c8}> (0x000000074c8101c8) 
thrown [./open/src/hotspot/share/prims/jni.cpp, line 578]
Event: 0.461 Thread 0x000002a66871b0d0 Exception <a 'sun/nio/fs/WindowsException'{0x000000074c810498}> (0x000000074c810498) 
thrown [./open/src/hotspot/share/prims/jni.cpp, line 578]

Events (20 events):
Event: 0.286 loading class sun/misc/Unsafe done
Event: 0.286 loading class jdk/internal/reflect/UnsafeFieldAccessorFactory
Event: 0.286 loading class jdk/internal/reflect/UnsafeFieldAccessorFactory done
Event: 0.287 loading class jdk/internal/reflect/UnsafeQualifiedStaticObjectFieldAccessorImpl
Event: 0.287 loading class jdk/internal/reflect/UnsafeQualifiedStaticFieldAccessorImpl
Event: 0.287 loading class jdk/internal/reflect/UnsafeQualifiedStaticFieldAccessorImpl done
Event: 0.287 loading class jdk/internal/reflect/UnsafeQualifiedStaticObjectFieldAccessorImpl done
Event: 0.288 loading class java/util/function/LongPredicate
Event: 0.288 loading class java/util/function/LongPredicate done
Event: 0.290 loading class jdk/internal/access/foreign/MemorySegmentProxy
Event: 0.290 loading class jdk/internal/access/foreign/MemorySegmentProxy done
Event: 0.295 loading class java/math/MutableBigInteger
Event: 0.295 loading class java/math/MutableBigInteger done
Event: 0.296 loading class java/nio/InvalidMarkException
Event: 0.296 loading class java/nio/InvalidMarkException done
Event: 0.296 loading class java/nio/BufferUnderflowException
Event: 0.296 loading class java/nio/BufferUnderflowException done
Event: 0.438 loading class jdk/internal/math/FDBigInteger
Event: 0.439 loading class jdk/internal/math/FDBigInteger done
Event: 0.457 Loaded shared library C:\Users\User\AppData\Local\Temp\lwjgl_User\3.3.3+5\x64\lwjgl_opengl.dll


Dynamic libraries:
0x00007ff7a27f0000 - 0x00007ff7a27fd000 	C:\Program Files\Java\jdk-15.0.1\bin\java.exe
0x00007ffe12690000 - 0x00007ffe12888000 	C:\WINDOWS\SYSTEM32\ntdll.dll
0x00007ffe12050000 - 0x00007ffe1210d000 	C:\WINDOWS\System32\KERNEL32.DLL
0x00007ffe0fe30000 - 0x00007ffe10126000 	C:\WINDOWS\System32\KERNELBASE.dll
0x00007ffe0d5c0000 - 0x00007ffe0d650000 	C:\WINDOWS\SYSTEM32\apphelp.dll
0x00007ffdfda90000 - 0x00007ffdfdaf3000 	C:\WINDOWS\SYSTEM32\AcGenral.DLL
0x00007ffe12580000 - 0x00007ffe1261e000 	C:\WINDOWS\System32\msvcrt.dll
0x00007ffe11840000 - 0x00007ffe118df000 	C:\WINDOWS\System32\sechost.dll
0x00007ffe11b00000 - 0x00007ffe11c26000 	C:\WINDOWS\System32\RPCRT4.dll
0x00007ffe0fe00000 - 0x00007ffe0fe27000 	C:\WINDOWS\System32\bcrypt.dll
0x00007ffe111e0000 - 0x00007ffe11235000 	C:\WINDOWS\System32\SHLWAPI.dll
0x00007ffe122a0000 - 0x00007ffe1243e000 	C:\WINDOWS\System32\USER32.dll
0x00007ffe104b0000 - 0x00007ffe104d2000 	C:\WINDOWS\System32\win32u.dll
0x00007ffe12620000 - 0x00007ffe1264b000 	C:\WINDOWS\System32\GDI32.dll
0x00007ffe10230000 - 0x00007ffe10347000 	C:\WINDOWS\System32\gdi32full.dll
0x00007ffe104e0000 - 0x00007ffe1057d000 	C:\WINDOWS\System32\msvcp_win.dll
0x00007ffe105d0000 - 0x00007ffe106d0000 	C:\WINDOWS\System32\ucrtbase.dll
0x00007ffe11240000 - 0x00007ffe1136b000 	C:\WINDOWS\System32\ole32.dll
0x00007ffe11cf0000 - 0x00007ffe12044000 	C:\WINDOWS\System32\combase.dll
0x00007ffe109c0000 - 0x00007ffe11105000 	C:\WINDOWS\System32\SHELL32.dll
0x00007ffe11120000 - 0x00007ffe111d3000 	C:\WINDOWS\System32\ADVAPI32.dll
0x00007ffe0fc00000 - 0x00007ffe0fc2e000 	C:\WINDOWS\SYSTEM32\USERENV.dll
0x00007ffe03cd0000 - 0x00007ffe03ced000 	C:\WINDOWS\SYSTEM32\MPR.dll
0x00007ffe0fc30000 - 0x00007ffe0fc62000 	C:\WINDOWS\SYSTEM32\SspiCli.dll
0x00007ffe11ac0000 - 0x00007ffe11af2000 	C:\WINDOWS\System32\IMM32.DLL
0x00007ffe05380000 - 0x00007ffe05398000 	C:\Program Files\Java\jdk-15.0.1\bin\jli.dll
0x00007ffe04460000 - 0x00007ffe04479000 	C:\Program Files\Java\jdk-15.0.1\bin\VCRUNTIME140.dll
0x00007ffe060a0000 - 0x00007ffe0633a000 	C:\WINDOWS\WinSxS\amd64_microsoft.windows.common-controls_6595b64144ccf1df_6.0.19041.3636_none_60b6a03d71f818d5\COMCTL32.dll
0x00007ffe0c360000 - 0x00007ffe0c36c000 	C:\Program Files\Java\jdk-15.0.1\bin\vcruntime140_1.dll
0x00007ffde4000000 - 0x00007ffde4091000 	C:\Program Files\Java\jdk-15.0.1\bin\msvcp140.dll
0x00007ffd9ea80000 - 0x00007ffd9f5de000 	C:\Program Files\Java\jdk-15.0.1\bin\server\jvm.dll
0x00007ffe11110000 - 0x00007ffe11118000 	C:\WINDOWS\System32\PSAPI.DLL
0x00007ffe040d0000 - 0x00007ffe040f7000 	C:\WINDOWS\SYSTEM32\WINMM.dll
0x00007ffdf1ed0000 - 0x00007ffdf1ed9000 	C:\WINDOWS\SYSTEM32\WSOCK32.dll
0x00007ffe0b450000 - 0x00007ffe0b45a000 	C:\WINDOWS\SYSTEM32\VERSION.dll
0x00007ffe12510000 - 0x00007ffe1257b000 	C:\WINDOWS\System32\WS2_32.dll
0x00007ffe0dbe0000 - 0x00007ffe0dbf2000 	C:\WINDOWS\SYSTEM32\kernel.appcore.dll
0x00007ffe070d0000 - 0x00007ffe070da000 	C:\Program Files\Java\jdk-15.0.1\bin\jimage.dll
0x00007ffe09a80000 - 0x00007ffe09c64000 	C:\WINDOWS\SYSTEM32\DBGHELP.DLL
0x00007ffe09950000 - 0x00007ffe09984000 	C:\WINDOWS\SYSTEM32\dbgcore.DLL
0x00007ffe10130000 - 0x00007ffe101b2000 	C:\WINDOWS\System32\bcryptPrimitives.dll
0x00007ffe03e30000 - 0x00007ffe03e55000 	C:\Program Files\Java\jdk-15.0.1\bin\java.dll
0x00007ffe0dde0000 - 0x00007ffe0e57c000 	C:\WINDOWS\SYSTEM32\windows.storage.dll
0x00007ffe0f5d0000 - 0x00007ffe0f5fe000 	C:\WINDOWS\SYSTEM32\Wldp.dll
0x00007ffe12440000 - 0x00007ffe1250d000 	C:\WINDOWS\System32\OLEAUT32.dll
0x00007ffe106d0000 - 0x00007ffe1077d000 	C:\WINDOWS\System32\SHCORE.dll
0x00007ffe0fc80000 - 0x00007ffe0fca5000 	C:\WINDOWS\SYSTEM32\profapi.dll
0x00007ffe03340000 - 0x00007ffe03359000 	C:\Program Files\Java\jdk-15.0.1\bin\net.dll
0x00007ffe09e80000 - 0x00007ffe09f8a000 	C:\WINDOWS\SYSTEM32\WINHTTP.dll
0x00007ffe0f3b0000 - 0x00007ffe0f41a000 	C:\WINDOWS\system32\mswsock.dll
0x00007ffe03280000 - 0x00007ffe03292000 	C:\Program Files\Java\jdk-15.0.1\bin\nio.dll
0x00007ffe01fa0000 - 0x00007ffe01fb8000 	C:\Program Files\Java\jdk-15.0.1\bin\zip.dll
0x00007ffe05c10000 - 0x00007ffe05c20000 	C:\Program Files\Java\jdk-15.0.1\bin\verify.dll
0x00007ffe07160000 - 0x00007ffe0717a000 	C:\Program Files\JetBrains\IntelliJ IDEA Community Edition 2019.3\bin\breakgen64.dll
0x00007ffde71f0000 - 0x00007ffde726b000 	C:\Users\User\AppData\Local\Temp\lwjgl_User\3.3.3+5\x64\lwjgl.dll
0x00007ffddba80000 - 0x00007ffddbbfa000 	C:\Users\User\AppData\Local\Temp\lwjgl_User\3.3.3+5\x64\draco.dll
0x00007ffdb6400000 - 0x00007ffdb69d0000 	C:\Users\User\AppData\Local\Temp\lwjgl_User\3.3.3+5\x64\assimp.dll
0x00007ffdc95d0000 - 0x00007ffdc9840000 	C:\Users\User\AppData\Local\Temp\lwjgl_User\3.3.3+5\x64\jemalloc.dll
0x00007ffde7190000 - 0x00007ffde71ee000 	C:\Users\User\AppData\Local\Temp\lwjgl_User\3.3.3+5\x64\lwjgl_opengl.dll
0x00007ffdffef0000 - 0x00007ffe00015000 	C:\WINDOWS\SYSTEM32\opengl32.dll
0x00007ffdfe220000 - 0x00007ffdfe24c000 	C:\WINDOWS\SYSTEM32\GLU32.dll

dbghelp: loaded successfully - version: 4.0.5 - missing functions: none
symbol engine: initialized successfully - sym options: 0x614 - pdb path: .;C:\Program Files\Java\jdk-15.0.1\bin;C:\WINDOWS\SYSTEM32;C:\WINDOWS\WinSxS\amd64_microsoft.windows.common-controls_6595b64144ccf1df_6.0.19041.3636_none_60b6a03d71f818d5;C:\Program Files\Java\jdk-15.0.1\bin\server;C:\Program Files\JetBrains\IntelliJ IDEA Community Edition 2019.3\bin;C:\Users\User\AppData\Local\Temp\lwjgl_User\3.3.3+5\x64

VM Arguments:
jvm_args: -Didea.launcher.port=55629 -Didea.launcher.bin.path=C:\Program Files\JetBrains\IntelliJ IDEA Community Edition 2019.3\bin -Dfile.encoding=UTF-8 
java_command: com.intellij.rt.execution.application.AppMainV2 org.example.Main
java_class_path (initial): C:\Users\User\Desktop\Eilan\VulkanLWJGL\target\classes;C:\Users\User\.m2\repository\org\lwjgl\lwjgl\3.3.3\lwjgl-3.3.3.jar;C:\Users\User\.m2\repository\org\lwjgl\lwjgl-assimp\3.3.3\lwjgl-assimp-3.3.3.jar;C:\Users\User\.m2\repository\org\lwjgl\lwjgl-bgfx\3.3.3\lwjgl-bgfx-3.3.3.jar;C:\Users\User\.m2\repository\org\lwjgl\lwjgl-cuda\3.3.3\lwjgl-cuda-3.3.3.jar;C:\Users\User\.m2\repository\org\lwjgl\lwjgl-egl\3.3.3\lwjgl-egl-3.3.3.jar;C:\Users\User\.m2\repository\org\lwjgl\lwjgl-fmod\3.3.3\lwjgl-fmod-3.3.3.jar;C:\Users\User\.m2\repository\org\lwjgl\lwjgl-freetype\3.3.3\lwjgl-freetype-3.3.3.jar;C:\Users\User\.m2\repository\org\lwjgl\lwjgl-glfw\3.3.3\lwjgl-glfw-3.3.3.jar;C:\Users\User\.m2\repository\org\lwjgl\lwjgl-harfbuzz\3.3.3\lwjgl-harfbuzz-3.3.3.jar;C:\Users\User\.m2\repository\org\lwjgl\lwjgl-hwloc\3.3.3\lwjgl-hwloc-3.3.3.jar;C:\Users\User\.m2\repository\org\lwjgl\lwjgl-jawt\3.3.3\lwjgl-jawt-3.3.3.jar;C:\Users\User\.m2\repository\org\lwjgl\lwjgl-jemalloc\3.3.3\lwjgl-jemalloc-3.3.3.jar;C:\Users\User\.m2\repository\org\lwjgl\lwjgl-ktx\3.3.3\lwjgl-ktx-3.3.3.jar;C:\Users\User\.m2\repository\org\lwjgl\lwjgl-libdivide\3.3.3\lwjgl-libdivide-3.3.3.jar;C:\Users\User\.m2\repository\org\lwjgl\lwjgl-llvm\3.3.3\lwjgl-llvm-3.3.3.jar;C:\Users\User\.m2\repository\org\lwjgl\lwjgl-lmdb\3.3.3\lwjgl-lmdb-3.3.3.jar;C:\Users\User\.m2\repository\org\lwjgl\lwjgl-lz4\3.3.3\lwjgl-lz4-3.3.3.jar;C:\Users\User\.m2\repository\org\lwjgl\lwjgl-meow\3.3.3\lwjgl-meow-3.3.3.jar;C:\Users\User\.m2\repository\org\lwjgl\lwjgl-meshoptimizer\3.3.3\lwjgl-meshoptimizer-3.3.3.jar;C:\Users\User\.m2\repository\org\lwjgl\lwjgl-nanovg\3.3.3\lwjgl-nanovg-3.3.3.jar;C:\Users\User\.m2\repository\org\lwjgl\lwjgl-nfd\3.3.3\lwjgl-nfd-3.3.3.jar;C:\Users\User\.m2\repository\org\lwjgl\lwjgl-nuklear\3.3.3\lwjgl-nuklear-3.3.3.jar;C:\Users\User\.m2\repository\org\lwjgl\lwjgl-odbc\3.3.3\lwjgl-odbc-3.3.3.jar;C:\Users\User\.m2\repository\org\lwjgl\lwjgl-openal\3.3.3\lwjgl-openal-3.3.3.jar;C:\Users\User\
Launcher Type: SUN_STANDARD

[Global flags]
     intx CICompilerCount                          = 4                                         {product} {ergonomic}
     uint ConcGCThreads                            = 2                                         {product} {ergonomic}
     uint G1ConcRefinementThreads                  = 8                                         {product} {ergonomic}
   size_t G1HeapRegionSize                         = 2097152                                   {product} {ergonomic}
    uintx GCDrainStackTargetSize                   = 64                                        {product} {ergonomic}
   size_t InitialHeapSize                          = 201326592                                 {product} {ergonomic}
   size_t MarkStackSize                            = 4194304                                   {product} {ergonomic}
   size_t MaxHeapSize                              = 3198156800                                {product} {ergonomic}
   size_t MaxNewSize                               = 1918894080                                {product} {ergonomic}
   size_t MinHeapDeltaBytes                        = 2097152                                   {product} {ergonomic}
   size_t MinHeapSize                              = 8388608                                   {product} {ergonomic}
    uintx NonNMethodCodeHeapSize                   = 5839372                                {pd product} {ergonomic}
    uintx NonProfiledCodeHeapSize                  = 122909434                              {pd product} {ergonomic}
    uintx ProfiledCodeHeapSize                     = 122909434                              {pd product} {ergonomic}
    uintx ReservedCodeCacheSize                    = 251658240                              {pd product} {ergonomic}
     bool SegmentedCodeCache                       = true                                      {product} {ergonomic}
   size_t SoftMaxHeapSize                          = 3198156800                             {manageable} {ergonomic}
     bool UseCompressedClassPointers               = true                                 {lp64_product} {ergonomic}
     bool UseCompressedOops                        = true                                 {lp64_product} {ergonomic}
     bool UseG1GC                                  = true                                      {product} {ergonomic}
     bool UseLargePagesIndividualAllocation        = false                                  {pd product} {ergonomic}

Logging:
Log output configuration:
 #0: stdout all=warning uptime,level,tags
 #1: stderr all=off uptime,level,tags

Environment Variables:
JAVA_HOME=C:\Program Files\Java\jdk-9
PATH=C:\VulkanSDK\1.3.275.0\Bin;C:\VulkanSDK\1.3.204.0\Bin;C:\Python39\Scripts\;C:\Python39\;C:\ProgramData\Oracle\Java\javapath;C:\Program Files\Intel\iCLS Client\;C:\Windows\system32;C:\Windows;C:\Windows\System32\Wbem;C:\Windows\System32\WindowsPowerShell\v1.0\;C:\Program Files (x86)\NVIDIA Corporation\PhysX\Common;C:\Program Files (x86)\Brackets\command;C:\WINDOWS\system32;C:\WINDOWS;C:\WINDOWS\System32\Wbem;C:\WINDOWS\System32\WindowsPowerShell\v1.0\;C:\Program Files (x86)\GtkSharp\2.12\bin;C:\WINDOWS\System32\OpenSSH\;C:\Program Files\Git\cmd;C:\Program Files\NVIDIA Corporation\NVIDIA NvDLISR;C:\WINDOWS\system32;C:\WINDOWS;C:\WINDOWS\System32\Wbem;C:\WINDOWS\System32\WindowsPowerShell\v1.0\;C:\WINDOWS\System32\OpenSSH\;C:\Gradle\gradle-5.4.1\gradle-5.4.1\bin;C:\Program Files\Java\jdk-9\bin;C:\Program Files\python;C:\Users\User\AppData\Roaming\nvm;C:\Program Files\nodejs;C:\ProgramData\chocolatey\bin;C:\Program Files\CMake\bin;C:\Program Files\PostgreSQL\13\bin;C:\Program Files\dotnet\;C:\Program Files (x86)\Intel\Intel(R) Management Engine Components\DAL;C:\Program Files\Intel\Intel(R) Management Engine Components\DAL;C:\Program Files\PostgreSQL\15\bin;C:\Users\User\Desktop\Tools\fbx-conv-master\fbx-conv;C:\Users\User\Desktop\Tools\model-packer;C:\Users\User\anaconda3;C:\Users\User\anaconda3\Library\mingw-w64\bin;C:\Users\User\anaconda3\Library\usr\bin;C:\Users\User\anaconda3\Library\bin;C:\Users\User\anaconda3\Scripts;C:\Python38\Scripts\;C:\Python38\;C:\Users\User\AppData\Local\Microsoft\WindowsApps;C:\Users\User\AppData\Local\atom\bin;C:\Users\User\AppData\Local\Microsoft\WindowsApps;C:\Users\User\AppData\Local\Programs\Microsoft VS Code\bin;C:\Users\User\AppData\Roaming\nvm;C:\Program Files\nodejs;C:\Users\User\Desktop\Tools\node-v10.2.1-win-x86\node-v10.2.1-win-x86;C:\Development\Android\SDK\platform-tools;C:\Gradle\gradle-6.8.3\bin;C:\Program Files\heroku\bin;C:\Users\User\.dotnet\tools;C:\VulkanSDK\1.3.204.0\Bin;C:\Program Files\PostgreSQL\15\bin;C:\Users\
USERNAME=User
OS=Windows_NT
PROCESSOR_IDENTIFIER=Intel64 Family 6 Model 158 Stepping 9, GenuineIntel



---------------  S Y S T E M  ---------------

OS:
 Windows 10 , 64 bit Build 19041 (10.0.19041.3636)
OS uptime: 18 days 7:31 hours
HyperV virtualization detected

CPU: total 8 (initial active 8) (4 cores per cpu, 2 threads per core) family 6 model 158 stepping 9 microcode 0xea, cmov, cx8, fxsr, mmx, sse, sse2, sse3, ssse3, sse4.1, sse4.2, popcnt, vzeroupper, avx, avx2, aes, clmul, erms, rtm, 3dnowpref, lzcnt, ht, tsc, tscinvbit, bmi1, bmi2, adx, fma, clflush, clflushopt

Memory: 4k page, system-wide physical 12199M (3309M free)
TotalPageFile size 27559M (AvailPageFile size 8310M)
current process WorkingSet (physical memory assigned to process): 63M, peak: 63M
current process commit charge ("private bytes"): 302M, peak: 302M

vm_info: OpenJDK 64-Bit Server VM (15.0.1+9-18) for windows-amd64 JRE (15.0.1+9-18), built on Sep 15 2020 14:39:31 by "mach5one" with unknown MS VC++:1925

END.
